2015-02-17 17:12:56 Error: [MissingControllerException] Controller class Controller could not be found.
Exception Attributes: array (
  'class' => 'Controller',
  'plugin' => NULL,
)
Request URL: /app/
Stack Trace:
#0 /var/www/bcdoors.it.ucla.edu/app/app/webroot/index.php(110): Dispatcher->dispatch(Object(CakeRequest), Object(CakeResponse))
#1 {main}
2015-02-17 17:14:33 Error: [MissingControllerException] Controller class Controller could not be found.
Exception Attributes: array (
  'class' => 'Controller',
  'plugin' => NULL,
)
Request URL: /app/
Stack Trace:
#0 /var/www/bcdoors.it.ucla.edu/app/app/webroot/index.php(110): Dispatcher->dispatch(Object(CakeRequest), Object(CakeResponse))
#1 {main}
2015-02-17 17:14:58 Error: [MissingControllerException] Controller class Controller could not be found.
Exception Attributes: array (
  'class' => 'Controller',
  'plugin' => NULL,
)
Request URL: /app/
Stack Trace:
#0 /var/www/bcdoors.it.ucla.edu/app/app/webroot/index.php(110): Dispatcher->dispatch(Object(CakeRequest), Object(CakeResponse))
#1 {main}
2015-02-17 17:15:16 Error: [MissingControllerException] Controller class Controller could not be found.
Exception Attributes: array (
  'class' => 'Controller',
  'plugin' => NULL,
)
Request URL: /app/
Stack Trace:
#0 /var/www/bcdoors.it.ucla.edu/app/app/webroot/index.php(110): Dispatcher->dispatch(Object(CakeRequest), Object(CakeResponse))
#1 {main}
2015-02-17 17:15:42 Error: [MissingControllerException] Controller class Controller could not be found.
Exception Attributes: array (
  'class' => 'Controller',
  'plugin' => NULL,
)
Request URL: /app/
Stack Trace:
#0 /var/www/bcdoors.it.ucla.edu/app/app/webroot/index.php(110): Dispatcher->dispatch(Object(CakeRequest), Object(CakeResponse))
#1 {main}
2015-02-17 17:15:46 Error: [MissingControllerException] Controller class Controller could not be found.
Exception Attributes: array (
  'class' => 'Controller',
  'plugin' => NULL,
)
Request URL: /app/
Stack Trace:
#0 /var/www/bcdoors.it.ucla.edu/app/app/webroot/index.php(110): Dispatcher->dispatch(Object(CakeRequest), Object(CakeResponse))
#1 {main}
2015-02-17 17:16:06 Error: [MissingControllerException] Controller class Controller could not be found.
Exception Attributes: array (
  'class' => 'Controller',
  'plugin' => NULL,
)
Request URL: /app/
Stack Trace:
#0 /var/www/bcdoors.it.ucla.edu/app/app/webroot/index.php(110): Dispatcher->dispatch(Object(CakeRequest), Object(CakeResponse))
#1 {main}
2015-02-17 17:16:31 Error: [MissingControllerException] Controller class Controller could not be found.
Exception Attributes: array (
  'class' => 'Controller',
  'plugin' => NULL,
)
Request URL: /app/
Stack Trace:
#0 /var/www/bcdoors.it.ucla.edu/app/app/webroot/index.php(110): Dispatcher->dispatch(Object(CakeRequest), Object(CakeResponse))
#1 {main}
2015-02-17 17:17:18 Error: [MissingControllerException] Controller class Controller could not be found.
Exception Attributes: array (
  'class' => 'Controller',
  'plugin' => NULL,
)
Request URL: /app/
Stack Trace:
#0 /var/www/bcdoors.it.ucla.edu/app/app/webroot/index.php(110): Dispatcher->dispatch(Object(CakeRequest), Object(CakeResponse))
#1 {main}
2015-02-17 17:22:51 Error: [MissingControllerException] Controller class Controller could not be found.
Exception Attributes: array (
  'class' => 'Controller',
  'plugin' => NULL,
)
Request URL: /app/
Stack Trace:
#0 /var/www/bcdoors.it.ucla.edu/app/app/webroot/index.php(110): Dispatcher->dispatch(Object(CakeRequest), Object(CakeResponse))
#1 {main}
2015-02-17 17:33:17 Error: [MissingControllerException] Controller class Controller could not be found.
Exception Attributes: array (
  'class' => 'Controller',
  'plugin' => NULL,
)
Request URL: /app/
Stack Trace:
#0 /var/www/bcdoors.it.ucla.edu/app/app/webroot/index.php(110): Dispatcher->dispatch(Object(CakeRequest), Object(CakeResponse))
#1 {main}
2015-02-17 17:33:20 Error: [MissingControllerException] Controller class Controller could not be found.
Exception Attributes: array (
  'class' => 'Controller',
  'plugin' => NULL,
)
Request URL: /app/
Stack Trace:
#0 /var/www/bcdoors.it.ucla.edu/app/app/webroot/index.php(110): Dispatcher->dispatch(Object(CakeRequest), Object(CakeResponse))
#1 {main}
2015-02-17 18:44:04 Error: [MissingControllerException] Controller class Uperws.it.ucla.eduController could not be found.
Exception Attributes: array (
  'class' => 'Uperws.it.ucla.eduController',
  'plugin' => NULL,
)
Request URL: /app/uperws.it.ucla.edu/grouper-ws/servicesRest/xml/v2_1_5/subjects?wsLiteObjectType=WsRestGetSubjectsLiteRequest&searchString=804554016&subjectAttributeNames=uclauniversityid%2Cuclalogonid%2Cedupersonprincipalname
Stack Trace:
#0 /var/www/bcdoors.it.ucla.edu/app/app/webroot/index.php(110): Dispatcher->dispatch(Object(CakeRequest), Object(CakeResponse))
#1 {main}
2015-02-18 09:41:59 Error: [MissingActionException] Action SystemController::cache() could not be found.
Exception Attributes: array (
  'controller' => 'SystemController',
  'action' => 'cache',
)
Request URL: /app/systems/cache
Stack Trace:
#0 /var/www/bcdoors.it.ucla.edu/app/lib/Cake/Routing/Dispatcher.php(191): Controller->invokeAction(Object(CakeRequest))
#1 /var/www/bcdoors.it.ucla.edu/app/lib/Cake/Routing/Dispatcher.php(165): Dispatcher->_invoke(Object(SystemsController), Object(CakeRequest))
#2 /var/www/bcdoors.it.ucla.edu/app/app/webroot/index.php(110): Dispatcher->dispatch(Object(CakeRequest), Object(CakeResponse))
#3 {main}
2015-02-19 14:14:18 Error: [MissingActionException] Action GeneralController::sessions() could not be found.
Exception Attributes: array (
  'controller' => 'GeneralController',
  'action' => 'sessions',
)
Request URL: /app/general/sessions
Stack Trace:
#0 /var/www/bcdoors.it.ucla.edu/app/lib/Cake/Routing/Dispatcher.php(191): Controller->invokeAction(Object(CakeRequest))
#1 /var/www/bcdoors.it.ucla.edu/app/lib/Cake/Routing/Dispatcher.php(165): Dispatcher->_invoke(Object(GeneralController), Object(CakeRequest))
#2 /var/www/bcdoors.it.ucla.edu/app/app/webroot/index.php(110): Dispatcher->dispatch(Object(CakeRequest), Object(CakeResponse))
#3 {main}
2015-02-24 12:41:11 Error: [MissingActionException] Action AppController::general() could not be found.
Exception Attributes: array (
  'controller' => 'AppController',
  'action' => 'general',
)
Request URL: /app/app/general/headers
Stack Trace:
#0 /var/www/bcdoors.it.ucla.edu/app/lib/Cake/Routing/Dispatcher.php(191): Controller->invokeAction(Object(CakeRequest))
#1 /var/www/bcdoors.it.ucla.edu/app/lib/Cake/Routing/Dispatcher.php(165): Dispatcher->_invoke(Object(AppController), Object(CakeRequest))
#2 /var/www/bcdoors.it.ucla.edu/app/app/webroot/index.php(110): Dispatcher->dispatch(Object(CakeRequest), Object(CakeResponse))
#3 {main}
2015-02-24 12:41:34 Error: [MissingActionException] Action AppController::general() could not be found.
Exception Attributes: array (
  'controller' => 'AppController',
  'action' => 'general',
)
Request URL: /app/app/general/headers
Stack Trace:
#0 /var/www/bcdoors.it.ucla.edu/app/lib/Cake/Routing/Dispatcher.php(191): Controller->invokeAction(Object(CakeRequest))
#1 /var/www/bcdoors.it.ucla.edu/app/lib/Cake/Routing/Dispatcher.php(165): Dispatcher->_invoke(Object(AppController), Object(CakeRequest))
#2 /var/www/bcdoors.it.ucla.edu/app/app/webroot/index.php(110): Dispatcher->dispatch(Object(CakeRequest), Object(CakeResponse))
#3 {main}
2015-02-24 15:39:56 Error: [MissingActionException] Action AppController::webroot() could not be found.
Exception Attributes: array (
  'controller' => 'AppController',
  'action' => 'webroot',
)
Request URL: /app/app/webroot/general/headers
Stack Trace:
#0 /var/www/bcdoors.it.ucla.edu/app/lib/Cake/Routing/Dispatcher.php(191): Controller->invokeAction(Object(CakeRequest))
#1 /var/www/bcdoors.it.ucla.edu/app/lib/Cake/Routing/Dispatcher.php(165): Dispatcher->_invoke(Object(AppController), Object(CakeRequest))
#2 /var/www/bcdoors.it.ucla.edu/app/app/webroot/index.php(110): Dispatcher->dispatch(Object(CakeRequest), Object(CakeResponse))
#3 {main}
2015-02-24 15:49:53 Error: [MissingActionException] Action AppController::webroot() could not be found.
Exception Attributes: array (
  'controller' => 'AppController',
  'action' => 'webroot',
)
Request URL: /app/app/webroot/general/headers
Stack Trace:
#0 /var/www/bcdoors.it.ucla.edu/app/lib/Cake/Routing/Dispatcher.php(191): Controller->invokeAction(Object(CakeRequest))
#1 /var/www/bcdoors.it.ucla.edu/app/lib/Cake/Routing/Dispatcher.php(165): Dispatcher->_invoke(Object(AppController), Object(CakeRequest))
#2 /var/www/bcdoors.it.ucla.edu/app/app/webroot/index.php(110): Dispatcher->dispatch(Object(CakeRequest), Object(CakeResponse))
#3 {main}
2015-02-24 15:50:49 Error: [MissingActionException] Action AppController::webroot() could not be found.
Exception Attributes: array (
  'controller' => 'AppController',
  'action' => 'webroot',
)
Request URL: /app/app/webroot/general/headers
Stack Trace:
#0 /var/www/bcdoors.it.ucla.edu/app/lib/Cake/Routing/Dispatcher.php(191): Controller->invokeAction(Object(CakeRequest))
#1 /var/www/bcdoors.it.ucla.edu/app/lib/Cake/Routing/Dispatcher.php(165): Dispatcher->_invoke(Object(AppController), Object(CakeRequest))
#2 /var/www/bcdoors.it.ucla.edu/app/app/webroot/index.php(110): Dispatcher->dispatch(Object(CakeRequest), Object(CakeResponse))
#3 {main}
2015-02-24 15:51:22 Error: [MissingActionException] Action AppController::webroot() could not be found.
Exception Attributes: array (
  'controller' => 'AppController',
  'action' => 'webroot',
)
Request URL: /app/app/webroot/general/headers
Stack Trace:
#0 /var/www/bcdoors.it.ucla.edu/app/lib/Cake/Routing/Dispatcher.php(191): Controller->invokeAction(Object(CakeRequest))
#1 /var/www/bcdoors.it.ucla.edu/app/lib/Cake/Routing/Dispatcher.php(165): Dispatcher->_invoke(Object(AppController), Object(CakeRequest))
#2 /var/www/bcdoors.it.ucla.edu/app/app/webroot/index.php(110): Dispatcher->dispatch(Object(CakeRequest), Object(CakeResponse))
#3 {main}
2015-02-24 15:52:25 Error: [MissingActionException] Action AppController::webroot() could not be found.
Exception Attributes: array (
  'controller' => 'AppController',
  'action' => 'webroot',
)
Request URL: /app/app/webroot/general/headers
Stack Trace:
#0 /var/www/bcdoors.it.ucla.edu/app/lib/Cake/Routing/Dispatcher.php(191): Controller->invokeAction(Object(CakeRequest))
#1 /var/www/bcdoors.it.ucla.edu/app/lib/Cake/Routing/Dispatcher.php(165): Dispatcher->_invoke(Object(AppController), Object(CakeRequest))
#2 /var/www/bcdoors.it.ucla.edu/app/app/webroot/index.php(110): Dispatcher->dispatch(Object(CakeRequest), Object(CakeResponse))
#3 {main}
2015-02-24 15:53:23 Error: [MissingActionException] Action AppController::webroot() could not be found.
Exception Attributes: array (
  'controller' => 'AppController',
  'action' => 'webroot',
)
Request URL: /app/app/webroot/general/headers
Stack Trace:
#0 /var/www/bcdoors.it.ucla.edu/app/lib/Cake/Routing/Dispatcher.php(191): Controller->invokeAction(Object(CakeRequest))
#1 /var/www/bcdoors.it.ucla.edu/app/lib/Cake/Routing/Dispatcher.php(165): Dispatcher->_invoke(Object(AppController), Object(CakeRequest))
#2 /var/www/bcdoors.it.ucla.edu/app/app/webroot/index.php(110): Dispatcher->dispatch(Object(CakeRequest), Object(CakeResponse))
#3 {main}
2015-02-24 16:00:27 Error: [MissingControllerException] Controller class Headers.phpController could not be found.
Exception Attributes: array (
  'class' => 'Headers.phpController',
  'plugin' => NULL,
)
Request URL: /app/headers.php
Stack Trace:
#0 /var/www/bcdoors.it.ucla.edu/app/app/webroot/index.php(110): Dispatcher->dispatch(Object(CakeRequest), Object(CakeResponse))
#1 {main}
2015-02-24 16:12:56 Error: [MissingControllerException] Controller class WebrootController could not be found.
Exception Attributes: array (
  'class' => 'WebrootController',
  'plugin' => NULL,
)
Request URL: /app/webroot/files/emails-20150127.txt
Stack Trace:
#0 /var/www/bcdoors.it.ucla.edu/app/app/webroot/index.php(110): Dispatcher->dispatch(Object(CakeRequest), Object(CakeResponse))
#1 {main}
2015-02-24 16:31:26 Error: [MissingActionException] Action AppController::webroot() could not be found.
Exception Attributes: array (
  'controller' => 'AppController',
  'action' => 'webroot',
)
Request URL: /app/app/webroot/general/headers
Stack Trace:
#0 /var/www/bcdoors.it.ucla.edu/app/lib/Cake/Routing/Dispatcher.php(191): Controller->invokeAction(Object(CakeRequest))
#1 /var/www/bcdoors.it.ucla.edu/app/lib/Cake/Routing/Dispatcher.php(165): Dispatcher->_invoke(Object(AppController), Object(CakeRequest))
#2 /var/www/bcdoors.it.ucla.edu/app/app/webroot/index.php(110): Dispatcher->dispatch(Object(CakeRequest), Object(CakeResponse))
#3 {main}
2015-02-24 17:21:15 Error: [MissingControllerException] Controller class RestController could not be found.
Exception Attributes: array (
  'class' => 'RestController',
  'plugin' => NULL,
)
Request URL: /app/rest/xml/photos/status
Stack Trace:
#0 /var/www/bcdoors.it.ucla.edu/app/app/webroot/index.php(110): Dispatcher->dispatch(Object(CakeRequest), Object(CakeResponse))
#1 {main}
2015-03-02 15:14:50 Error: [MissingControllerException] Controller class GrestController could not be found.
Exception Attributes: array (
  'class' => 'GrestController',
  'plugin' => NULL,
)
Request URL: /app/grest/xml/photos/status
Stack Trace:
#0 /var/www/bcdoors.it.ucla.edu/app/app/webroot/index.php(110): Dispatcher->dispatch(Object(CakeRequest), Object(CakeResponse))
#1 {main}
2015-03-27 10:02:51 Error: [MissingControllerException] Controller class FilesController could not be found.
Exception Attributes: array (
  'class' => 'FilesController',
  'plugin' => NULL,
)
Request URL: /app/files/debug-
Stack Trace:
#0 /var/www/bcdoors.it.ucla.edu/app/app/webroot/index.php(110): Dispatcher->dispatch(Object(CakeRequest), Object(CakeResponse))
#1 {main}
2015-04-28 10:22:22 Error: [MissingActionException] Action SystemController::tests() could not be found.
Exception Attributes: array (
  'controller' => 'SystemController',
  'action' => 'tests',
)
Request URL: /app/systems/tests
Stack Trace:
#0 /var/www/bcdoors.it.ucla.edu/app/lib/Cake/Routing/Dispatcher.php(191): Controller->invokeAction(Object(CakeRequest))
#1 /var/www/bcdoors.it.ucla.edu/app/lib/Cake/Routing/Dispatcher.php(165): Dispatcher->_invoke(Object(SystemsController), Object(CakeRequest))
#2 /var/www/bcdoors.it.ucla.edu/app/app/webroot/index.php(110): Dispatcher->dispatch(Object(CakeRequest), Object(CakeResponse))
#3 {main}
2015-04-28 10:22:33 Error: [MissingActionException] Action SystemController::tests() could not be found.
Exception Attributes: array (
  'controller' => 'SystemController',
  'action' => 'tests',
)
Request URL: /app/systems/tests
Stack Trace:
#0 /var/www/bcdoors.it.ucla.edu/app/lib/Cake/Routing/Dispatcher.php(191): Controller->invokeAction(Object(CakeRequest))
#1 /var/www/bcdoors.it.ucla.edu/app/lib/Cake/Routing/Dispatcher.php(165): Dispatcher->_invoke(Object(SystemsController), Object(CakeRequest))
#2 /var/www/bcdoors.it.ucla.edu/app/app/webroot/index.php(110): Dispatcher->dispatch(Object(CakeRequest), Object(CakeResponse))
#3 {main}
2015-05-08 15:01:09 Warning: Warning (512): SplFileInfo::openFile(/var/www/bcdoors.it.ucla.edu/app/app/tmp/cache/cake_dbase_connections) [http://php.net/splfileinfo.openfile]: failed to open stream: Permission denied in [/var/www/bcdoors.it.ucla.edu/app/lib/Cake/Cache/Engine/FileEngine.php, line 356]
Trace:
FileEngine::_setKey() - CORE/Cake/Cache/Engine/FileEngine.php, line 356
FileEngine::read() - CORE/Cake/Cache/Engine/FileEngine.php, line 158
Cache::read() - CORE/Cake/Cache/Cache.php, line 358
CacheObjectComponent::exists() - APP/Controller/Component/CacheObjectComponent.php, line 57
LoadConfigsComponent::load() - APP/Controller/Component/LoadConfigsComponent.php, line 38
include - APP/Config/bootstrap.php, line 145
Configure::bootstrap() - CORE/Cake/Core/Configure.php, line 92
require - CORE/Cake/bootstrap.php, line 175
ShellDispatcher::_bootstrap() - CORE/Cake/Console/ShellDispatcher.php, line 138
ShellDispatcher::_initEnvironment() - CORE/Cake/Console/ShellDispatcher.php, line 100
ShellDispatcher::__construct() - CORE/Cake/Console/ShellDispatcher.php, line 54
ShellDispatcher::run() - CORE/Cake/Console/ShellDispatcher.php, line 65
[main] - APP/Console/cake.php, line 47

2015-05-08 15:01:09 Warning: Warning (512): SplFileInfo::openFile(/var/www/bcdoors.it.ucla.edu/app/app/tmp/cache/cake_dbase_connections) [http://php.net/splfileinfo.openfile]: failed to open stream: Permission denied in [/var/www/bcdoors.it.ucla.edu/app/lib/Cake/Cache/Engine/FileEngine.php, line 356]
Trace:
FileEngine::_setKey() - CORE/Cake/Cache/Engine/FileEngine.php, line 356
FileEngine::read() - CORE/Cake/Cache/Engine/FileEngine.php, line 158
Cache::read() - CORE/Cake/Cache/Cache.php, line 358
CacheObjectComponent::exists() - APP/Controller/Component/CacheObjectComponent.php, line 57
CacheObjectComponent::set() - APP/Controller/Component/CacheObjectComponent.php, line 47
LoadConfigsComponent::load() - APP/Controller/Component/LoadConfigsComponent.php, line 43
include - APP/Config/bootstrap.php, line 145
Configure::bootstrap() - CORE/Cake/Core/Configure.php, line 92
require - CORE/Cake/bootstrap.php, line 175
ShellDispatcher::_bootstrap() - CORE/Cake/Console/ShellDispatcher.php, line 138
ShellDispatcher::_initEnvironment() - CORE/Cake/Console/ShellDispatcher.php, line 100
ShellDispatcher::__construct() - CORE/Cake/Console/ShellDispatcher.php, line 54
ShellDispatcher::run() - CORE/Cake/Console/ShellDispatcher.php, line 65
[main] - APP/Console/cake.php, line 47

2015-05-08 15:01:09 Warning: Warning (512): SplFileInfo::openFile(/var/www/bcdoors.it.ucla.edu/app/app/tmp/cache/cake_dbase_connections) [http://php.net/splfileinfo.openfile]: failed to open stream: Permission denied in [/var/www/bcdoors.it.ucla.edu/app/lib/Cake/Cache/Engine/FileEngine.php, line 356]
Trace:
FileEngine::_setKey() - CORE/Cake/Cache/Engine/FileEngine.php, line 356
FileEngine::write() - CORE/Cake/Cache/Engine/FileEngine.php, line 116
Cache::write() - CORE/Cake/Cache/Cache.php, line 312
CacheObjectComponent::set() - APP/Controller/Component/CacheObjectComponent.php, line 49
LoadConfigsComponent::load() - APP/Controller/Component/LoadConfigsComponent.php, line 43
include - APP/Config/bootstrap.php, line 145
Configure::bootstrap() - CORE/Cake/Core/Configure.php, line 92
require - CORE/Cake/bootstrap.php, line 175
ShellDispatcher::_bootstrap() - CORE/Cake/Console/ShellDispatcher.php, line 138
ShellDispatcher::_initEnvironment() - CORE/Cake/Console/ShellDispatcher.php, line 100
ShellDispatcher::__construct() - CORE/Cake/Console/ShellDispatcher.php, line 54
ShellDispatcher::run() - CORE/Cake/Console/ShellDispatcher.php, line 65
[main] - APP/Console/cake.php, line 47

2015-05-08 15:01:09 Warning: Warning (512): short cache was unable to write 'dbase_connections' to File cache in [/var/www/bcdoors.it.ucla.edu/app/lib/Cake/Cache/Cache.php, line 323]
Trace:
Cache::write() - CORE/Cake/Cache/Cache.php, line 323
CacheObjectComponent::set() - APP/Controller/Component/CacheObjectComponent.php, line 49
LoadConfigsComponent::load() - APP/Controller/Component/LoadConfigsComponent.php, line 43
include - APP/Config/bootstrap.php, line 145
Configure::bootstrap() - CORE/Cake/Core/Configure.php, line 92
require - CORE/Cake/bootstrap.php, line 175
ShellDispatcher::_bootstrap() - CORE/Cake/Console/ShellDispatcher.php, line 138
ShellDispatcher::_initEnvironment() - CORE/Cake/Console/ShellDispatcher.php, line 100
ShellDispatcher::__construct() - CORE/Cake/Console/ShellDispatcher.php, line 54
ShellDispatcher::run() - CORE/Cake/Console/ShellDispatcher.php, line 65
[main] - APP/Console/cake.php, line 47

2015-05-08 15:01:09 Warning: Warning (512): SplFileInfo::openFile(/var/www/bcdoors.it.ucla.edu/app/app/tmp/cache/cake_application) [http://php.net/splfileinfo.openfile]: failed to open stream: Permission denied in [/var/www/bcdoors.it.ucla.edu/app/lib/Cake/Cache/Engine/FileEngine.php, line 356]
Trace:
FileEngine::_setKey() - CORE/Cake/Cache/Engine/FileEngine.php, line 356
FileEngine::read() - CORE/Cake/Cache/Engine/FileEngine.php, line 158
Cache::read() - CORE/Cake/Cache/Cache.php, line 358
CacheObjectComponent::exists() - APP/Controller/Component/CacheObjectComponent.php, line 57
LoadConfigsComponent::load() - APP/Controller/Component/LoadConfigsComponent.php, line 38
include - APP/Config/bootstrap.php, line 145
Configure::bootstrap() - CORE/Cake/Core/Configure.php, line 92
require - CORE/Cake/bootstrap.php, line 175
ShellDispatcher::_bootstrap() - CORE/Cake/Console/ShellDispatcher.php, line 138
ShellDispatcher::_initEnvironment() - CORE/Cake/Console/ShellDispatcher.php, line 100
ShellDispatcher::__construct() - CORE/Cake/Console/ShellDispatcher.php, line 54
ShellDispatcher::run() - CORE/Cake/Console/ShellDispatcher.php, line 65
[main] - APP/Console/cake.php, line 47

2015-05-08 15:01:09 Warning: Warning (512): SplFileInfo::openFile(/var/www/bcdoors.it.ucla.edu/app/app/tmp/cache/cake_application) [http://php.net/splfileinfo.openfile]: failed to open stream: Permission denied in [/var/www/bcdoors.it.ucla.edu/app/lib/Cake/Cache/Engine/FileEngine.php, line 356]
Trace:
FileEngine::_setKey() - CORE/Cake/Cache/Engine/FileEngine.php, line 356
FileEngine::read() - CORE/Cake/Cache/Engine/FileEngine.php, line 158
Cache::read() - CORE/Cake/Cache/Cache.php, line 358
CacheObjectComponent::exists() - APP/Controller/Component/CacheObjectComponent.php, line 57
CacheObjectComponent::set() - APP/Controller/Component/CacheObjectComponent.php, line 47
LoadConfigsComponent::load() - APP/Controller/Component/LoadConfigsComponent.php, line 43
include - APP/Config/bootstrap.php, line 145
Configure::bootstrap() - CORE/Cake/Core/Configure.php, line 92
require - CORE/Cake/bootstrap.php, line 175
ShellDispatcher::_bootstrap() - CORE/Cake/Console/ShellDispatcher.php, line 138
ShellDispatcher::_initEnvironment() - CORE/Cake/Console/ShellDispatcher.php, line 100
ShellDispatcher::__construct() - CORE/Cake/Console/ShellDispatcher.php, line 54
ShellDispatcher::run() - CORE/Cake/Console/ShellDispatcher.php, line 65
[main] - APP/Console/cake.php, line 47

2015-05-08 15:01:09 Warning: Warning (512): SplFileInfo::openFile(/var/www/bcdoors.it.ucla.edu/app/app/tmp/cache/cake_application) [http://php.net/splfileinfo.openfile]: failed to open stream: Permission denied in [/var/www/bcdoors.it.ucla.edu/app/lib/Cake/Cache/Engine/FileEngine.php, line 356]
Trace:
FileEngine::_setKey() - CORE/Cake/Cache/Engine/FileEngine.php, line 356
FileEngine::write() - CORE/Cake/Cache/Engine/FileEngine.php, line 116
Cache::write() - CORE/Cake/Cache/Cache.php, line 312
CacheObjectComponent::set() - APP/Controller/Component/CacheObjectComponent.php, line 49
LoadConfigsComponent::load() - APP/Controller/Component/LoadConfigsComponent.php, line 43
include - APP/Config/bootstrap.php, line 145
Configure::bootstrap() - CORE/Cake/Core/Configure.php, line 92
require - CORE/Cake/bootstrap.php, line 175
ShellDispatcher::_bootstrap() - CORE/Cake/Console/ShellDispatcher.php, line 138
ShellDispatcher::_initEnvironment() - CORE/Cake/Console/ShellDispatcher.php, line 100
ShellDispatcher::__construct() - CORE/Cake/Console/ShellDispatcher.php, line 54
ShellDispatcher::run() - CORE/Cake/Console/ShellDispatcher.php, line 65
[main] - APP/Console/cake.php, line 47

2015-05-08 15:01:09 Warning: Warning (512): short cache was unable to write 'application' to File cache in [/var/www/bcdoors.it.ucla.edu/app/lib/Cake/Cache/Cache.php, line 323]
Trace:
Cache::write() - CORE/Cake/Cache/Cache.php, line 323
CacheObjectComponent::set() - APP/Controller/Component/CacheObjectComponent.php, line 49
LoadConfigsComponent::load() - APP/Controller/Component/LoadConfigsComponent.php, line 43
include - APP/Config/bootstrap.php, line 145
Configure::bootstrap() - CORE/Cake/Core/Configure.php, line 92
require - CORE/Cake/bootstrap.php, line 175
ShellDispatcher::_bootstrap() - CORE/Cake/Console/ShellDispatcher.php, line 138
ShellDispatcher::_initEnvironment() - CORE/Cake/Console/ShellDispatcher.php, line 100
ShellDispatcher::__construct() - CORE/Cake/Console/ShellDispatcher.php, line 54
ShellDispatcher::run() - CORE/Cake/Console/ShellDispatcher.php, line 65
[main] - APP/Console/cake.php, line 47

2015-05-08 15:01:09 Warning: Warning (512): SplFileInfo::openFile(/var/www/bcdoors.it.ucla.edu/app/app/tmp/cache/cake_application) [http://php.net/splfileinfo.openfile]: failed to open stream: Permission denied in [/var/www/bcdoors.it.ucla.edu/app/lib/Cake/Cache/Engine/FileEngine.php, line 356]
Trace:
FileEngine::_setKey() - CORE/Cake/Cache/Engine/FileEngine.php, line 356
FileEngine::read() - CORE/Cake/Cache/Engine/FileEngine.php, line 158
Cache::read() - CORE/Cake/Cache/Cache.php, line 358
include - APP/Config/bootstrap.php, line 147
Configure::bootstrap() - CORE/Cake/Core/Configure.php, line 92
require - CORE/Cake/bootstrap.php, line 175
ShellDispatcher::_bootstrap() - CORE/Cake/Console/ShellDispatcher.php, line 138
ShellDispatcher::_initEnvironment() - CORE/Cake/Console/ShellDispatcher.php, line 100
ShellDispatcher::__construct() - CORE/Cake/Console/ShellDispatcher.php, line 54
ShellDispatcher::run() - CORE/Cake/Console/ShellDispatcher.php, line 65
[main] - APP/Console/cake.php, line 47

2015-05-08 15:01:09 Warning: SplFileInfo::openFile(/var/www/bcdoors.it.ucla.edu/app/app/tmp/cache/cake_dbase_connections) [http://php.net/splfileinfo.openfile]: failed to open stream: Permission denied in [/var/www/bcdoors.it.ucla.edu/app/lib/Cake/Cache/Engine/FileEngine.php, line 356]
2015-05-08 15:01:09 Warning: oci_pconnect() [http://php.net/function.oci-pconnect]: ORA-24415: Missing or null username. in [/var/www/bcdoors.it.ucla.edu/app/lib/Cake/Model/Datasource/Database/Oracle.php, line 200]
2015-05-08 15:01:09 Warning: SplFileInfo::openFile(/var/www/bcdoors.it.ucla.edu/app/app/tmp/cache/models/myapp_cake_model_default__list) [http://php.net/splfileinfo.openfile]: failed to open stream: Permission denied in [/var/www/bcdoors.it.ucla.edu/app/lib/Cake/Cache/Engine/FileEngine.php, line 356]
2015-05-08 15:01:09 Warning: SplFileInfo::openFile(/var/www/bcdoors.it.ucla.edu/app/app/tmp/cache/models/myapp_cake_model_default__list) [http://php.net/splfileinfo.openfile]: failed to open stream: Permission denied in [/var/www/bcdoors.it.ucla.edu/app/lib/Cake/Cache/Engine/FileEngine.php, line 356]
2015-05-08 15:01:09 Warning: _cake_model_ cache was unable to write 'default__list' to File cache in [/var/www/bcdoors.it.ucla.edu/app/lib/Cake/Cache/Cache.php, line 323]
2015-05-08 15:01:09 Warning: oci_parse() expects parameter 1 to be resource, boolean given in [/var/www/bcdoors.it.ucla.edu/app/lib/Cake/Model/Datasource/Database/Oracle.php, line 373]
2015-05-08 15:01:09 Warning: SplFileInfo::openFile(/var/www/bcdoors.it.ucla.edu/app/app/tmp/cache/persistent/myapp_cake_core_method_cache) [http://php.net/splfileinfo.openfile]: failed to open stream: Permission denied in [/var/www/bcdoors.it.ucla.edu/app/lib/Cake/Cache/Engine/FileEngine.php, line 356]
2015-05-08 15:01:09 Warning: SplFileInfo::openFile(/var/www/bcdoors.it.ucla.edu/app/app/tmp/cache/persistent/myapp_cake_core_method_cache) [http://php.net/splfileinfo.openfile]: failed to open stream: Permission denied in [/var/www/bcdoors.it.ucla.edu/app/lib/Cake/Cache/Engine/FileEngine.php, line 356]
2015-05-08 15:01:09 Warning: oci_parse() expects parameter 1 to be resource, boolean given in [/var/www/bcdoors.it.ucla.edu/app/lib/Cake/Model/Datasource/Database/Oracle.php, line 373]
2015-05-08 15:01:09 Warning: SplFileInfo::openFile(/var/www/bcdoors.it.ucla.edu/app/app/tmp/cache/persistent/myapp_cake_core_file_map) [http://php.net/splfileinfo.openfile]: failed to open stream: Permission denied in [/var/www/bcdoors.it.ucla.edu/app/lib/Cake/Cache/Engine/FileEngine.php, line 356]
2015-05-08 15:01:09 Warning: _cake_core_ cache was unable to write 'file_map' to File cache in [/var/www/bcdoors.it.ucla.edu/app/lib/Cake/Cache/Cache.php, line 323]
2015-05-08 15:01:09 Warning: SplFileInfo::openFile(/var/www/bcdoors.it.ucla.edu/app/app/tmp/cache/persistent/myapp_cake_core_method_cache) [http://php.net/splfileinfo.openfile]: failed to open stream: Permission denied in [/var/www/bcdoors.it.ucla.edu/app/lib/Cake/Cache/Engine/FileEngine.php, line 356]
2015-05-08 15:01:09 Warning: _cake_core_ cache was unable to write 'method_cache' to File cache in [/var/www/bcdoors.it.ucla.edu/app/lib/Cake/Cache/Cache.php, line 323]
2015-05-08 15:06:35 Warning: Warning (512): SplFileInfo::openFile(/var/www/bcdoors.it.ucla.edu/app/app/tmp/cache/cake_dbase_connections) [http://php.net/splfileinfo.openfile]: failed to open stream: Permission denied in [/var/www/bcdoors.it.ucla.edu/app/lib/Cake/Cache/Engine/FileEngine.php, line 356]
Trace:
FileEngine::_setKey() - CORE/Cake/Cache/Engine/FileEngine.php, line 356
FileEngine::read() - CORE/Cake/Cache/Engine/FileEngine.php, line 158
Cache::read() - CORE/Cake/Cache/Cache.php, line 358
CacheObjectComponent::exists() - APP/Controller/Component/CacheObjectComponent.php, line 57
LoadConfigsComponent::load() - APP/Controller/Component/LoadConfigsComponent.php, line 38
include - APP/Config/bootstrap.php, line 145
Configure::bootstrap() - CORE/Cake/Core/Configure.php, line 92
require - CORE/Cake/bootstrap.php, line 175
ShellDispatcher::_bootstrap() - CORE/Cake/Console/ShellDispatcher.php, line 138
ShellDispatcher::_initEnvironment() - CORE/Cake/Console/ShellDispatcher.php, line 100
ShellDispatcher::__construct() - CORE/Cake/Console/ShellDispatcher.php, line 54
ShellDispatcher::run() - CORE/Cake/Console/ShellDispatcher.php, line 65
[main] - APP/Console/cake.php, line 47

2015-05-08 15:06:35 Warning: Warning (512): SplFileInfo::openFile(/var/www/bcdoors.it.ucla.edu/app/app/tmp/cache/cake_dbase_connections) [http://php.net/splfileinfo.openfile]: failed to open stream: Permission denied in [/var/www/bcdoors.it.ucla.edu/app/lib/Cake/Cache/Engine/FileEngine.php, line 356]
Trace:
FileEngine::_setKey() - CORE/Cake/Cache/Engine/FileEngine.php, line 356
FileEngine::read() - CORE/Cake/Cache/Engine/FileEngine.php, line 158
Cache::read() - CORE/Cake/Cache/Cache.php, line 358
CacheObjectComponent::exists() - APP/Controller/Component/CacheObjectComponent.php, line 57
CacheObjectComponent::set() - APP/Controller/Component/CacheObjectComponent.php, line 47
LoadConfigsComponent::load() - APP/Controller/Component/LoadConfigsComponent.php, line 43
include - APP/Config/bootstrap.php, line 145
Configure::bootstrap() - CORE/Cake/Core/Configure.php, line 92
require - CORE/Cake/bootstrap.php, line 175
ShellDispatcher::_bootstrap() - CORE/Cake/Console/ShellDispatcher.php, line 138
ShellDispatcher::_initEnvironment() - CORE/Cake/Console/ShellDispatcher.php, line 100
ShellDispatcher::__construct() - CORE/Cake/Console/ShellDispatcher.php, line 54
ShellDispatcher::run() - CORE/Cake/Console/ShellDispatcher.php, line 65
[main] - APP/Console/cake.php, line 47

2015-05-08 15:06:35 Warning: Warning (512): SplFileInfo::openFile(/var/www/bcdoors.it.ucla.edu/app/app/tmp/cache/cake_dbase_connections) [http://php.net/splfileinfo.openfile]: failed to open stream: Permission denied in [/var/www/bcdoors.it.ucla.edu/app/lib/Cake/Cache/Engine/FileEngine.php, line 356]
Trace:
FileEngine::_setKey() - CORE/Cake/Cache/Engine/FileEngine.php, line 356
FileEngine::write() - CORE/Cake/Cache/Engine/FileEngine.php, line 116
Cache::write() - CORE/Cake/Cache/Cache.php, line 312
CacheObjectComponent::set() - APP/Controller/Component/CacheObjectComponent.php, line 49
LoadConfigsComponent::load() - APP/Controller/Component/LoadConfigsComponent.php, line 43
include - APP/Config/bootstrap.php, line 145
Configure::bootstrap() - CORE/Cake/Core/Configure.php, line 92
require - CORE/Cake/bootstrap.php, line 175
ShellDispatcher::_bootstrap() - CORE/Cake/Console/ShellDispatcher.php, line 138
ShellDispatcher::_initEnvironment() - CORE/Cake/Console/ShellDispatcher.php, line 100
ShellDispatcher::__construct() - CORE/Cake/Console/ShellDispatcher.php, line 54
ShellDispatcher::run() - CORE/Cake/Console/ShellDispatcher.php, line 65
[main] - APP/Console/cake.php, line 47

2015-05-08 15:06:35 Warning: Warning (512): short cache was unable to write 'dbase_connections' to File cache in [/var/www/bcdoors.it.ucla.edu/app/lib/Cake/Cache/Cache.php, line 323]
Trace:
Cache::write() - CORE/Cake/Cache/Cache.php, line 323
CacheObjectComponent::set() - APP/Controller/Component/CacheObjectComponent.php, line 49
LoadConfigsComponent::load() - APP/Controller/Component/LoadConfigsComponent.php, line 43
include - APP/Config/bootstrap.php, line 145
Configure::bootstrap() - CORE/Cake/Core/Configure.php, line 92
require - CORE/Cake/bootstrap.php, line 175
ShellDispatcher::_bootstrap() - CORE/Cake/Console/ShellDispatcher.php, line 138
ShellDispatcher::_initEnvironment() - CORE/Cake/Console/ShellDispatcher.php, line 100
ShellDispatcher::__construct() - CORE/Cake/Console/ShellDispatcher.php, line 54
ShellDispatcher::run() - CORE/Cake/Console/ShellDispatcher.php, line 65
[main] - APP/Console/cake.php, line 47

2015-05-08 15:06:35 Warning: Warning (512): SplFileInfo::openFile(/var/www/bcdoors.it.ucla.edu/app/app/tmp/cache/cake_application) [http://php.net/splfileinfo.openfile]: failed to open stream: Permission denied in [/var/www/bcdoors.it.ucla.edu/app/lib/Cake/Cache/Engine/FileEngine.php, line 356]
Trace:
FileEngine::_setKey() - CORE/Cake/Cache/Engine/FileEngine.php, line 356
FileEngine::read() - CORE/Cake/Cache/Engine/FileEngine.php, line 158
Cache::read() - CORE/Cake/Cache/Cache.php, line 358
CacheObjectComponent::exists() - APP/Controller/Component/CacheObjectComponent.php, line 57
LoadConfigsComponent::load() - APP/Controller/Component/LoadConfigsComponent.php, line 38
include - APP/Config/bootstrap.php, line 145
Configure::bootstrap() - CORE/Cake/Core/Configure.php, line 92
require - CORE/Cake/bootstrap.php, line 175
ShellDispatcher::_bootstrap() - CORE/Cake/Console/ShellDispatcher.php, line 138
ShellDispatcher::_initEnvironment() - CORE/Cake/Console/ShellDispatcher.php, line 100
ShellDispatcher::__construct() - CORE/Cake/Console/ShellDispatcher.php, line 54
ShellDispatcher::run() - CORE/Cake/Console/ShellDispatcher.php, line 65
[main] - APP/Console/cake.php, line 47

2015-05-08 15:06:35 Warning: Warning (512): SplFileInfo::openFile(/var/www/bcdoors.it.ucla.edu/app/app/tmp/cache/cake_application) [http://php.net/splfileinfo.openfile]: failed to open stream: Permission denied in [/var/www/bcdoors.it.ucla.edu/app/lib/Cake/Cache/Engine/FileEngine.php, line 356]
Trace:
FileEngine::_setKey() - CORE/Cake/Cache/Engine/FileEngine.php, line 356
FileEngine::read() - CORE/Cake/Cache/Engine/FileEngine.php, line 158
Cache::read() - CORE/Cake/Cache/Cache.php, line 358
CacheObjectComponent::exists() - APP/Controller/Component/CacheObjectComponent.php, line 57
CacheObjectComponent::set() - APP/Controller/Component/CacheObjectComponent.php, line 47
LoadConfigsComponent::load() - APP/Controller/Component/LoadConfigsComponent.php, line 43
include - APP/Config/bootstrap.php, line 145
Configure::bootstrap() - CORE/Cake/Core/Configure.php, line 92
require - CORE/Cake/bootstrap.php, line 175
ShellDispatcher::_bootstrap() - CORE/Cake/Console/ShellDispatcher.php, line 138
ShellDispatcher::_initEnvironment() - CORE/Cake/Console/ShellDispatcher.php, line 100
ShellDispatcher::__construct() - CORE/Cake/Console/ShellDispatcher.php, line 54
ShellDispatcher::run() - CORE/Cake/Console/ShellDispatcher.php, line 65
[main] - APP/Console/cake.php, line 47

2015-05-08 15:06:35 Warning: Warning (512): SplFileInfo::openFile(/var/www/bcdoors.it.ucla.edu/app/app/tmp/cache/cake_application) [http://php.net/splfileinfo.openfile]: failed to open stream: Permission denied in [/var/www/bcdoors.it.ucla.edu/app/lib/Cake/Cache/Engine/FileEngine.php, line 356]
Trace:
FileEngine::_setKey() - CORE/Cake/Cache/Engine/FileEngine.php, line 356
FileEngine::write() - CORE/Cake/Cache/Engine/FileEngine.php, line 116
Cache::write() - CORE/Cake/Cache/Cache.php, line 312
CacheObjectComponent::set() - APP/Controller/Component/CacheObjectComponent.php, line 49
LoadConfigsComponent::load() - APP/Controller/Component/LoadConfigsComponent.php, line 43
include - APP/Config/bootstrap.php, line 145
Configure::bootstrap() - CORE/Cake/Core/Configure.php, line 92
require - CORE/Cake/bootstrap.php, line 175
ShellDispatcher::_bootstrap() - CORE/Cake/Console/ShellDispatcher.php, line 138
ShellDispatcher::_initEnvironment() - CORE/Cake/Console/ShellDispatcher.php, line 100
ShellDispatcher::__construct() - CORE/Cake/Console/ShellDispatcher.php, line 54
ShellDispatcher::run() - CORE/Cake/Console/ShellDispatcher.php, line 65
[main] - APP/Console/cake.php, line 47

2015-05-08 15:06:35 Warning: Warning (512): short cache was unable to write 'application' to File cache in [/var/www/bcdoors.it.ucla.edu/app/lib/Cake/Cache/Cache.php, line 323]
Trace:
Cache::write() - CORE/Cake/Cache/Cache.php, line 323
CacheObjectComponent::set() - APP/Controller/Component/CacheObjectComponent.php, line 49
LoadConfigsComponent::load() - APP/Controller/Component/LoadConfigsComponent.php, line 43
include - APP/Config/bootstrap.php, line 145
Configure::bootstrap() - CORE/Cake/Core/Configure.php, line 92
require - CORE/Cake/bootstrap.php, line 175
ShellDispatcher::_bootstrap() - CORE/Cake/Console/ShellDispatcher.php, line 138
ShellDispatcher::_initEnvironment() - CORE/Cake/Console/ShellDispatcher.php, line 100
ShellDispatcher::__construct() - CORE/Cake/Console/ShellDispatcher.php, line 54
ShellDispatcher::run() - CORE/Cake/Console/ShellDispatcher.php, line 65
[main] - APP/Console/cake.php, line 47

2015-05-08 15:06:35 Warning: Warning (512): SplFileInfo::openFile(/var/www/bcdoors.it.ucla.edu/app/app/tmp/cache/cake_application) [http://php.net/splfileinfo.openfile]: failed to open stream: Permission denied in [/var/www/bcdoors.it.ucla.edu/app/lib/Cake/Cache/Engine/FileEngine.php, line 356]
Trace:
FileEngine::_setKey() - CORE/Cake/Cache/Engine/FileEngine.php, line 356
FileEngine::read() - CORE/Cake/Cache/Engine/FileEngine.php, line 158
Cache::read() - CORE/Cake/Cache/Cache.php, line 358
include - APP/Config/bootstrap.php, line 147
Configure::bootstrap() - CORE/Cake/Core/Configure.php, line 92
require - CORE/Cake/bootstrap.php, line 175
ShellDispatcher::_bootstrap() - CORE/Cake/Console/ShellDispatcher.php, line 138
ShellDispatcher::_initEnvironment() - CORE/Cake/Console/ShellDispatcher.php, line 100
ShellDispatcher::__construct() - CORE/Cake/Console/ShellDispatcher.php, line 54
ShellDispatcher::run() - CORE/Cake/Console/ShellDispatcher.php, line 65
[main] - APP/Console/cake.php, line 47

2015-05-08 15:06:35 Warning: SplFileInfo::openFile(/var/www/bcdoors.it.ucla.edu/app/app/tmp/cache/cake_dbase_connections) [http://php.net/splfileinfo.openfile]: failed to open stream: Permission denied in [/var/www/bcdoors.it.ucla.edu/app/lib/Cake/Cache/Engine/FileEngine.php, line 356]
2015-05-08 15:06:35 Warning: oci_pconnect() [http://php.net/function.oci-pconnect]: ORA-24415: Missing or null username. in [/var/www/bcdoors.it.ucla.edu/app/lib/Cake/Model/Datasource/Database/Oracle.php, line 200]
2015-05-08 15:06:35 Warning: SplFileInfo::openFile(/var/www/bcdoors.it.ucla.edu/app/app/tmp/cache/models/myapp_cake_model_default__list) [http://php.net/splfileinfo.openfile]: failed to open stream: Permission denied in [/var/www/bcdoors.it.ucla.edu/app/lib/Cake/Cache/Engine/FileEngine.php, line 356]
2015-05-08 15:06:35 Warning: SplFileInfo::openFile(/var/www/bcdoors.it.ucla.edu/app/app/tmp/cache/models/myapp_cake_model_default__list) [http://php.net/splfileinfo.openfile]: failed to open stream: Permission denied in [/var/www/bcdoors.it.ucla.edu/app/lib/Cake/Cache/Engine/FileEngine.php, line 356]
2015-05-08 15:06:35 Warning: _cake_model_ cache was unable to write 'default__list' to File cache in [/var/www/bcdoors.it.ucla.edu/app/lib/Cake/Cache/Cache.php, line 323]
2015-05-08 15:06:35 Warning: oci_parse() expects parameter 1 to be resource, boolean given in [/var/www/bcdoors.it.ucla.edu/app/lib/Cake/Model/Datasource/Database/Oracle.php, line 373]
2015-05-08 15:06:35 Warning: SplFileInfo::openFile(/var/www/bcdoors.it.ucla.edu/app/app/tmp/cache/persistent/myapp_cake_core_method_cache) [http://php.net/splfileinfo.openfile]: failed to open stream: Permission denied in [/var/www/bcdoors.it.ucla.edu/app/lib/Cake/Cache/Engine/FileEngine.php, line 356]
2015-05-08 15:06:35 Warning: SplFileInfo::openFile(/var/www/bcdoors.it.ucla.edu/app/app/tmp/cache/persistent/myapp_cake_core_method_cache) [http://php.net/splfileinfo.openfile]: failed to open stream: Permission denied in [/var/www/bcdoors.it.ucla.edu/app/lib/Cake/Cache/Engine/FileEngine.php, line 356]
2015-05-08 15:06:35 Warning: oci_parse() expects parameter 1 to be resource, boolean given in [/var/www/bcdoors.it.ucla.edu/app/lib/Cake/Model/Datasource/Database/Oracle.php, line 373]
2015-05-08 15:06:35 Warning: SplFileInfo::openFile(/var/www/bcdoors.it.ucla.edu/app/app/tmp/cache/persistent/myapp_cake_core_file_map) [http://php.net/splfileinfo.openfile]: failed to open stream: Permission denied in [/var/www/bcdoors.it.ucla.edu/app/lib/Cake/Cache/Engine/FileEngine.php, line 356]
2015-05-08 15:06:35 Warning: _cake_core_ cache was unable to write 'file_map' to File cache in [/var/www/bcdoors.it.ucla.edu/app/lib/Cake/Cache/Cache.php, line 323]
2015-05-08 15:06:35 Warning: SplFileInfo::openFile(/var/www/bcdoors.it.ucla.edu/app/app/tmp/cache/persistent/myapp_cake_core_method_cache) [http://php.net/splfileinfo.openfile]: failed to open stream: Permission denied in [/var/www/bcdoors.it.ucla.edu/app/lib/Cake/Cache/Engine/FileEngine.php, line 356]
2015-05-08 15:06:35 Warning: _cake_core_ cache was unable to write 'method_cache' to File cache in [/var/www/bcdoors.it.ucla.edu/app/lib/Cake/Cache/Cache.php, line 323]
2015-05-08 15:09:40 Warning: oci_pconnect() [http://php.net/function.oci-pconnect]: ORA-28547: connection to server failed, probable Oracle Net admin error in [/var/www/bcdoors.it.ucla.edu/app/lib/Cake/Model/Datasource/Database/Oracle.php, line 200]
2015-05-08 15:09:40 Warning: oci_parse() expects parameter 1 to be resource, boolean given in [/var/www/bcdoors.it.ucla.edu/app/lib/Cake/Model/Datasource/Database/Oracle.php, line 373]
2015-05-11 16:24:16 Warning: Warning (512): SplFileInfo::openFile(/var/www/bcdoors.it.ucla.edu/app/app/tmp/cache/cake_dbase_connections) [http://php.net/splfileinfo.openfile]: failed to open stream: Permission denied in [/var/www/bcdoors.it.ucla.edu/app/lib/Cake/Cache/Engine/FileEngine.php, line 356]
Trace:
FileEngine::_setKey() - CORE/Cake/Cache/Engine/FileEngine.php, line 356
FileEngine::read() - CORE/Cake/Cache/Engine/FileEngine.php, line 158
Cache::read() - CORE/Cake/Cache/Cache.php, line 358
CacheObjectComponent::exists() - APP/Controller/Component/CacheObjectComponent.php, line 57
LoadConfigsComponent::load() - APP/Controller/Component/LoadConfigsComponent.php, line 38
include - APP/Config/bootstrap.php, line 145
Configure::bootstrap() - CORE/Cake/Core/Configure.php, line 92
require - CORE/Cake/bootstrap.php, line 175
ShellDispatcher::_bootstrap() - CORE/Cake/Console/ShellDispatcher.php, line 138
ShellDispatcher::_initEnvironment() - CORE/Cake/Console/ShellDispatcher.php, line 100
ShellDispatcher::__construct() - CORE/Cake/Console/ShellDispatcher.php, line 54
ShellDispatcher::run() - CORE/Cake/Console/ShellDispatcher.php, line 65
[main] - APP/Console/cake.php, line 47

2015-05-11 16:24:16 Warning: Warning (512): SplFileInfo::openFile(/var/www/bcdoors.it.ucla.edu/app/app/tmp/cache/cake_dbase_connections) [http://php.net/splfileinfo.openfile]: failed to open stream: Permission denied in [/var/www/bcdoors.it.ucla.edu/app/lib/Cake/Cache/Engine/FileEngine.php, line 356]
Trace:
FileEngine::_setKey() - CORE/Cake/Cache/Engine/FileEngine.php, line 356
FileEngine::read() - CORE/Cake/Cache/Engine/FileEngine.php, line 158
Cache::read() - CORE/Cake/Cache/Cache.php, line 358
CacheObjectComponent::exists() - APP/Controller/Component/CacheObjectComponent.php, line 57
CacheObjectComponent::set() - APP/Controller/Component/CacheObjectComponent.php, line 47
LoadConfigsComponent::load() - APP/Controller/Component/LoadConfigsComponent.php, line 43
include - APP/Config/bootstrap.php, line 145
Configure::bootstrap() - CORE/Cake/Core/Configure.php, line 92
require - CORE/Cake/bootstrap.php, line 175
ShellDispatcher::_bootstrap() - CORE/Cake/Console/ShellDispatcher.php, line 138
ShellDispatcher::_initEnvironment() - CORE/Cake/Console/ShellDispatcher.php, line 100
ShellDispatcher::__construct() - CORE/Cake/Console/ShellDispatcher.php, line 54
ShellDispatcher::run() - CORE/Cake/Console/ShellDispatcher.php, line 65
[main] - APP/Console/cake.php, line 47

2015-05-11 16:24:16 Warning: Warning (512): SplFileInfo::openFile(/var/www/bcdoors.it.ucla.edu/app/app/tmp/cache/cake_dbase_connections) [http://php.net/splfileinfo.openfile]: failed to open stream: Permission denied in [/var/www/bcdoors.it.ucla.edu/app/lib/Cake/Cache/Engine/FileEngine.php, line 356]
Trace:
FileEngine::_setKey() - CORE/Cake/Cache/Engine/FileEngine.php, line 356
FileEngine::write() - CORE/Cake/Cache/Engine/FileEngine.php, line 116
Cache::write() - CORE/Cake/Cache/Cache.php, line 312
CacheObjectComponent::set() - APP/Controller/Component/CacheObjectComponent.php, line 49
LoadConfigsComponent::load() - APP/Controller/Component/LoadConfigsComponent.php, line 43
include - APP/Config/bootstrap.php, line 145
Configure::bootstrap() - CORE/Cake/Core/Configure.php, line 92
require - CORE/Cake/bootstrap.php, line 175
ShellDispatcher::_bootstrap() - CORE/Cake/Console/ShellDispatcher.php, line 138
ShellDispatcher::_initEnvironment() - CORE/Cake/Console/ShellDispatcher.php, line 100
ShellDispatcher::__construct() - CORE/Cake/Console/ShellDispatcher.php, line 54
ShellDispatcher::run() - CORE/Cake/Console/ShellDispatcher.php, line 65
[main] - APP/Console/cake.php, line 47

2015-05-11 16:24:16 Warning: Warning (512): short cache was unable to write 'dbase_connections' to File cache in [/var/www/bcdoors.it.ucla.edu/app/lib/Cake/Cache/Cache.php, line 323]
Trace:
Cache::write() - CORE/Cake/Cache/Cache.php, line 323
CacheObjectComponent::set() - APP/Controller/Component/CacheObjectComponent.php, line 49
LoadConfigsComponent::load() - APP/Controller/Component/LoadConfigsComponent.php, line 43
include - APP/Config/bootstrap.php, line 145
Configure::bootstrap() - CORE/Cake/Core/Configure.php, line 92
require - CORE/Cake/bootstrap.php, line 175
ShellDispatcher::_bootstrap() - CORE/Cake/Console/ShellDispatcher.php, line 138
ShellDispatcher::_initEnvironment() - CORE/Cake/Console/ShellDispatcher.php, line 100
ShellDispatcher::__construct() - CORE/Cake/Console/ShellDispatcher.php, line 54
ShellDispatcher::run() - CORE/Cake/Console/ShellDispatcher.php, line 65
[main] - APP/Console/cake.php, line 47

2015-05-11 16:24:16 Warning: Warning (512): SplFileInfo::openFile(/var/www/bcdoors.it.ucla.edu/app/app/tmp/cache/cake_application) [http://php.net/splfileinfo.openfile]: failed to open stream: Permission denied in [/var/www/bcdoors.it.ucla.edu/app/lib/Cake/Cache/Engine/FileEngine.php, line 356]
Trace:
FileEngine::_setKey() - CORE/Cake/Cache/Engine/FileEngine.php, line 356
FileEngine::read() - CORE/Cake/Cache/Engine/FileEngine.php, line 158
Cache::read() - CORE/Cake/Cache/Cache.php, line 358
CacheObjectComponent::exists() - APP/Controller/Component/CacheObjectComponent.php, line 57
LoadConfigsComponent::load() - APP/Controller/Component/LoadConfigsComponent.php, line 38
include - APP/Config/bootstrap.php, line 145
Configure::bootstrap() - CORE/Cake/Core/Configure.php, line 92
require - CORE/Cake/bootstrap.php, line 175
ShellDispatcher::_bootstrap() - CORE/Cake/Console/ShellDispatcher.php, line 138
ShellDispatcher::_initEnvironment() - CORE/Cake/Console/ShellDispatcher.php, line 100
ShellDispatcher::__construct() - CORE/Cake/Console/ShellDispatcher.php, line 54
ShellDispatcher::run() - CORE/Cake/Console/ShellDispatcher.php, line 65
[main] - APP/Console/cake.php, line 47

2015-05-11 16:24:16 Warning: Warning (512): SplFileInfo::openFile(/var/www/bcdoors.it.ucla.edu/app/app/tmp/cache/cake_application) [http://php.net/splfileinfo.openfile]: failed to open stream: Permission denied in [/var/www/bcdoors.it.ucla.edu/app/lib/Cake/Cache/Engine/FileEngine.php, line 356]
Trace:
FileEngine::_setKey() - CORE/Cake/Cache/Engine/FileEngine.php, line 356
FileEngine::read() - CORE/Cake/Cache/Engine/FileEngine.php, line 158
Cache::read() - CORE/Cake/Cache/Cache.php, line 358
CacheObjectComponent::exists() - APP/Controller/Component/CacheObjectComponent.php, line 57
CacheObjectComponent::set() - APP/Controller/Component/CacheObjectComponent.php, line 47
LoadConfigsComponent::load() - APP/Controller/Component/LoadConfigsComponent.php, line 43
include - APP/Config/bootstrap.php, line 145
Configure::bootstrap() - CORE/Cake/Core/Configure.php, line 92
require - CORE/Cake/bootstrap.php, line 175
ShellDispatcher::_bootstrap() - CORE/Cake/Console/ShellDispatcher.php, line 138
ShellDispatcher::_initEnvironment() - CORE/Cake/Console/ShellDispatcher.php, line 100
ShellDispatcher::__construct() - CORE/Cake/Console/ShellDispatcher.php, line 54
ShellDispatcher::run() - CORE/Cake/Console/ShellDispatcher.php, line 65
[main] - APP/Console/cake.php, line 47

2015-05-11 16:24:16 Warning: Warning (512): SplFileInfo::openFile(/var/www/bcdoors.it.ucla.edu/app/app/tmp/cache/cake_application) [http://php.net/splfileinfo.openfile]: failed to open stream: Permission denied in [/var/www/bcdoors.it.ucla.edu/app/lib/Cake/Cache/Engine/FileEngine.php, line 356]
Trace:
FileEngine::_setKey() - CORE/Cake/Cache/Engine/FileEngine.php, line 356
FileEngine::write() - CORE/Cake/Cache/Engine/FileEngine.php, line 116
Cache::write() - CORE/Cake/Cache/Cache.php, line 312
CacheObjectComponent::set() - APP/Controller/Component/CacheObjectComponent.php, line 49
LoadConfigsComponent::load() - APP/Controller/Component/LoadConfigsComponent.php, line 43
include - APP/Config/bootstrap.php, line 145
Configure::bootstrap() - CORE/Cake/Core/Configure.php, line 92
require - CORE/Cake/bootstrap.php, line 175
ShellDispatcher::_bootstrap() - CORE/Cake/Console/ShellDispatcher.php, line 138
ShellDispatcher::_initEnvironment() - CORE/Cake/Console/ShellDispatcher.php, line 100
ShellDispatcher::__construct() - CORE/Cake/Console/ShellDispatcher.php, line 54
ShellDispatcher::run() - CORE/Cake/Console/ShellDispatcher.php, line 65
[main] - APP/Console/cake.php, line 47

2015-05-11 16:24:16 Warning: Warning (512): short cache was unable to write 'application' to File cache in [/var/www/bcdoors.it.ucla.edu/app/lib/Cake/Cache/Cache.php, line 323]
Trace:
Cache::write() - CORE/Cake/Cache/Cache.php, line 323
CacheObjectComponent::set() - APP/Controller/Component/CacheObjectComponent.php, line 49
LoadConfigsComponent::load() - APP/Controller/Component/LoadConfigsComponent.php, line 43
include - APP/Config/bootstrap.php, line 145
Configure::bootstrap() - CORE/Cake/Core/Configure.php, line 92
require - CORE/Cake/bootstrap.php, line 175
ShellDispatcher::_bootstrap() - CORE/Cake/Console/ShellDispatcher.php, line 138
ShellDispatcher::_initEnvironment() - CORE/Cake/Console/ShellDispatcher.php, line 100
ShellDispatcher::__construct() - CORE/Cake/Console/ShellDispatcher.php, line 54
ShellDispatcher::run() - CORE/Cake/Console/ShellDispatcher.php, line 65
[main] - APP/Console/cake.php, line 47

2015-05-11 16:24:16 Warning: Warning (512): SplFileInfo::openFile(/var/www/bcdoors.it.ucla.edu/app/app/tmp/cache/cake_application) [http://php.net/splfileinfo.openfile]: failed to open stream: Permission denied in [/var/www/bcdoors.it.ucla.edu/app/lib/Cake/Cache/Engine/FileEngine.php, line 356]
Trace:
FileEngine::_setKey() - CORE/Cake/Cache/Engine/FileEngine.php, line 356
FileEngine::read() - CORE/Cake/Cache/Engine/FileEngine.php, line 158
Cache::read() - CORE/Cake/Cache/Cache.php, line 358
include - APP/Config/bootstrap.php, line 147
Configure::bootstrap() - CORE/Cake/Core/Configure.php, line 92
require - CORE/Cake/bootstrap.php, line 175
ShellDispatcher::_bootstrap() - CORE/Cake/Console/ShellDispatcher.php, line 138
ShellDispatcher::_initEnvironment() - CORE/Cake/Console/ShellDispatcher.php, line 100
ShellDispatcher::__construct() - CORE/Cake/Console/ShellDispatcher.php, line 54
ShellDispatcher::run() - CORE/Cake/Console/ShellDispatcher.php, line 65
[main] - APP/Console/cake.php, line 47

2015-05-11 16:24:16 Warning: SplFileInfo::openFile(/var/www/bcdoors.it.ucla.edu/app/app/tmp/cache/cake_dbase_connections) [http://php.net/splfileinfo.openfile]: failed to open stream: Permission denied in [/var/www/bcdoors.it.ucla.edu/app/lib/Cake/Cache/Engine/FileEngine.php, line 356]
2015-05-11 16:24:16 Warning: SplFileInfo::openFile(/var/www/bcdoors.it.ucla.edu/app/app/tmp/cache/cake_dbase_connections) [http://php.net/splfileinfo.openfile]: failed to open stream: Permission denied in [/var/www/bcdoors.it.ucla.edu/app/lib/Cake/Cache/Engine/FileEngine.php, line 356]
2015-05-11 16:24:16 Warning: SplFileInfo::openFile(/var/www/bcdoors.it.ucla.edu/app/app/tmp/cache/cake_dbase_connections) [http://php.net/splfileinfo.openfile]: failed to open stream: Permission denied in [/var/www/bcdoors.it.ucla.edu/app/lib/Cake/Cache/Engine/FileEngine.php, line 356]
2015-05-11 16:24:16 Warning: short cache was unable to write 'dbase_connections' to File cache in [/var/www/bcdoors.it.ucla.edu/app/lib/Cake/Cache/Cache.php, line 323]
2015-05-11 16:24:16 Warning: SplFileInfo::openFile(/var/www/bcdoors.it.ucla.edu/app/app/tmp/cache/cake_application) [http://php.net/splfileinfo.openfile]: failed to open stream: Permission denied in [/var/www/bcdoors.it.ucla.edu/app/lib/Cake/Cache/Engine/FileEngine.php, line 356]
2015-05-11 16:24:16 Warning: SplFileInfo::openFile(/var/www/bcdoors.it.ucla.edu/app/app/tmp/cache/cake_application) [http://php.net/splfileinfo.openfile]: failed to open stream: Permission denied in [/var/www/bcdoors.it.ucla.edu/app/lib/Cake/Cache/Engine/FileEngine.php, line 356]
2015-05-11 16:24:16 Warning: SplFileInfo::openFile(/var/www/bcdoors.it.ucla.edu/app/app/tmp/cache/cake_application) [http://php.net/splfileinfo.openfile]: failed to open stream: Permission denied in [/var/www/bcdoors.it.ucla.edu/app/lib/Cake/Cache/Engine/FileEngine.php, line 356]
2015-05-11 16:24:16 Warning: short cache was unable to write 'application' to File cache in [/var/www/bcdoors.it.ucla.edu/app/lib/Cake/Cache/Cache.php, line 323]
2015-05-11 16:24:16 Warning: SplFileInfo::openFile(/var/www/bcdoors.it.ucla.edu/app/app/tmp/cache/cake_dbase_connections) [http://php.net/splfileinfo.openfile]: failed to open stream: Permission denied in [/var/www/bcdoors.it.ucla.edu/app/lib/Cake/Cache/Engine/FileEngine.php, line 356]
2015-05-11 16:24:16 Warning: oci_pconnect() [http://php.net/function.oci-pconnect]: ORA-24415: Missing or null username. in [/var/www/bcdoors.it.ucla.edu/app/lib/Cake/Model/Datasource/Database/Oracle.php, line 200]
2015-05-11 16:24:16 Warning: SplFileInfo::openFile(/var/www/bcdoors.it.ucla.edu/app/app/tmp/cache/models/myapp_cake_model_default__list) [http://php.net/splfileinfo.openfile]: failed to open stream: Permission denied in [/var/www/bcdoors.it.ucla.edu/app/lib/Cake/Cache/Engine/FileEngine.php, line 356]
2015-05-11 16:24:16 Warning: SplFileInfo::openFile(/var/www/bcdoors.it.ucla.edu/app/app/tmp/cache/models/myapp_cake_model_default__list) [http://php.net/splfileinfo.openfile]: failed to open stream: Permission denied in [/var/www/bcdoors.it.ucla.edu/app/lib/Cake/Cache/Engine/FileEngine.php, line 356]
2015-05-11 16:24:16 Warning: _cake_model_ cache was unable to write 'default__list' to File cache in [/var/www/bcdoors.it.ucla.edu/app/lib/Cake/Cache/Cache.php, line 323]
2015-05-11 16:24:16 Warning: oci_parse() expects parameter 1 to be resource, boolean given in [/var/www/bcdoors.it.ucla.edu/app/lib/Cake/Model/Datasource/Database/Oracle.php, line 373]
2015-05-11 16:24:16 Warning: oci_parse() expects parameter 1 to be resource, boolean given in [/var/www/bcdoors.it.ucla.edu/app/lib/Cake/Model/Datasource/Database/Oracle.php, line 373]
2015-05-11 16:24:16 Warning: SplFileInfo::openFile(/var/www/bcdoors.it.ucla.edu/app/app/tmp/cache/persistent/myapp_cake_core_file_map) [http://php.net/splfileinfo.openfile]: failed to open stream: Permission denied in [/var/www/bcdoors.it.ucla.edu/app/lib/Cake/Cache/Engine/FileEngine.php, line 356]
2015-05-11 16:24:16 Warning: _cake_core_ cache was unable to write 'file_map' to File cache in [/var/www/bcdoors.it.ucla.edu/app/lib/Cake/Cache/Cache.php, line 323]
2015-05-11 16:26:02 Warning: SplFileInfo::openFile(/var/www/bcdoors.it.ucla.edu/app/app/tmp/cache/persistent/myapp_cake_core_cake_console_eng) [http://php.net/splfileinfo.openfile]: failed to open stream: Permission denied in [/var/www/bcdoors.it.ucla.edu/app/lib/Cake/Cache/Engine/FileEngine.php, line 356]
2015-05-11 16:26:02 Warning: SplFileInfo::openFile(/var/www/bcdoors.it.ucla.edu/app/app/tmp/cache/persistent/myapp_cake_core_cake_console_eng) [http://php.net/splfileinfo.openfile]: failed to open stream: Permission denied in [/var/www/bcdoors.it.ucla.edu/app/lib/Cake/Cache/Engine/FileEngine.php, line 356]
2015-05-11 16:26:02 Warning: _cake_core_ cache was unable to write 'cake_console_eng' to File cache in [/var/www/bcdoors.it.ucla.edu/app/lib/Cake/Cache/Cache.php, line 323]
2015-05-11 16:29:21 Warning: Warning (512): SplFileInfo::openFile(/var/www/bcdoors.it.ucla.edu/app/app/tmp/cache/cake_dbase_connections) [http://php.net/splfileinfo.openfile]: failed to open stream: Permission denied in [/var/www/bcdoors.it.ucla.edu/app/lib/Cake/Cache/Engine/FileEngine.php, line 356]
Trace:
FileEngine::_setKey() - CORE/Cake/Cache/Engine/FileEngine.php, line 356
FileEngine::read() - CORE/Cake/Cache/Engine/FileEngine.php, line 158
Cache::read() - CORE/Cake/Cache/Cache.php, line 358
CacheObjectComponent::exists() - APP/Controller/Component/CacheObjectComponent.php, line 57
LoadConfigsComponent::load() - APP/Controller/Component/LoadConfigsComponent.php, line 38
include - APP/Config/bootstrap.php, line 145
Configure::bootstrap() - CORE/Cake/Core/Configure.php, line 92
require - CORE/Cake/bootstrap.php, line 175
ShellDispatcher::_bootstrap() - CORE/Cake/Console/ShellDispatcher.php, line 138
ShellDispatcher::_initEnvironment() - CORE/Cake/Console/ShellDispatcher.php, line 100
ShellDispatcher::__construct() - CORE/Cake/Console/ShellDispatcher.php, line 54
ShellDispatcher::run() - CORE/Cake/Console/ShellDispatcher.php, line 65
[main] - APP/Console/cake.php, line 47

2015-05-11 16:29:21 Warning: Warning (512): SplFileInfo::openFile(/var/www/bcdoors.it.ucla.edu/app/app/tmp/cache/cake_dbase_connections) [http://php.net/splfileinfo.openfile]: failed to open stream: Permission denied in [/var/www/bcdoors.it.ucla.edu/app/lib/Cake/Cache/Engine/FileEngine.php, line 356]
Trace:
FileEngine::_setKey() - CORE/Cake/Cache/Engine/FileEngine.php, line 356
FileEngine::read() - CORE/Cake/Cache/Engine/FileEngine.php, line 158
Cache::read() - CORE/Cake/Cache/Cache.php, line 358
CacheObjectComponent::exists() - APP/Controller/Component/CacheObjectComponent.php, line 57
CacheObjectComponent::set() - APP/Controller/Component/CacheObjectComponent.php, line 47
LoadConfigsComponent::load() - APP/Controller/Component/LoadConfigsComponent.php, line 43
include - APP/Config/bootstrap.php, line 145
Configure::bootstrap() - CORE/Cake/Core/Configure.php, line 92
require - CORE/Cake/bootstrap.php, line 175
ShellDispatcher::_bootstrap() - CORE/Cake/Console/ShellDispatcher.php, line 138
ShellDispatcher::_initEnvironment() - CORE/Cake/Console/ShellDispatcher.php, line 100
ShellDispatcher::__construct() - CORE/Cake/Console/ShellDispatcher.php, line 54
ShellDispatcher::run() - CORE/Cake/Console/ShellDispatcher.php, line 65
[main] - APP/Console/cake.php, line 47

2015-05-11 16:29:21 Warning: Warning (512): SplFileInfo::openFile(/var/www/bcdoors.it.ucla.edu/app/app/tmp/cache/cake_dbase_connections) [http://php.net/splfileinfo.openfile]: failed to open stream: Permission denied in [/var/www/bcdoors.it.ucla.edu/app/lib/Cake/Cache/Engine/FileEngine.php, line 356]
Trace:
FileEngine::_setKey() - CORE/Cake/Cache/Engine/FileEngine.php, line 356
FileEngine::write() - CORE/Cake/Cache/Engine/FileEngine.php, line 116
Cache::write() - CORE/Cake/Cache/Cache.php, line 312
CacheObjectComponent::set() - APP/Controller/Component/CacheObjectComponent.php, line 49
LoadConfigsComponent::load() - APP/Controller/Component/LoadConfigsComponent.php, line 43
include - APP/Config/bootstrap.php, line 145
Configure::bootstrap() - CORE/Cake/Core/Configure.php, line 92
require - CORE/Cake/bootstrap.php, line 175
ShellDispatcher::_bootstrap() - CORE/Cake/Console/ShellDispatcher.php, line 138
ShellDispatcher::_initEnvironment() - CORE/Cake/Console/ShellDispatcher.php, line 100
ShellDispatcher::__construct() - CORE/Cake/Console/ShellDispatcher.php, line 54
ShellDispatcher::run() - CORE/Cake/Console/ShellDispatcher.php, line 65
[main] - APP/Console/cake.php, line 47

2015-05-11 16:29:21 Warning: Warning (512): short cache was unable to write 'dbase_connections' to File cache in [/var/www/bcdoors.it.ucla.edu/app/lib/Cake/Cache/Cache.php, line 323]
Trace:
Cache::write() - CORE/Cake/Cache/Cache.php, line 323
CacheObjectComponent::set() - APP/Controller/Component/CacheObjectComponent.php, line 49
LoadConfigsComponent::load() - APP/Controller/Component/LoadConfigsComponent.php, line 43
include - APP/Config/bootstrap.php, line 145
Configure::bootstrap() - CORE/Cake/Core/Configure.php, line 92
require - CORE/Cake/bootstrap.php, line 175
ShellDispatcher::_bootstrap() - CORE/Cake/Console/ShellDispatcher.php, line 138
ShellDispatcher::_initEnvironment() - CORE/Cake/Console/ShellDispatcher.php, line 100
ShellDispatcher::__construct() - CORE/Cake/Console/ShellDispatcher.php, line 54
ShellDispatcher::run() - CORE/Cake/Console/ShellDispatcher.php, line 65
[main] - APP/Console/cake.php, line 47

2015-05-11 16:29:21 Warning: Warning (512): SplFileInfo::openFile(/var/www/bcdoors.it.ucla.edu/app/app/tmp/cache/cake_application) [http://php.net/splfileinfo.openfile]: failed to open stream: Permission denied in [/var/www/bcdoors.it.ucla.edu/app/lib/Cake/Cache/Engine/FileEngine.php, line 356]
Trace:
FileEngine::_setKey() - CORE/Cake/Cache/Engine/FileEngine.php, line 356
FileEngine::read() - CORE/Cake/Cache/Engine/FileEngine.php, line 158
Cache::read() - CORE/Cake/Cache/Cache.php, line 358
CacheObjectComponent::exists() - APP/Controller/Component/CacheObjectComponent.php, line 57
LoadConfigsComponent::load() - APP/Controller/Component/LoadConfigsComponent.php, line 38
include - APP/Config/bootstrap.php, line 145
Configure::bootstrap() - CORE/Cake/Core/Configure.php, line 92
require - CORE/Cake/bootstrap.php, line 175
ShellDispatcher::_bootstrap() - CORE/Cake/Console/ShellDispatcher.php, line 138
ShellDispatcher::_initEnvironment() - CORE/Cake/Console/ShellDispatcher.php, line 100
ShellDispatcher::__construct() - CORE/Cake/Console/ShellDispatcher.php, line 54
ShellDispatcher::run() - CORE/Cake/Console/ShellDispatcher.php, line 65
[main] - APP/Console/cake.php, line 47

2015-05-11 16:29:21 Warning: Warning (512): SplFileInfo::openFile(/var/www/bcdoors.it.ucla.edu/app/app/tmp/cache/cake_application) [http://php.net/splfileinfo.openfile]: failed to open stream: Permission denied in [/var/www/bcdoors.it.ucla.edu/app/lib/Cake/Cache/Engine/FileEngine.php, line 356]
Trace:
FileEngine::_setKey() - CORE/Cake/Cache/Engine/FileEngine.php, line 356
FileEngine::read() - CORE/Cake/Cache/Engine/FileEngine.php, line 158
Cache::read() - CORE/Cake/Cache/Cache.php, line 358
CacheObjectComponent::exists() - APP/Controller/Component/CacheObjectComponent.php, line 57
CacheObjectComponent::set() - APP/Controller/Component/CacheObjectComponent.php, line 47
LoadConfigsComponent::load() - APP/Controller/Component/LoadConfigsComponent.php, line 43
include - APP/Config/bootstrap.php, line 145
Configure::bootstrap() - CORE/Cake/Core/Configure.php, line 92
require - CORE/Cake/bootstrap.php, line 175
ShellDispatcher::_bootstrap() - CORE/Cake/Console/ShellDispatcher.php, line 138
ShellDispatcher::_initEnvironment() - CORE/Cake/Console/ShellDispatcher.php, line 100
ShellDispatcher::__construct() - CORE/Cake/Console/ShellDispatcher.php, line 54
ShellDispatcher::run() - CORE/Cake/Console/ShellDispatcher.php, line 65
[main] - APP/Console/cake.php, line 47

2015-05-11 16:29:21 Warning: Warning (512): SplFileInfo::openFile(/var/www/bcdoors.it.ucla.edu/app/app/tmp/cache/cake_application) [http://php.net/splfileinfo.openfile]: failed to open stream: Permission denied in [/var/www/bcdoors.it.ucla.edu/app/lib/Cake/Cache/Engine/FileEngine.php, line 356]
Trace:
FileEngine::_setKey() - CORE/Cake/Cache/Engine/FileEngine.php, line 356
FileEngine::write() - CORE/Cake/Cache/Engine/FileEngine.php, line 116
Cache::write() - CORE/Cake/Cache/Cache.php, line 312
CacheObjectComponent::set() - APP/Controller/Component/CacheObjectComponent.php, line 49
LoadConfigsComponent::load() - APP/Controller/Component/LoadConfigsComponent.php, line 43
include - APP/Config/bootstrap.php, line 145
Configure::bootstrap() - CORE/Cake/Core/Configure.php, line 92
require - CORE/Cake/bootstrap.php, line 175
ShellDispatcher::_bootstrap() - CORE/Cake/Console/ShellDispatcher.php, line 138
ShellDispatcher::_initEnvironment() - CORE/Cake/Console/ShellDispatcher.php, line 100
ShellDispatcher::__construct() - CORE/Cake/Console/ShellDispatcher.php, line 54
ShellDispatcher::run() - CORE/Cake/Console/ShellDispatcher.php, line 65
[main] - APP/Console/cake.php, line 47

2015-05-11 16:29:21 Warning: Warning (512): short cache was unable to write 'application' to File cache in [/var/www/bcdoors.it.ucla.edu/app/lib/Cake/Cache/Cache.php, line 323]
Trace:
Cache::write() - CORE/Cake/Cache/Cache.php, line 323
CacheObjectComponent::set() - APP/Controller/Component/CacheObjectComponent.php, line 49
LoadConfigsComponent::load() - APP/Controller/Component/LoadConfigsComponent.php, line 43
include - APP/Config/bootstrap.php, line 145
Configure::bootstrap() - CORE/Cake/Core/Configure.php, line 92
require - CORE/Cake/bootstrap.php, line 175
ShellDispatcher::_bootstrap() - CORE/Cake/Console/ShellDispatcher.php, line 138
ShellDispatcher::_initEnvironment() - CORE/Cake/Console/ShellDispatcher.php, line 100
ShellDispatcher::__construct() - CORE/Cake/Console/ShellDispatcher.php, line 54
ShellDispatcher::run() - CORE/Cake/Console/ShellDispatcher.php, line 65
[main] - APP/Console/cake.php, line 47

2015-05-11 16:29:21 Warning: Warning (512): SplFileInfo::openFile(/var/www/bcdoors.it.ucla.edu/app/app/tmp/cache/cake_application) [http://php.net/splfileinfo.openfile]: failed to open stream: Permission denied in [/var/www/bcdoors.it.ucla.edu/app/lib/Cake/Cache/Engine/FileEngine.php, line 356]
Trace:
FileEngine::_setKey() - CORE/Cake/Cache/Engine/FileEngine.php, line 356
FileEngine::read() - CORE/Cake/Cache/Engine/FileEngine.php, line 158
Cache::read() - CORE/Cake/Cache/Cache.php, line 358
include - APP/Config/bootstrap.php, line 147
Configure::bootstrap() - CORE/Cake/Core/Configure.php, line 92
require - CORE/Cake/bootstrap.php, line 175
ShellDispatcher::_bootstrap() - CORE/Cake/Console/ShellDispatcher.php, line 138
ShellDispatcher::_initEnvironment() - CORE/Cake/Console/ShellDispatcher.php, line 100
ShellDispatcher::__construct() - CORE/Cake/Console/ShellDispatcher.php, line 54
ShellDispatcher::run() - CORE/Cake/Console/ShellDispatcher.php, line 65
[main] - APP/Console/cake.php, line 47

2015-05-11 16:29:21 Warning: SplFileInfo::openFile(/var/www/bcdoors.it.ucla.edu/app/app/tmp/cache/cake_dbase_connections) [http://php.net/splfileinfo.openfile]: failed to open stream: Permission denied in [/var/www/bcdoors.it.ucla.edu/app/lib/Cake/Cache/Engine/FileEngine.php, line 356]
2015-05-11 16:29:21 Warning: SplFileInfo::openFile(/var/www/bcdoors.it.ucla.edu/app/app/tmp/cache/cake_dbase_connections) [http://php.net/splfileinfo.openfile]: failed to open stream: Permission denied in [/var/www/bcdoors.it.ucla.edu/app/lib/Cake/Cache/Engine/FileEngine.php, line 356]
2015-05-11 16:29:21 Warning: SplFileInfo::openFile(/var/www/bcdoors.it.ucla.edu/app/app/tmp/cache/cake_dbase_connections) [http://php.net/splfileinfo.openfile]: failed to open stream: Permission denied in [/var/www/bcdoors.it.ucla.edu/app/lib/Cake/Cache/Engine/FileEngine.php, line 356]
2015-05-11 16:29:21 Warning: short cache was unable to write 'dbase_connections' to File cache in [/var/www/bcdoors.it.ucla.edu/app/lib/Cake/Cache/Cache.php, line 323]
2015-05-11 16:29:21 Warning: SplFileInfo::openFile(/var/www/bcdoors.it.ucla.edu/app/app/tmp/cache/cake_application) [http://php.net/splfileinfo.openfile]: failed to open stream: Permission denied in [/var/www/bcdoors.it.ucla.edu/app/lib/Cake/Cache/Engine/FileEngine.php, line 356]
2015-05-11 16:29:21 Warning: SplFileInfo::openFile(/var/www/bcdoors.it.ucla.edu/app/app/tmp/cache/cake_application) [http://php.net/splfileinfo.openfile]: failed to open stream: Permission denied in [/var/www/bcdoors.it.ucla.edu/app/lib/Cake/Cache/Engine/FileEngine.php, line 356]
2015-05-11 16:29:21 Warning: SplFileInfo::openFile(/var/www/bcdoors.it.ucla.edu/app/app/tmp/cache/cake_application) [http://php.net/splfileinfo.openfile]: failed to open stream: Permission denied in [/var/www/bcdoors.it.ucla.edu/app/lib/Cake/Cache/Engine/FileEngine.php, line 356]
2015-05-11 16:29:21 Warning: short cache was unable to write 'application' to File cache in [/var/www/bcdoors.it.ucla.edu/app/lib/Cake/Cache/Cache.php, line 323]
2015-05-11 16:29:21 Warning: SplFileInfo::openFile(/var/www/bcdoors.it.ucla.edu/app/app/tmp/cache/cake_dbase_connections) [http://php.net/splfileinfo.openfile]: failed to open stream: Permission denied in [/var/www/bcdoors.it.ucla.edu/app/lib/Cake/Cache/Engine/FileEngine.php, line 356]
2015-05-11 16:29:21 Warning: oci_pconnect() [http://php.net/function.oci-pconnect]: ORA-24415: Missing or null username. in [/var/www/bcdoors.it.ucla.edu/app/lib/Cake/Model/Datasource/Database/Oracle.php, line 200]
2015-05-11 16:29:21 Warning: SplFileInfo::openFile(/var/www/bcdoors.it.ucla.edu/app/app/tmp/cache/models/myapp_cake_model_default__list) [http://php.net/splfileinfo.openfile]: failed to open stream: Permission denied in [/var/www/bcdoors.it.ucla.edu/app/lib/Cake/Cache/Engine/FileEngine.php, line 356]
2015-05-11 16:29:21 Warning: SplFileInfo::openFile(/var/www/bcdoors.it.ucla.edu/app/app/tmp/cache/models/myapp_cake_model_default__list) [http://php.net/splfileinfo.openfile]: failed to open stream: Permission denied in [/var/www/bcdoors.it.ucla.edu/app/lib/Cake/Cache/Engine/FileEngine.php, line 356]
2015-05-11 16:29:21 Warning: _cake_model_ cache was unable to write 'default__list' to File cache in [/var/www/bcdoors.it.ucla.edu/app/lib/Cake/Cache/Cache.php, line 323]
2015-05-11 16:29:21 Warning: oci_parse() expects parameter 1 to be resource, boolean given in [/var/www/bcdoors.it.ucla.edu/app/lib/Cake/Model/Datasource/Database/Oracle.php, line 373]
2015-05-11 16:29:21 Warning: oci_parse() expects parameter 1 to be resource, boolean given in [/var/www/bcdoors.it.ucla.edu/app/lib/Cake/Model/Datasource/Database/Oracle.php, line 373]
2015-05-11 16:29:21 Warning: SplFileInfo::openFile(/var/www/bcdoors.it.ucla.edu/app/app/tmp/cache/persistent/myapp_cake_core_file_map) [http://php.net/splfileinfo.openfile]: failed to open stream: Permission denied in [/var/www/bcdoors.it.ucla.edu/app/lib/Cake/Cache/Engine/FileEngine.php, line 356]
2015-05-11 16:29:21 Warning: _cake_core_ cache was unable to write 'file_map' to File cache in [/var/www/bcdoors.it.ucla.edu/app/lib/Cake/Cache/Cache.php, line 323]
2015-05-11 16:29:46 Warning: SplFileInfo::openFile(/var/www/bcdoors.it.ucla.edu/app/app/tmp/cache/persistent/myapp_cake_core_cake_console_eng) [http://php.net/splfileinfo.openfile]: failed to open stream: Permission denied in [/var/www/bcdoors.it.ucla.edu/app/lib/Cake/Cache/Engine/FileEngine.php, line 356]
2015-05-11 16:29:46 Warning: SplFileInfo::openFile(/var/www/bcdoors.it.ucla.edu/app/app/tmp/cache/persistent/myapp_cake_core_cake_console_eng) [http://php.net/splfileinfo.openfile]: failed to open stream: Permission denied in [/var/www/bcdoors.it.ucla.edu/app/lib/Cake/Cache/Engine/FileEngine.php, line 356]
2015-05-11 16:29:46 Warning: _cake_core_ cache was unable to write 'cake_console_eng' to File cache in [/var/www/bcdoors.it.ucla.edu/app/lib/Cake/Cache/Cache.php, line 323]
2016-02-22 10:45:04 Error: [MissingControllerException] Controller class AppcacheController could not be found.
Exception Attributes: array (
  'class' => 'AppcacheController',
  'plugin' => NULL,
)
Request URL: /app/appcache
Stack Trace:
#0 /var/www/bcdoors.it.ucla.edu/app/app/webroot/index.php(110): Dispatcher->dispatch(Object(CakeRequest), Object(CakeResponse))
#1 {main}
2016-02-22 10:45:55 Error: [MissingControllerException] Controller class CcheController could not be found.
Exception Attributes: array (
  'class' => 'CcheController',
  'plugin' => NULL,
)
Request URL: /app/cche
Stack Trace:
#0 /var/www/bcdoors.it.ucla.edu/app/app/webroot/index.php(110): Dispatcher->dispatch(Object(CakeRequest), Object(CakeResponse))
#1 {main}
2020-11-19 16:42:34 Error: [MissingControllerException] Controller class CfsController could not be found.
Exception Attributes: array (
  'class' => 'CfsController',
  'plugin' => NULL,
)
Request URL: /app/cfs
Stack Trace:
#0 /var/www/bcdoors.it.ucla.edu/app/app/webroot/index.php(110): Dispatcher->dispatch(Object(CakeRequest), Object(CakeResponse))
#1 {main}
2020-11-19 16:42:40 Error: [MissingControllerException] Controller class PdfController could not be found.
Exception Attributes: array (
  'class' => 'PdfController',
  'plugin' => NULL,
)
Request URL: /app/pdf
Stack Trace:
#0 /var/www/bcdoors.it.ucla.edu/app/app/webroot/index.php(110): Dispatcher->dispatch(Object(CakeRequest), Object(CakeResponse))
#1 {main}
2020-12-16 09:43:41 Error: [MissingControllerException] Controller class CfsController could not be found.
Exception Attributes: array (
  'class' => 'CfsController',
  'plugin' => NULL,
)
Request URL: /app/cfs
Stack Trace:
#0 /var/www/bcdoors.it.ucla.edu/app/app/webroot/index.php(110): Dispatcher->dispatch(Object(CakeRequest), Object(CakeResponse))
#1 {main}
2020-12-16 09:43:49 Error: [MissingControllerException] Controller class CfsController could not be found.
Exception Attributes: array (
  'class' => 'CfsController',
  'plugin' => NULL,
)
Request URL: /app/cfs/xml
Stack Trace:
#0 /var/www/bcdoors.it.ucla.edu/app/app/webroot/index.php(110): Dispatcher->dispatch(Object(CakeRequest), Object(CakeResponse))
#1 {main}
2024-03-01 15:52:20 Error: [MissingControllerException] Controller class CashController could not be found.
Exception Attributes: array (
  'class' => 'CashController',
  'plugin' => NULL,
)
Request URL: /app/cash
Stack Trace:
#0 /var/www/bcdoors.it.ucla.edu/app/app/webroot/index.php(110): Dispatcher->dispatch(Object(CakeRequest), Object(CakeResponse))
#1 {main}
2024-07-09 11:21:00 Error: [SocketException] Connection refused
Request URL: /app/json/search/card_holder?Search-type=card&Search-uid=303739052&Search-user_id=303739052&field_id=grp_card_holder_uid&_=1720549255177
Stack Trace:
#0 /var/www/bcdoors.it.ucla.edu/app/lib/Cake/Network/CakeSocket.php(272): CakeSocket->connect()
#1 /var/www/bcdoors.it.ucla.edu/app/lib/Cake/Network/Http/HttpSocket.php(374): CakeSocket->write('GET /customer/r...')
#2 /var/www/bcdoors.it.ucla.edu/app/lib/Cake/Network/Http/HttpSocket.php(462): HttpSocket->request(Array)
#3 /var/www/bcdoors.it.ucla.edu/app/app/Controller/Component/HttpComponent.php(69): HttpSocket->get('http://localhos...', Array)
#4 /var/www/bcdoors.it.ucla.edu/app/app/Controller/SearchController.php(66): HttpComponent->get('http://localhos...', Array)
#5 [internal function]: SearchController->json_card_holder()
#6 /var/www/bcdoors.it.ucla.edu/app/lib/Cake/Controller/Controller.php(490): ReflectionMethod->invokeArgs(Object(SearchController), Array)
#7 /var/www/bcdoors.it.ucla.edu/app/lib/Cake/Routing/Dispatcher.php(191): Controller->invokeAction(Object(CakeRequest))
#8 /var/www/bcdoors.it.ucla.edu/app/lib/Cake/Routing/Dispatcher.php(165): Dispatcher->_invoke(Object(SearchController), Object(CakeRequest))
#9 /var/www/bcdoors.it.ucla.edu/app/app/webroot/index.php(110): Dispatcher->dispatch(Object(CakeRequest), Object(CakeResponse))
#10 {main}
2024-07-09 11:21:05 Error: [SocketException] Connection refused
Request URL: /app/json/search/card_holder?Search-type=card&Search-uid=303739052&Search-user_id=303739052&field_id=grp_card_holder_uid&_=1720549255178
Stack Trace:
#0 /var/www/bcdoors.it.ucla.edu/app/lib/Cake/Network/CakeSocket.php(272): CakeSocket->connect()
#1 /var/www/bcdoors.it.ucla.edu/app/lib/Cake/Network/Http/HttpSocket.php(374): CakeSocket->write('GET /customer/r...')
#2 /var/www/bcdoors.it.ucla.edu/app/lib/Cake/Network/Http/HttpSocket.php(462): HttpSocket->request(Array)
#3 /var/www/bcdoors.it.ucla.edu/app/app/Controller/Component/HttpComponent.php(69): HttpSocket->get('http://localhos...', Array)
#4 /var/www/bcdoors.it.ucla.edu/app/app/Controller/SearchController.php(66): HttpComponent->get('http://localhos...', Array)
#5 [internal function]: SearchController->json_card_holder()
#6 /var/www/bcdoors.it.ucla.edu/app/lib/Cake/Controller/Controller.php(490): ReflectionMethod->invokeArgs(Object(SearchController), Array)
#7 /var/www/bcdoors.it.ucla.edu/app/lib/Cake/Routing/Dispatcher.php(191): Controller->invokeAction(Object(CakeRequest))
#8 /var/www/bcdoors.it.ucla.edu/app/lib/Cake/Routing/Dispatcher.php(165): Dispatcher->_invoke(Object(SearchController), Object(CakeRequest))
#9 /var/www/bcdoors.it.ucla.edu/app/app/webroot/index.php(110): Dispatcher->dispatch(Object(CakeRequest), Object(CakeResponse))
#10 {main}
2024-07-09 11:21:30 Error: [SocketException] Connection refused
Request URL: /app/json/search/card_holder?Search-type=card&Search-uid=003266233&Search-user_id=003266233&field_id=grp_card_holder_uid&_=1720549250045
Stack Trace:
#0 /var/www/bcdoors.it.ucla.edu/app/lib/Cake/Network/CakeSocket.php(272): CakeSocket->connect()
#1 /var/www/bcdoors.it.ucla.edu/app/lib/Cake/Network/Http/HttpSocket.php(374): CakeSocket->write('GET /customer/r...')
#2 /var/www/bcdoors.it.ucla.edu/app/lib/Cake/Network/Http/HttpSocket.php(462): HttpSocket->request(Array)
#3 /var/www/bcdoors.it.ucla.edu/app/app/Controller/Component/HttpComponent.php(69): HttpSocket->get('http://localhos...', Array)
#4 /var/www/bcdoors.it.ucla.edu/app/app/Controller/SearchController.php(66): HttpComponent->get('http://localhos...', Array)
#5 [internal function]: SearchController->json_card_holder()
#6 /var/www/bcdoors.it.ucla.edu/app/lib/Cake/Controller/Controller.php(490): ReflectionMethod->invokeArgs(Object(SearchController), Array)
#7 /var/www/bcdoors.it.ucla.edu/app/lib/Cake/Routing/Dispatcher.php(191): Controller->invokeAction(Object(CakeRequest))
#8 /var/www/bcdoors.it.ucla.edu/app/lib/Cake/Routing/Dispatcher.php(165): Dispatcher->_invoke(Object(SearchController), Object(CakeRequest))
#9 /var/www/bcdoors.it.ucla.edu/app/app/webroot/index.php(110): Dispatcher->dispatch(Object(CakeRequest), Object(CakeResponse))
#10 {main}
2024-07-09 11:21:36 Error: [SocketException] Connection refused
Request URL: /app/json/search/card_holder?Search-type=card&Search-uid=003266233&Search-user_id=003266233&field_id=grp_card_holder_uid&_=1720549250046
Stack Trace:
#0 /var/www/bcdoors.it.ucla.edu/app/lib/Cake/Network/CakeSocket.php(272): CakeSocket->connect()
#1 /var/www/bcdoors.it.ucla.edu/app/lib/Cake/Network/Http/HttpSocket.php(374): CakeSocket->write('GET /customer/r...')
#2 /var/www/bcdoors.it.ucla.edu/app/lib/Cake/Network/Http/HttpSocket.php(462): HttpSocket->request(Array)
#3 /var/www/bcdoors.it.ucla.edu/app/app/Controller/Component/HttpComponent.php(69): HttpSocket->get('http://localhos...', Array)
#4 /var/www/bcdoors.it.ucla.edu/app/app/Controller/SearchController.php(66): HttpComponent->get('http://localhos...', Array)
#5 [internal function]: SearchController->json_card_holder()
#6 /var/www/bcdoors.it.ucla.edu/app/lib/Cake/Controller/Controller.php(490): ReflectionMethod->invokeArgs(Object(SearchController), Array)
#7 /var/www/bcdoors.it.ucla.edu/app/lib/Cake/Routing/Dispatcher.php(191): Controller->invokeAction(Object(CakeRequest))
#8 /var/www/bcdoors.it.ucla.edu/app/lib/Cake/Routing/Dispatcher.php(165): Dispatcher->_invoke(Object(SearchController), Object(CakeRequest))
#9 /var/www/bcdoors.it.ucla.edu/app/app/webroot/index.php(110): Dispatcher->dispatch(Object(CakeRequest), Object(CakeResponse))
#10 {main}
2024-07-09 11:24:41 Error: [SocketException] Connection refused
Request URL: /app/json/search/card_holder?Search-type=card&Search-uid=003266233&Search-user_id=003266233&field_id=grp_card_holder_uid&_=1720549470234
Stack Trace:
#0 /var/www/bcdoors.it.ucla.edu/app/lib/Cake/Network/CakeSocket.php(272): CakeSocket->connect()
#1 /var/www/bcdoors.it.ucla.edu/app/lib/Cake/Network/Http/HttpSocket.php(374): CakeSocket->write('GET /customer/r...')
#2 /var/www/bcdoors.it.ucla.edu/app/lib/Cake/Network/Http/HttpSocket.php(462): HttpSocket->request(Array)
#3 /var/www/bcdoors.it.ucla.edu/app/app/Controller/Component/HttpComponent.php(69): HttpSocket->get('http://localhos...', Array)
#4 /var/www/bcdoors.it.ucla.edu/app/app/Controller/SearchController.php(66): HttpComponent->get('http://localhos...', Array)
#5 [internal function]: SearchController->json_card_holder()
#6 /var/www/bcdoors.it.ucla.edu/app/lib/Cake/Controller/Controller.php(490): ReflectionMethod->invokeArgs(Object(SearchController), Array)
#7 /var/www/bcdoors.it.ucla.edu/app/lib/Cake/Routing/Dispatcher.php(191): Controller->invokeAction(Object(CakeRequest))
#8 /var/www/bcdoors.it.ucla.edu/app/lib/Cake/Routing/Dispatcher.php(165): Dispatcher->_invoke(Object(SearchController), Object(CakeRequest))
#9 /var/www/bcdoors.it.ucla.edu/app/app/webroot/index.php(110): Dispatcher->dispatch(Object(CakeRequest), Object(CakeResponse))
#10 {main}
2024-07-09 11:24:44 Error: [SocketException] Connection refused
Request URL: /app/json/search/card_holder?Search-type=card&Search-uid=303739052&Search-user_id=303739052&field_id=grp_card_holder_uid&_=1720549476742
Stack Trace:
#0 /var/www/bcdoors.it.ucla.edu/app/lib/Cake/Network/CakeSocket.php(272): CakeSocket->connect()
#1 /var/www/bcdoors.it.ucla.edu/app/lib/Cake/Network/Http/HttpSocket.php(374): CakeSocket->write('GET /customer/r...')
#2 /var/www/bcdoors.it.ucla.edu/app/lib/Cake/Network/Http/HttpSocket.php(462): HttpSocket->request(Array)
#3 /var/www/bcdoors.it.ucla.edu/app/app/Controller/Component/HttpComponent.php(69): HttpSocket->get('http://localhos...', Array)
#4 /var/www/bcdoors.it.ucla.edu/app/app/Controller/SearchController.php(66): HttpComponent->get('http://localhos...', Array)
#5 [internal function]: SearchController->json_card_holder()
#6 /var/www/bcdoors.it.ucla.edu/app/lib/Cake/Controller/Controller.php(490): ReflectionMethod->invokeArgs(Object(SearchController), Array)
#7 /var/www/bcdoors.it.ucla.edu/app/lib/Cake/Routing/Dispatcher.php(191): Controller->invokeAction(Object(CakeRequest))
#8 /var/www/bcdoors.it.ucla.edu/app/lib/Cake/Routing/Dispatcher.php(165): Dispatcher->_invoke(Object(SearchController), Object(CakeRequest))
#9 /var/www/bcdoors.it.ucla.edu/app/app/webroot/index.php(110): Dispatcher->dispatch(Object(CakeRequest), Object(CakeResponse))
#10 {main}
2024-07-09 11:25:08 Error: [SocketException] Connection refused
Request URL: /app/json/search/card_holder?Search-type=card&Search-uid=303739052&Search-user_id=303739052&field_id=grp_card_holder_uid&_=1720549476743
Stack Trace:
#0 /var/www/bcdoors.it.ucla.edu/app/lib/Cake/Network/CakeSocket.php(272): CakeSocket->connect()
#1 /var/www/bcdoors.it.ucla.edu/app/lib/Cake/Network/Http/HttpSocket.php(374): CakeSocket->write('GET /customer/r...')
#2 /var/www/bcdoors.it.ucla.edu/app/lib/Cake/Network/Http/HttpSocket.php(462): HttpSocket->request(Array)
#3 /var/www/bcdoors.it.ucla.edu/app/app/Controller/Component/HttpComponent.php(69): HttpSocket->get('http://localhos...', Array)
#4 /var/www/bcdoors.it.ucla.edu/app/app/Controller/SearchController.php(66): HttpComponent->get('http://localhos...', Array)
#5 [internal function]: SearchController->json_card_holder()
#6 /var/www/bcdoors.it.ucla.edu/app/lib/Cake/Controller/Controller.php(490): ReflectionMethod->invokeArgs(Object(SearchController), Array)
#7 /var/www/bcdoors.it.ucla.edu/app/lib/Cake/Routing/Dispatcher.php(191): Controller->invokeAction(Object(CakeRequest))
#8 /var/www/bcdoors.it.ucla.edu/app/lib/Cake/Routing/Dispatcher.php(165): Dispatcher->_invoke(Object(SearchController), Object(CakeRequest))
#9 /var/www/bcdoors.it.ucla.edu/app/app/webroot/index.php(110): Dispatcher->dispatch(Object(CakeRequest), Object(CakeResponse))
#10 {main}
2024-07-09 11:26:18 Error: [SocketException] Connection refused
Request URL: /app/json/search/card_holder?Search-type=card&Search-uid=303739052&Search-user_id=303739052&field_id=grp_card_holder_uid&_=1720549572992
Stack Trace:
#0 /var/www/bcdoors.it.ucla.edu/app/lib/Cake/Network/CakeSocket.php(272): CakeSocket->connect()
#1 /var/www/bcdoors.it.ucla.edu/app/lib/Cake/Network/Http/HttpSocket.php(374): CakeSocket->write('GET /customer/r...')
#2 /var/www/bcdoors.it.ucla.edu/app/lib/Cake/Network/Http/HttpSocket.php(462): HttpSocket->request(Array)
#3 /var/www/bcdoors.it.ucla.edu/app/app/Controller/Component/HttpComponent.php(69): HttpSocket->get('http://localhos...', Array)
#4 /var/www/bcdoors.it.ucla.edu/app/app/Controller/SearchController.php(66): HttpComponent->get('http://localhos...', Array)
#5 [internal function]: SearchController->json_card_holder()
#6 /var/www/bcdoors.it.ucla.edu/app/lib/Cake/Controller/Controller.php(490): ReflectionMethod->invokeArgs(Object(SearchController), Array)
#7 /var/www/bcdoors.it.ucla.edu/app/lib/Cake/Routing/Dispatcher.php(191): Controller->invokeAction(Object(CakeRequest))
#8 /var/www/bcdoors.it.ucla.edu/app/lib/Cake/Routing/Dispatcher.php(165): Dispatcher->_invoke(Object(SearchController), Object(CakeRequest))
#9 /var/www/bcdoors.it.ucla.edu/app/app/webroot/index.php(110): Dispatcher->dispatch(Object(CakeRequest), Object(CakeResponse))
#10 {main}
2024-07-09 11:36:38 Error: [SocketException] Connection refused
Request URL: /app/json/search/card_holder?Search-type=card&Search-uid=303739052&Search-user_id=303739052&field_id=grp_card_holder_uid&_=1720549601008
Stack Trace:
#0 /var/www/bcdoors.it.ucla.edu/app/lib/Cake/Network/CakeSocket.php(272): CakeSocket->connect()
#1 /var/www/bcdoors.it.ucla.edu/app/lib/Cake/Network/Http/HttpSocket.php(374): CakeSocket->write('GET /customer/r...')
#2 /var/www/bcdoors.it.ucla.edu/app/lib/Cake/Network/Http/HttpSocket.php(462): HttpSocket->request(Array)
#3 /var/www/bcdoors.it.ucla.edu/app/app/Controller/Component/HttpComponent.php(69): HttpSocket->get('http://localhos...', Array)
#4 /var/www/bcdoors.it.ucla.edu/app/app/Controller/SearchController.php(66): HttpComponent->get('http://localhos...', Array)
#5 [internal function]: SearchController->json_card_holder()
#6 /var/www/bcdoors.it.ucla.edu/app/lib/Cake/Controller/Controller.php(490): ReflectionMethod->invokeArgs(Object(SearchController), Array)
#7 /var/www/bcdoors.it.ucla.edu/app/lib/Cake/Routing/Dispatcher.php(191): Controller->invokeAction(Object(CakeRequest))
#8 /var/www/bcdoors.it.ucla.edu/app/lib/Cake/Routing/Dispatcher.php(165): Dispatcher->_invoke(Object(SearchController), Object(CakeRequest))
#9 /var/www/bcdoors.it.ucla.edu/app/app/webroot/index.php(110): Dispatcher->dispatch(Object(CakeRequest), Object(CakeResponse))
#10 {main}
2024-07-09 11:36:45 Error: [SocketException] Connection refused
Request URL: /app/json/search/card_holder?Search-type=card&Search-uid=003266233&Search-user_id=003266233&field_id=grp_card_holder_uid&_=1720550198507
Stack Trace:
#0 /var/www/bcdoors.it.ucla.edu/app/lib/Cake/Network/CakeSocket.php(272): CakeSocket->connect()
#1 /var/www/bcdoors.it.ucla.edu/app/lib/Cake/Network/Http/HttpSocket.php(374): CakeSocket->write('GET /customer/r...')
#2 /var/www/bcdoors.it.ucla.edu/app/lib/Cake/Network/Http/HttpSocket.php(462): HttpSocket->request(Array)
#3 /var/www/bcdoors.it.ucla.edu/app/app/Controller/Component/HttpComponent.php(69): HttpSocket->get('http://localhos...', Array)
#4 /var/www/bcdoors.it.ucla.edu/app/app/Controller/SearchController.php(66): HttpComponent->get('http://localhos...', Array)
#5 [internal function]: SearchController->json_card_holder()
#6 /var/www/bcdoors.it.ucla.edu/app/lib/Cake/Controller/Controller.php(490): ReflectionMethod->invokeArgs(Object(SearchController), Array)
#7 /var/www/bcdoors.it.ucla.edu/app/lib/Cake/Routing/Dispatcher.php(191): Controller->invokeAction(Object(CakeRequest))
#8 /var/www/bcdoors.it.ucla.edu/app/lib/Cake/Routing/Dispatcher.php(165): Dispatcher->_invoke(Object(SearchController), Object(CakeRequest))
#9 /var/www/bcdoors.it.ucla.edu/app/app/webroot/index.php(110): Dispatcher->dispatch(Object(CakeRequest), Object(CakeResponse))
#10 {main}
2024-07-09 11:36:56 Error: [SocketException] Connection refused
Request URL: /app/json/search/card_holder?Search-type=card&Search-uid=003266233&Search-user_id=003266233&field_id=grp_card_holder_uid&_=1720550198507
Stack Trace:
#0 /var/www/bcdoors.it.ucla.edu/app/lib/Cake/Network/CakeSocket.php(272): CakeSocket->connect()
#1 /var/www/bcdoors.it.ucla.edu/app/lib/Cake/Network/Http/HttpSocket.php(374): CakeSocket->write('GET /customer/r...')
#2 /var/www/bcdoors.it.ucla.edu/app/lib/Cake/Network/Http/HttpSocket.php(462): HttpSocket->request(Array)
#3 /var/www/bcdoors.it.ucla.edu/app/app/Controller/Component/HttpComponent.php(69): HttpSocket->get('http://localhos...', Array)
#4 /var/www/bcdoors.it.ucla.edu/app/app/Controller/SearchController.php(66): HttpComponent->get('http://localhos...', Array)
#5 [internal function]: SearchController->json_card_holder()
#6 /var/www/bcdoors.it.ucla.edu/app/lib/Cake/Controller/Controller.php(490): ReflectionMethod->invokeArgs(Object(SearchController), Array)
#7 /var/www/bcdoors.it.ucla.edu/app/lib/Cake/Routing/Dispatcher.php(191): Controller->invokeAction(Object(CakeRequest))
#8 /var/www/bcdoors.it.ucla.edu/app/lib/Cake/Routing/Dispatcher.php(165): Dispatcher->_invoke(Object(SearchController), Object(CakeRequest))
#9 /var/www/bcdoors.it.ucla.edu/app/app/webroot/index.php(110): Dispatcher->dispatch(Object(CakeRequest), Object(CakeResponse))
#10 {main}
2024-07-24 12:29:06 Error: [SocketException] Connection refused
Request URL: /app/json/search/card_holder?Search-type=card&Search-uid=999999999&Search-user_id=003266233&field_id=grp_card_holder_uid&_=1721849341586
Stack Trace:
#0 /var/www/bcdoors.it.ucla.edu/app/lib/Cake/Network/CakeSocket.php(272): CakeSocket->connect()
#1 /var/www/bcdoors.it.ucla.edu/app/lib/Cake/Network/Http/HttpSocket.php(374): CakeSocket->write('GET /customer/r...')
#2 /var/www/bcdoors.it.ucla.edu/app/lib/Cake/Network/Http/HttpSocket.php(462): HttpSocket->request(Array)
#3 /var/www/bcdoors.it.ucla.edu/app/app/Controller/Component/HttpComponent.php(69): HttpSocket->get('http://localhos...', Array)
#4 /var/www/bcdoors.it.ucla.edu/app/app/Controller/SearchController.php(66): HttpComponent->get('http://localhos...', Array)
#5 [internal function]: SearchController->json_card_holder()
#6 /var/www/bcdoors.it.ucla.edu/app/lib/Cake/Controller/Controller.php(490): ReflectionMethod->invokeArgs(Object(SearchController), Array)
#7 /var/www/bcdoors.it.ucla.edu/app/lib/Cake/Routing/Dispatcher.php(191): Controller->invokeAction(Object(CakeRequest))
#8 /var/www/bcdoors.it.ucla.edu/app/lib/Cake/Routing/Dispatcher.php(165): Dispatcher->_invoke(Object(SearchController), Object(CakeRequest))
#9 /var/www/bcdoors.it.ucla.edu/app/app/webroot/index.php(110): Dispatcher->dispatch(Object(CakeRequest), Object(CakeResponse))
#10 {main}
2024-07-24 12:29:15 Error: [SocketException] Connection refused
Request URL: /app/json/search/card_holder?Search-type=card&Search-uid=999999999&Search-user_id=003266233&field_id=grp_card_holder_uid&_=1721849341587
Stack Trace:
#0 /var/www/bcdoors.it.ucla.edu/app/lib/Cake/Network/CakeSocket.php(272): CakeSocket->connect()
#1 /var/www/bcdoors.it.ucla.edu/app/lib/Cake/Network/Http/HttpSocket.php(374): CakeSocket->write('GET /customer/r...')
#2 /var/www/bcdoors.it.ucla.edu/app/lib/Cake/Network/Http/HttpSocket.php(462): HttpSocket->request(Array)
#3 /var/www/bcdoors.it.ucla.edu/app/app/Controller/Component/HttpComponent.php(69): HttpSocket->get('http://localhos...', Array)
#4 /var/www/bcdoors.it.ucla.edu/app/app/Controller/SearchController.php(66): HttpComponent->get('http://localhos...', Array)
#5 [internal function]: SearchController->json_card_holder()
#6 /var/www/bcdoors.it.ucla.edu/app/lib/Cake/Controller/Controller.php(490): ReflectionMethod->invokeArgs(Object(SearchController), Array)
#7 /var/www/bcdoors.it.ucla.edu/app/lib/Cake/Routing/Dispatcher.php(191): Controller->invokeAction(Object(CakeRequest))
#8 /var/www/bcdoors.it.ucla.edu/app/lib/Cake/Routing/Dispatcher.php(165): Dispatcher->_invoke(Object(SearchController), Object(CakeRequest))
#9 /var/www/bcdoors.it.ucla.edu/app/app/webroot/index.php(110): Dispatcher->dispatch(Object(CakeRequest), Object(CakeResponse))
#10 {main}
2024-07-24 12:29:28 Error: [SocketException] Connection refused
Request URL: /app/json/search/card_holder?Search-type=card&Search-uid=003266233&Search-user_id=003266233&field_id=grp_card_holder_uid&_=1721849363479
Stack Trace:
#0 /var/www/bcdoors.it.ucla.edu/app/lib/Cake/Network/CakeSocket.php(272): CakeSocket->connect()
#1 /var/www/bcdoors.it.ucla.edu/app/lib/Cake/Network/Http/HttpSocket.php(374): CakeSocket->write('GET /customer/r...')
#2 /var/www/bcdoors.it.ucla.edu/app/lib/Cake/Network/Http/HttpSocket.php(462): HttpSocket->request(Array)
#3 /var/www/bcdoors.it.ucla.edu/app/app/Controller/Component/HttpComponent.php(69): HttpSocket->get('http://localhos...', Array)
#4 /var/www/bcdoors.it.ucla.edu/app/app/Controller/SearchController.php(66): HttpComponent->get('http://localhos...', Array)
#5 [internal function]: SearchController->json_card_holder()
#6 /var/www/bcdoors.it.ucla.edu/app/lib/Cake/Controller/Controller.php(490): ReflectionMethod->invokeArgs(Object(SearchController), Array)
#7 /var/www/bcdoors.it.ucla.edu/app/lib/Cake/Routing/Dispatcher.php(191): Controller->invokeAction(Object(CakeRequest))
#8 /var/www/bcdoors.it.ucla.edu/app/lib/Cake/Routing/Dispatcher.php(165): Dispatcher->_invoke(Object(SearchController), Object(CakeRequest))
#9 /var/www/bcdoors.it.ucla.edu/app/app/webroot/index.php(110): Dispatcher->dispatch(Object(CakeRequest), Object(CakeResponse))
#10 {main}
2024-07-24 12:31:17 Error: [SocketException] Connection refused
Request URL: /app/json/search/card_holder?Search-type=card&Search-uid=003266233&Search-user_id=003266233&field_id=grp_card_holder_uid&_=1721849472219
Stack Trace:
#0 /var/www/bcdoors.it.ucla.edu/app/lib/Cake/Network/CakeSocket.php(272): CakeSocket->connect()
#1 /var/www/bcdoors.it.ucla.edu/app/lib/Cake/Network/Http/HttpSocket.php(374): CakeSocket->write('GET /customer/r...')
#2 /var/www/bcdoors.it.ucla.edu/app/lib/Cake/Network/Http/HttpSocket.php(462): HttpSocket->request(Array)
#3 /var/www/bcdoors.it.ucla.edu/app/app/Controller/Component/HttpComponent.php(69): HttpSocket->get('http://localhos...', Array)
#4 /var/www/bcdoors.it.ucla.edu/app/app/Controller/SearchController.php(66): HttpComponent->get('http://localhos...', Array)
#5 [internal function]: SearchController->json_card_holder()
#6 /var/www/bcdoors.it.ucla.edu/app/lib/Cake/Controller/Controller.php(490): ReflectionMethod->invokeArgs(Object(SearchController), Array)
#7 /var/www/bcdoors.it.ucla.edu/app/lib/Cake/Routing/Dispatcher.php(191): Controller->invokeAction(Object(CakeRequest))
#8 /var/www/bcdoors.it.ucla.edu/app/lib/Cake/Routing/Dispatcher.php(165): Dispatcher->_invoke(Object(SearchController), Object(CakeRequest))
#9 /var/www/bcdoors.it.ucla.edu/app/app/webroot/index.php(110): Dispatcher->dispatch(Object(CakeRequest), Object(CakeResponse))
#10 {main}
