initscripts
basesystem
bfa-firmware
httpd
cyrus-sasl
samba-winbind
subscription-manager-rhsm
device-mapper-libs
perl-HTML-Parser
info
subscription-manager-migration
device-mapper-event
system-config-firewall-base
kernel
rsyslog
gamin
java-1.8.0-openjdk
lvm2
readline
mailx
zlib
php
libidn
openscap
libtalloc
openscap-engine-sce
redhat-rpm-config
ql2400-firmware
elfutils-libs
pth
openscap-utils
file
preupgrade-assistant-el6toel7
gnupg2
libutempter
apr-util-ldap
nano
fontconfig
xorg-x11-font-utils
groff
libXau
cracklib
libX11
mysql-libs
libXrender
python-argparse
libXdamage
libXinerama
libselinux-utils
lksctp-tools
setup
pango
ustr
perl-version
libevent
openssh
dbus-python
openssh-server
compat-readline5
pygpgme
pygobject2
b43-openfwwf
dbus-libs
slang
libuser
openssl
pinentry
ruby-libs
nss-softokn
nss-tools
newt-python
pciutils-libs
gdbm
iputils
iwl1000-firmware
redhat-release-server
p11-kit
yum-rhn-plugin
dhcp-common
libxml2
glibc
ql2100-firmware
ruby-rdoc
rt61pci-firmware
tar
gmp
ipw2100-firmware
iptables
virt-what
selinux-policy
logwatch
zip
libss
audit-libs-python
cronie-anacron
rpm-libs
efibootmgr
rhn-check
httpd-tools
libnih
udev
filesystem
libjpeg-turbo
rhnsd
binutils
libpng
subscription-manager
gcc
perl-parent
libcgroup
nfs-utils
acl
e2fsprogs
bzip2-libs
perl-Net-LibIDN
apr
sysstat
xorg-x11-drv-ati-firmware
php-devel
xz-lzma-compat
mod_wsgi
bzip2
fakeroot-libs
libsemanage
elfutils
mtr
preupgrade-assistant
file-libs
xz
procps
preupgrade-assistant-el6toel7-data
yum-plugin-security
sysvinit-tools
expat
diffutils
libXfont
xorg-x11-fonts-Type1
mpfr
libX11-common
sqlite
cloog-ppl
libXtst
libtdb
jpackage-utils
findutils
libXfixes
libcap-ng
libXft
atk
pcsc-lite-libs
cairo
fipscheck
db4
libgssglue
gtk2
libffi
perl-Module-Pluggable
python-simplejson
audit-libs
openssh-clients
yum-metadata-parser
pam
libedit
setools-libs-python
module-init-tools
perl-IO-Compress-Zlib
authconfig
vim-enhanced
openldap
vim-minimal
lsof
ruby
perl-Time-HiRes
nss-softokn-freebl
usermode
freetype
cpio
xz-libs
libdrm
psmisc
cyrus-sasl-lib
passwd
net-tools
dmidecode
tzdata-java
iwl6050-firmware
plymouth
kernel
iwl6000-firmware
hwdata
kernel-firmware
python-six
tzdata
iwl5000-firmware
libcom_err
gawk
libblkid
iwl4965-firmware
less
rt73usb-firmware
libtirpc
rootfiles
audit
rpcbind
grub
cronie
db4-utils
curl
rhn-client-tools
java-1.8.0-openjdk-headless
glibc-devel
perl-URI
dracut
perl-Digest-SHA1
samba-winbind-clients
libgomp
libcap
device-mapper-event-libs
perl-JSON
popt
rubygems
rhn-setup
libacl
perl-File-Which
selinux-policy-targeted
php-common
ncurses-libs
php-soap
man
libgpg-error
pykickstart
checkpolicy
fakeroot
ql2500-firmware
perl-YAML-Syck
rpm-build
screen
preupgrade-assistant-ui
libusb
dbus
unixODBC
apr-util
policycoreutils
libfontenc
dbus-glib
which
ttmkfdir
policycoreutils-python
chkconfig
alsa-lib
ppl
libXi
perl-IO-Socket-SSL
redhat-logos
tcp_wrappers-libs
libtiff
libaio
automake
libthai
mingetty
libselinux-python
libXcomposite
libpciaccess
gdk-pixbuf2
pixman
krb5-libs
fipscheck-lib
hicolor-icon-theme
perl-Pod-Escapes
keyutils
perl-Pod-Simple
python-iniparse
m2crypto
PyXML
setools-libs
python
gpm-libs
perl-Compress-Raw-Zlib
perl-Compress-Zlib
vim-common
python-urlgrabber
augeas-libs
logrotate
kbd
ruby-irb
nss-util
perl-Time-Piece
nss
kernel
python-ethtool
sudo
plymouth-core-libs
libselinux-ruby
bind-libs
iwl100-firmware
bind-utils
aic94xx-firmware
libgcc
grubby
kernel-headers
python-dateutil
libstdc++
libertas-usb8388-firmware
libuuid
zd1211-firmware
nmap
ql2200-firmware
coreutils
pkgconfig
ipw2200-firmware
iproute
gzip
pciutils
cpp
tcsh
libcurl
strace
rpm-python
cups-libs
glibc-headers
util-linux-ng
dracut-kernel
perl-Digest-HMAC
samba-common
subscription-manager-rhsm-certificates
libattr
perl-HTML-Tagset
device-mapper
perl-File-Copy-Recursive
rhnlib
lvm2-libs
mod_ssl
dhclient
libsepol
libnl
libgudev1
sed
iptables-ipv6
perl-Net-IP
device-mapper-persistent-data
ncurses-base
php-cli
lua
libxslt
perl-Net-SSLeay
openscap-scanner
libtevent
patch
pcre
gdb
perl-Date-Manip
rpmdevtools
yum-utils
redhat-upgrade-tool
libtool-ltdl
MAKEDEV
mailcap
libICE
m4
dash
libSM
libselinux
libxcb
cracklib-dicts
libXext
libgcrypt
giflib
libsemanage-python
elfutils-libelf
make
autoconf
libXcursor
ethtool
python-decorator
yum
jasper-libs
gpgme
bash
ntpdate
shadow-utils
grep
libXrandr
perl-libs
keyutils-libs
ntp
perl
python-libs
python-gudev
perl-IO-Compress-Base
libssh2
pyOpenSSL
perl-libwww-perl
vim-filesystem
kbd-misc
python-pycurl
nfs-utils-lib
plymouth-scripts
ncurses
libpcap
nspr
crontabs
php-pear
perl-Digest-SHA
nss-sysinit
newt
avahi-libs
iwl5150-firmware
iwl6000g2a-firmware
libtasn1
shared-mime-info
p11-kit-trust
subscription-manager-migration-data
attr
glibc-common
ivtv-firmware
libxml2-python
postfix
glib2
atmel-firmware
iwl3945-firmware
wget
coreutils-libs
ql23xx-firmware
python-dmidecode
ca-certificates
e2fsprogs-libs
unzip
rpm
gnutls
libudev
upstart
