96-20150401211859076363	2015-04-01	21:18:59.914033	Start Login `280161818`
96-20150401211859076363	2015-04-01	21:18:59.915606	Start Set Grouper Access `280161818`
96-20150401211859076363	2015-04-01	21:18:59.915691	Start Get Grouper Subject `280161818`
96-20150401211859076363	2015-04-01	21:19:00.082046	End Get Grouper Subject `280161818`
96-20150401211859076363	2015-04-01	21:19:00.082298	Start Get Grouper Merchant Access `urn:mace:ucla.edu:ppid:person:AE3D5DBCE3E146488526F11A29A01341`
96-20150401211859076363	2015-04-01	21:19:00.083010	Start Load DCs
96-20150401211859076363	2015-04-01	21:19:00.200485	End Load DCs
96-20150401211859076363	2015-04-01	21:19:00.202420	End Get Grouper Merchant Access `urn:mace:ucla.edu:ppid:person:AE3D5DBCE3E146488526F11A29A01341`
96-20150401211859076363	2015-04-01	21:19:00.202590	Start Set Access Plans Start|BruinCard_Test_Merchant,HHSDoorMerchant
96-20150401211859076363	2015-04-01	21:19:00.356948	End Set Access Plans Start|BruinCard_Test_Merchant,HHSDoorMerchant
96-20150401211859076363	2015-04-01	21:19:00.357287	End Set Grouper Access `280161818`
96-20150401211859076363	2015-04-01	21:19:00.357405	End Login `280161818`
59-20150401211912946400	2015-04-01	21:19:15.438285	Start Login `280161818`
59-20150401211912946400	2015-04-01	21:19:15.438722	Start Set Grouper Access `280161818`
59-20150401211912946400	2015-04-01	21:19:15.438802	Start Get Grouper Subject `280161818`
59-20150401211912946400	2015-04-01	21:19:15.498096	End Get Grouper Subject `280161818`
59-20150401211912946400	2015-04-01	21:19:15.498300	Start Get Grouper Merchant Access `urn:mace:ucla.edu:ppid:person:AE3D5DBCE3E146488526F11A29A01341`
59-20150401211912946400	2015-04-01	21:19:15.500833	End Get Grouper Merchant Access `urn:mace:ucla.edu:ppid:person:AE3D5DBCE3E146488526F11A29A01341`
59-20150401211912946400	2015-04-01	21:19:15.500986	Start Set Access Plans Start|BruinCard_Test_Merchant,HHSDoorMerchant
59-20150401211912946400	2015-04-01	21:19:15.501990	End Set Access Plans Start|BruinCard_Test_Merchant,HHSDoorMerchant
59-20150401211912946400	2015-04-01	21:19:15.502244	End Set Grouper Access `280161818`
59-20150401211912946400	2015-04-01	21:19:15.502322	End Login `280161818`
59-20150401211912946400	2015-04-01	21:19:15.522609	Start App
59-20150401211912946400	2015-04-01	21:19:15.522877	AUDIT - Find BruinCard Holder Start|type=card|name=de+arco|user_id=280161818
59-20150401211912946400	2015-04-01	21:19:15.538419	AUDIT - Find BruinCard Holder End
59-20150401211912946400	2015-04-01	21:19:15.538675	Call Search API Start
59-20150401211912946400	2015-04-01	21:19:18.184276	Call Search API End
59-20150401211912946400	2015-04-01	21:19:18.184629	Generate Results Start
59-20150401211912946400	2015-04-01	21:19:18.184990	Generate Results End
59-20150401211912946400	2015-04-01	21:19:18.185071	AUDIT - Find BruinCard Holder Results|results=1
59-20150401211912946400	2015-04-01	21:19:18.196737	AUDIT - Find BruinCard Holder Results End
59-20150401211912946400	2015-04-01	21:19:18.196845	End App
59-20150401211918365649	2015-04-01	21:19:18.729539	Start Login `280161818`
59-20150401211918365649	2015-04-01	21:19:18.729986	Start Set Grouper Access `280161818`
59-20150401211918365649	2015-04-01	21:19:18.730058	Start Get Grouper Subject `280161818`
59-20150401211918365649	2015-04-01	21:19:18.740124	End Get Grouper Subject `280161818`
59-20150401211918365649	2015-04-01	21:19:18.740326	Start Get Grouper Merchant Access `urn:mace:ucla.edu:ppid:person:AE3D5DBCE3E146488526F11A29A01341`
59-20150401211918365649	2015-04-01	21:19:18.742619	End Get Grouper Merchant Access `urn:mace:ucla.edu:ppid:person:AE3D5DBCE3E146488526F11A29A01341`
59-20150401211918365649	2015-04-01	21:19:18.742769	Start Set Access Plans Start|BruinCard_Test_Merchant,HHSDoorMerchant
59-20150401211918365649	2015-04-01	21:19:18.743624	End Set Access Plans Start|BruinCard_Test_Merchant,HHSDoorMerchant
59-20150401211918365649	2015-04-01	21:19:18.743833	End Set Grouper Access `280161818`
59-20150401211918365649	2015-04-01	21:19:18.743912	End Login `280161818`
59-20150401211918365649	2015-04-01	21:19:18.766818	Start App
59-20150401211918365649	2015-04-01	21:19:18.767255	Call Search API Start
59-20150401211918365649	2015-04-01	21:19:18.902690	Call Search API End
59-20150401211918365649	2015-04-01	21:19:18.903001	Start Get Pending
59-20150401211918365649	2015-04-01	21:19:19.266540	End Get Pending
59-20150401211918365649	2015-04-01	21:19:19.266706	Start Get Card Holder Status
59-20150401211918365649	2015-04-01	21:19:19.361323	End Get Card Holder Status
59-20150401211918365649	2015-04-01	21:19:19.361677	Start Get Card Holder Access Plans
59-20150401211918365649	2015-04-01	21:19:24.257301	End Get Card Holder Access Plans
59-20150401211918365649	2015-04-01	21:19:24.257539	Start Get Card Holder Allowed Access Plans
59-20150401211918365649	2015-04-01	21:19:24.258334	End Get Card Holder Allowed Access Plans
59-20150401211918365649	2015-04-01	21:19:24.284550	End App
