23-20150406090504431734	2015-04-06	09:05:13.130604	Start Load DCs
23-20150406090504431734	2015-04-06	09:05:30.578348	End Load DCs
72-20150406090645813871	2015-04-06	09:06:49.219212	Start Login `804554016`
72-20150406090645813871	2015-04-06	09:06:49.224212	Start Set Grouper Access `804554016`
72-20150406090645813871	2015-04-06	09:06:49.225212	Start Get Grouper Subject `804554016`
12-20150406090638974187	2015-04-06	09:06:49.301220	Start Login `804554016`
12-20150406090638974187	2015-04-06	09:06:49.303220	Start Set Grouper Access `804554016`
12-20150406090638974187	2015-04-06	09:06:49.304220	Start Get Grouper Subject `804554016`
72-20150406090645813871	2015-04-06	09:06:52.387528	End Get Grouper Subject `804554016`
72-20150406090645813871	2015-04-06	09:06:52.389529	Start Get Grouper Merchant Access `urn:mace:ucla.edu:ppid:person:8C66C9945EA34200891D83AC9A08DB72`
72-20150406090645813871	2015-04-06	09:06:52.415531	End Get Grouper Merchant Access `urn:mace:ucla.edu:ppid:person:8C66C9945EA34200891D83AC9A08DB72`
72-20150406090645813871	2015-04-06	09:06:52.417531	Start Set Access Plans Start|BruinCard_Test_Merchant
12-20150406090638974187	2015-04-06	09:06:52.423532	End Get Grouper Subject `804554016`
12-20150406090638974187	2015-04-06	09:06:52.423532	Start Get Grouper Merchant Access `urn:mace:ucla.edu:ppid:person:8C66C9945EA34200891D83AC9A08DB72`
12-20150406090638974187	2015-04-06	09:06:52.426532	End Get Grouper Merchant Access `urn:mace:ucla.edu:ppid:person:8C66C9945EA34200891D83AC9A08DB72`
12-20150406090638974187	2015-04-06	09:06:52.427532	Start Set Access Plans Start|BruinCard_Test_Merchant
12-20150406090638974187	2015-04-06	09:06:52.990589	End Set Access Plans Start|BruinCard_Test_Merchant
12-20150406090638974187	2015-04-06	09:06:52.992589	End Set Grouper Access `804554016`
12-20150406090638974187	2015-04-06	09:06:52.993589	End Login `804554016`
72-20150406090645813871	2015-04-06	09:06:53.047594	End Set Access Plans Start|BruinCard_Test_Merchant
72-20150406090645813871	2015-04-06	09:06:53.048594	End Set Grouper Access `804554016`
72-20150406090645813871	2015-04-06	09:06:53.052595	End Login `804554016`
28-20150406090708461136	2015-04-06	09:07:09.394229	Start Login `804554016`
28-20150406090708461136	2015-04-06	09:07:09.396229	Start Set Grouper Access `804554016`
28-20150406090708461136	2015-04-06	09:07:09.398229	Start Get Grouper Subject `804554016`
28-20150406090708461136	2015-04-06	09:07:09.451235	End Get Grouper Subject `804554016`
28-20150406090708461136	2015-04-06	09:07:09.452235	Start Get Grouper Merchant Access `urn:mace:ucla.edu:ppid:person:8C66C9945EA34200891D83AC9A08DB72`
28-20150406090708461136	2015-04-06	09:07:09.460235	End Get Grouper Merchant Access `urn:mace:ucla.edu:ppid:person:8C66C9945EA34200891D83AC9A08DB72`
28-20150406090708461136	2015-04-06	09:07:09.461236	Start Set Access Plans Start|BruinCard_Test_Merchant
28-20150406090708461136	2015-04-06	09:07:09.466236	End Set Access Plans Start|BruinCard_Test_Merchant
28-20150406090708461136	2015-04-06	09:07:09.467236	End Set Grouper Access `804554016`
28-20150406090708461136	2015-04-06	09:07:09.468236	End Login `804554016`
28-20150406090708461136	2015-04-06	09:07:09.547244	Start App
28-20150406090708461136	2015-04-06	09:07:09.550244	AUDIT - Find BruinCard Holder Start|type=card|name=chris|user_id=804554016
28-20150406090708461136	2015-04-06	09:07:09.624252	AUDIT - Find BruinCard Holder End
28-20150406090708461136	2015-04-06	09:07:09.626252	Call Search API Start
28-20150406090708461136	2015-04-06	09:07:12.212511	Call Search API End
28-20150406090708461136	2015-04-06	09:07:12.234513	Generate Results Start
28-20150406090708461136	2015-04-06	09:07:12.239513	Generate Results End
28-20150406090708461136	2015-04-06	09:07:12.240513	AUDIT - Find BruinCard Holder Results|results=250
28-20150406090708461136	2015-04-06	09:07:12.312521	AUDIT - Find BruinCard Holder Results End
28-20150406090708461136	2015-04-06	09:07:12.312521	End App
73-20150406091305812867	2015-04-06	09:13:07.010987	Start Login `804554016`
73-20150406091305812867	2015-04-06	09:13:07.012987	Start Set Grouper Access `804554016`
73-20150406091305812867	2015-04-06	09:13:07.013987	Start Get Grouper Subject `804554016`
73-20150406091305812867	2015-04-06	09:13:12.254511	End Get Grouper Subject `804554016`
73-20150406091305812867	2015-04-06	09:13:12.255511	Start Get Grouper Merchant Access `urn:mace:ucla.edu:ppid:person:8C66C9945EA34200891D83AC9A08DB72`
73-20150406091305812867	2015-04-06	09:13:12.261512	End Get Grouper Merchant Access `urn:mace:ucla.edu:ppid:person:8C66C9945EA34200891D83AC9A08DB72`
73-20150406091305812867	2015-04-06	09:13:12.262512	Start Set Access Plans Start|BruinCard_Test_Merchant
73-20150406091305812867	2015-04-06	09:13:12.265512	End Set Access Plans Start|BruinCard_Test_Merchant
73-20150406091305812867	2015-04-06	09:13:12.265512	End Set Grouper Access `804554016`
73-20150406091305812867	2015-04-06	09:13:12.266512	End Login `804554016`
73-20150406091305812867	2015-04-06	09:13:12.351521	Start App
73-20150406091305812867	2015-04-06	09:13:12.353521	AUDIT - Find BruinCard Holder Start|type=card|name=chris|user_id=804554016
73-20150406091305812867	2015-04-06	09:13:12.426528	AUDIT - Find BruinCard Holder End
73-20150406091305812867	2015-04-06	09:13:12.427529	Call Search API Start
73-20150406091305812867	2015-04-06	09:13:13.520638	Call Search API End
73-20150406091305812867	2015-04-06	09:13:13.523638	Generate Results Start
73-20150406091305812867	2015-04-06	09:13:13.531639	Generate Results End
73-20150406091305812867	2015-04-06	09:13:13.532639	AUDIT - Find BruinCard Holder Results|results=250
73-20150406091305812867	2015-04-06	09:13:13.613647	AUDIT - Find BruinCard Holder Results End
73-20150406091305812867	2015-04-06	09:13:13.614647	End App
16-20150406093423990817	2015-04-06	09:34:26.003817	Start Login `804554016`
16-20150406093423990817	2015-04-06	09:34:26.006817	Start Set Grouper Access `804554016`
16-20150406093423990817	2015-04-06	09:34:26.007817	Start Get Grouper Subject `804554016`
16-20150406093423990817	2015-04-06	09:34:26.298817	End Get Grouper Subject `804554016`
16-20150406093423990817	2015-04-06	09:34:26.299817	Start Get Grouper Merchant Access `urn:mace:ucla.edu:ppid:person:8C66C9945EA34200891D83AC9A08DB72`
16-20150406093423990817	2015-04-06	09:34:26.307817	End Get Grouper Merchant Access `urn:mace:ucla.edu:ppid:person:8C66C9945EA34200891D83AC9A08DB72`
16-20150406093423990817	2015-04-06	09:34:26.309817	Start Set Access Plans Start|BruinCard_Test_Merchant
16-20150406093423990817	2015-04-06	09:34:26.314817	End Set Access Plans Start|BruinCard_Test_Merchant
16-20150406093423990817	2015-04-06	09:34:26.315817	End Set Grouper Access `804554016`
16-20150406093423990817	2015-04-06	09:34:26.316817	End Login `804554016`
16-20150406093423990817	2015-04-06	09:34:26.399817	Start App
16-20150406093423990817	2015-04-06	09:34:26.400817	AUDIT - Find BruinCard Holder Start|type=card|name=de+arco|user_id=804554016
16-20150406093423990817	2015-04-06	09:34:26.474817	AUDIT - Find BruinCard Holder End
16-20150406093423990817	2015-04-06	09:34:26.474817	Call Search API Start
16-20150406093423990817	2015-04-06	09:34:28.858817	Call Search API End
16-20150406093423990817	2015-04-06	09:34:28.859817	Generate Results Start
16-20150406093423990817	2015-04-06	09:34:28.863817	Generate Results End
16-20150406093423990817	2015-04-06	09:34:28.864817	AUDIT - Find BruinCard Holder Results|results=1
16-20150406093423990817	2015-04-06	09:34:28.938817	AUDIT - Find BruinCard Holder Results End
16-20150406093423990817	2015-04-06	09:34:28.940817	End App
41-20150406093831869817	2015-04-06	09:38:32.876817	Start Login `804554016`
41-20150406093831869817	2015-04-06	09:38:32.879817	Start Set Grouper Access `804554016`
41-20150406093831869817	2015-04-06	09:38:32.880817	Start Get Grouper Subject `804554016`
41-20150406093831869817	2015-04-06	09:38:33.123817	End Get Grouper Subject `804554016`
41-20150406093831869817	2015-04-06	09:38:33.125817	Start Get Grouper Merchant Access `urn:mace:ucla.edu:ppid:person:8C66C9945EA34200891D83AC9A08DB72`
41-20150406093831869817	2015-04-06	09:38:33.128817	Start Load DCs
41-20150406093831869817	2015-04-06	09:38:33.484817	End Load DCs
41-20150406093831869817	2015-04-06	09:38:33.491817	End Get Grouper Merchant Access `urn:mace:ucla.edu:ppid:person:8C66C9945EA34200891D83AC9A08DB72`
41-20150406093831869817	2015-04-06	09:38:33.492817	Start Set Access Plans Start|BruinCard_Test_Merchant
41-20150406093831869817	2015-04-06	09:38:33.859817	End Set Access Plans Start|BruinCard_Test_Merchant
41-20150406093831869817	2015-04-06	09:38:33.860817	End Set Grouper Access `804554016`
41-20150406093831869817	2015-04-06	09:38:33.861817	End Login `804554016`
41-20150406093831869817	2015-04-06	09:38:33.972817	Start App
41-20150406093831869817	2015-04-06	09:38:33.973817	AUDIT - Find BruinCard Holder Start|type=card|name=de+arcoa|user_id=804554016
41-20150406093831869817	2015-04-06	09:38:34.046817	AUDIT - Find BruinCard Holder End
41-20150406093831869817	2015-04-06	09:38:34.047817	Call Search API Start
41-20150406093831869817	2015-04-06	09:38:37.307817	Call Search API End
41-20150406093831869817	2015-04-06	09:38:37.309817	AUDIT - Find BruinCard Holder Results|results=1
41-20150406093831869817	2015-04-06	09:38:37.385817	AUDIT - Find BruinCard Holder Results End
41-20150406093831869817	2015-04-06	09:38:37.386817	End App
89-20150406094121191817	2015-04-06	09:41:22.249817	Start Login `804554016`
89-20150406094121191817	2015-04-06	09:41:22.252817	Start Set Grouper Access `804554016`
89-20150406094121191817	2015-04-06	09:41:22.253817	Start Get Grouper Subject `804554016`
89-20150406094121191817	2015-04-06	09:41:22.486817	End Get Grouper Subject `804554016`
89-20150406094121191817	2015-04-06	09:41:22.486817	Start Get Grouper Merchant Access `urn:mace:ucla.edu:ppid:person:8C66C9945EA34200891D83AC9A08DB72`
89-20150406094121191817	2015-04-06	09:41:22.491817	End Get Grouper Merchant Access `urn:mace:ucla.edu:ppid:person:8C66C9945EA34200891D83AC9A08DB72`
89-20150406094121191817	2015-04-06	09:41:22.492817	Start Set Access Plans Start|BruinCard_Test_Merchant
89-20150406094121191817	2015-04-06	09:41:22.495817	End Set Access Plans Start|BruinCard_Test_Merchant
89-20150406094121191817	2015-04-06	09:41:22.495817	End Set Grouper Access `804554016`
89-20150406094121191817	2015-04-06	09:41:22.496817	End Login `804554016`
89-20150406094121191817	2015-04-06	09:41:22.574817	Start App
89-20150406094121191817	2015-04-06	09:41:22.575817	AUDIT - Find BruinCard Holder Start|type=card|uid=804554016|user_id=804554016
89-20150406094121191817	2015-04-06	09:41:22.651817	AUDIT - Find BruinCard Holder End
89-20150406094121191817	2015-04-06	09:41:22.652817	Call Search API Start
89-20150406094121191817	2015-04-06	09:41:23.253817	Call Search API End
89-20150406094121191817	2015-04-06	09:41:23.254817	Generate Results Start
89-20150406094121191817	2015-04-06	09:41:23.255817	Generate Results End
89-20150406094121191817	2015-04-06	09:41:23.255817	AUDIT - Find BruinCard Holder Results|results=1
89-20150406094121191817	2015-04-06	09:41:23.340817	AUDIT - Find BruinCard Holder Results End
89-20150406094121191817	2015-04-06	09:41:23.341817	End App
41-20150406101815873858	2015-04-06	10:18:26.183889	Start Login `804554016`
41-20150406101815873858	2015-04-06	10:18:26.185889	Start Set Grouper Access `804554016`
41-20150406101815873858	2015-04-06	10:18:26.186889	Start Get Grouper Subject `804554016`
41-20150406101815873858	2015-04-06	10:18:31.481418	End Get Grouper Subject `804554016`
41-20150406101815873858	2015-04-06	10:18:31.482418	Start Get Grouper Merchant Access `urn:mace:ucla.edu:ppid:person:8C66C9945EA34200891D83AC9A08DB72`
41-20150406101815873858	2015-04-06	10:18:31.484419	Start Load DCs
41-20150406101815873858	2015-04-06	10:18:31.829453	End Load DCs
41-20150406101815873858	2015-04-06	10:18:31.836454	End Get Grouper Merchant Access `urn:mace:ucla.edu:ppid:person:8C66C9945EA34200891D83AC9A08DB72`
41-20150406101815873858	2015-04-06	10:18:31.838454	Start Set Access Plans Start|BruinCard_Test_Merchant
41-20150406101815873858	2015-04-06	10:18:32.169487	End Set Access Plans Start|BruinCard_Test_Merchant
41-20150406101815873858	2015-04-06	10:18:32.170487	End Set Grouper Access `804554016`
41-20150406101815873858	2015-04-06	10:18:32.170487	End Login `804554016`
41-20150406101815873858	2015-04-06	10:18:34.194690	AUDIT - Find Door Access Plan Start|type=door|query=wh|user_id=444444444
41-20150406101815873858	2015-04-06	10:18:34.285699	AUDIT - Find Door Access Plan End
41-20150406101815873858	2015-04-06	10:18:34.287699	Grouper API Start
41-20150406101815873858	2015-04-06	10:18:34.291699	Grouper API End
41-20150406101815873858	2015-04-06	10:18:34.293699	Generate Results Start
41-20150406101815873858	2015-04-06	10:18:34.297700	Generate Results End
41-20150406101815873858	2015-04-06	10:18:34.315702	AUDIT - Find Door Access Plan Results|results=0
41-20150406101815873858	2015-04-06	10:18:34.391709	AUDIT - Find Door Access Plan Results End
41-20150406101815873858	2015-04-06	10:18:34.393709	End App
77-20150406101924600730	2015-04-06	10:19:26.035873	Start Login `804554016`
77-20150406101924600730	2015-04-06	10:19:26.037873	Start Set Grouper Access `804554016`
77-20150406101924600730	2015-04-06	10:19:26.038873	Start Get Grouper Subject `804554016`
77-20150406101924600730	2015-04-06	10:19:26.262896	End Get Grouper Subject `804554016`
77-20150406101924600730	2015-04-06	10:19:26.263896	Start Get Grouper Merchant Access `urn:mace:ucla.edu:ppid:person:8C66C9945EA34200891D83AC9A08DB72`
77-20150406101924600730	2015-04-06	10:19:26.272897	End Get Grouper Merchant Access `urn:mace:ucla.edu:ppid:person:8C66C9945EA34200891D83AC9A08DB72`
77-20150406101924600730	2015-04-06	10:19:26.273897	Start Set Access Plans Start|BruinCard_Test_Merchant
77-20150406101924600730	2015-04-06	10:19:26.278897	End Set Access Plans Start|BruinCard_Test_Merchant
77-20150406101924600730	2015-04-06	10:19:26.279898	End Set Grouper Access `804554016`
77-20150406101924600730	2015-04-06	10:19:26.280898	End Login `804554016`
77-20150406101924600730	2015-04-06	10:19:26.359906	AUDIT - Find Door Access Plan Start|type=door|query=wh|user_id=444444444
77-20150406101924600730	2015-04-06	10:19:26.436913	AUDIT - Find Door Access Plan End
77-20150406101924600730	2015-04-06	10:19:26.438913	Grouper API Start
77-20150406101924600730	2015-04-06	10:19:26.442914	Grouper API End
77-20150406101924600730	2015-04-06	10:19:26.445914	Generate Results Start
77-20150406101924600730	2015-04-06	10:19:26.448914	Generate Results End
77-20150406101924600730	2015-04-06	10:19:26.449915	AUDIT - Find Door Access Plan Results|results=1
77-20150406101924600730	2015-04-06	10:19:26.520922	AUDIT - Find Door Access Plan Results End
77-20150406101924600730	2015-04-06	10:19:26.521922	End App
43-20150406102118401109	2015-04-06	10:21:19.502219	Start Login `804554016`
43-20150406102118401109	2015-04-06	10:21:19.505219	Start Set Grouper Access `804554016`
43-20150406102118401109	2015-04-06	10:21:19.506219	Start Get Grouper Subject `804554016`
43-20150406102118401109	2015-04-06	10:21:19.748243	End Get Grouper Subject `804554016`
43-20150406102118401109	2015-04-06	10:21:19.749243	Start Get Grouper Merchant Access `urn:mace:ucla.edu:ppid:person:8C66C9945EA34200891D83AC9A08DB72`
43-20150406102118401109	2015-04-06	10:21:19.758244	End Get Grouper Merchant Access `urn:mace:ucla.edu:ppid:person:8C66C9945EA34200891D83AC9A08DB72`
43-20150406102118401109	2015-04-06	10:21:19.759244	Start Set Access Plans Start|BruinCard_Test_Merchant
43-20150406102118401109	2015-04-06	10:21:19.764245	End Set Access Plans Start|BruinCard_Test_Merchant
43-20150406102118401109	2015-04-06	10:21:19.765245	End Set Grouper Access `804554016`
43-20150406102118401109	2015-04-06	10:21:19.766245	End Login `804554016`
43-20150406102118401109	2015-04-06	10:21:19.837252	AUDIT - Find Door Access Plan Start|type=door|query=v|user_id=444444444
43-20150406102118401109	2015-04-06	10:21:19.911260	AUDIT - Find Door Access Plan End
43-20150406102118401109	2015-04-06	10:21:19.911260	Grouper API Start
43-20150406102118401109	2015-04-06	10:21:19.913260	Grouper API End
43-20150406102118401109	2015-04-06	10:21:19.913260	Generate Results Start
43-20150406102118401109	2015-04-06	10:21:19.915260	Generate Results End
43-20150406102118401109	2015-04-06	10:21:19.915260	AUDIT - Find Door Access Plan Results|results=51
43-20150406102118401109	2015-04-06	10:21:20.001269	AUDIT - Find Door Access Plan Results End
43-20150406102118401109	2015-04-06	10:21:20.002269	End App
76-20150406102203839096	2015-04-06	10:22:04.584096	Start Login `804554016`
76-20150406102203839096	2015-04-06	10:22:04.585096	Start Set Grouper Access `804554016`
76-20150406102203839096	2015-04-06	10:22:04.586096	Start Get Grouper Subject `804554016`
76-20150406102203839096	2015-04-06	10:22:04.815096	End Get Grouper Subject `804554016`
76-20150406102203839096	2015-04-06	10:22:04.816096	Start Get Grouper Merchant Access `urn:mace:ucla.edu:ppid:person:8C66C9945EA34200891D83AC9A08DB72`
76-20150406102203839096	2015-04-06	10:22:04.825096	End Get Grouper Merchant Access `urn:mace:ucla.edu:ppid:person:8C66C9945EA34200891D83AC9A08DB72`
76-20150406102203839096	2015-04-06	10:22:04.826096	Start Set Access Plans Start|BruinCard_Test_Merchant
76-20150406102203839096	2015-04-06	10:22:04.831096	End Set Access Plans Start|BruinCard_Test_Merchant
76-20150406102203839096	2015-04-06	10:22:04.832096	End Set Grouper Access `804554016`
76-20150406102203839096	2015-04-06	10:22:04.833096	End Login `804554016`
76-20150406102203839096	2015-04-06	10:22:04.913096	AUDIT - Find Door Access Plan Start|type=door|query=bc|user_id=444444444
76-20150406102203839096	2015-04-06	10:22:04.988096	AUDIT - Find Door Access Plan End
76-20150406102203839096	2015-04-06	10:22:04.989096	Grouper API Start
76-20150406102203839096	2015-04-06	10:22:04.994096	Grouper API End
76-20150406102203839096	2015-04-06	10:22:04.996096	Generate Results Start
76-20150406102203839096	2015-04-06	10:22:05.001096	Generate Results End
76-20150406102203839096	2015-04-06	10:22:05.002096	AUDIT - Find Door Access Plan Results|results=1
76-20150406102203839096	2015-04-06	10:22:05.079096	AUDIT - Find Door Access Plan Results End
76-20150406102203839096	2015-04-06	10:22:05.080096	End App
36-20150406102222962096	2015-04-06	10:22:23.767096	Start Login `804554016`
36-20150406102222962096	2015-04-06	10:22:23.768096	Start Set Grouper Access `804554016`
36-20150406102222962096	2015-04-06	10:22:23.769096	Start Get Grouper Subject `804554016`
36-20150406102222962096	2015-04-06	10:22:23.832096	End Get Grouper Subject `804554016`
36-20150406102222962096	2015-04-06	10:22:23.833096	Start Get Grouper Merchant Access `urn:mace:ucla.edu:ppid:person:8C66C9945EA34200891D83AC9A08DB72`
36-20150406102222962096	2015-04-06	10:22:23.840096	End Get Grouper Merchant Access `urn:mace:ucla.edu:ppid:person:8C66C9945EA34200891D83AC9A08DB72`
36-20150406102222962096	2015-04-06	10:22:23.841096	Start Set Access Plans Start|BruinCard_Test_Merchant
36-20150406102222962096	2015-04-06	10:22:23.846096	End Set Access Plans Start|BruinCard_Test_Merchant
36-20150406102222962096	2015-04-06	10:22:23.847096	End Set Grouper Access `804554016`
36-20150406102222962096	2015-04-06	10:22:23.848096	End Login `804554016`
36-20150406102222962096	2015-04-06	10:22:23.927096	AUDIT - Find Door Access Plan Start|type=door|query=vr-dlam|user_id=444444444
36-20150406102222962096	2015-04-06	10:22:24.004096	AUDIT - Find Door Access Plan End
36-20150406102222962096	2015-04-06	10:22:24.005096	Grouper API Start
36-20150406102222962096	2015-04-06	10:22:24.011096	Grouper API End
36-20150406102222962096	2015-04-06	10:22:24.013096	Generate Results Start
36-20150406102222962096	2015-04-06	10:22:24.016096	Generate Results End
36-20150406102222962096	2015-04-06	10:22:24.017096	AUDIT - Find Door Access Plan Results|results=51
36-20150406102222962096	2015-04-06	10:22:24.093096	AUDIT - Find Door Access Plan Results End
36-20150406102222962096	2015-04-06	10:22:24.094096	End App
29-20150406102238792096	2015-04-06	10:22:39.571096	Start Login `804554016`
29-20150406102238792096	2015-04-06	10:22:39.573096	Start Set Grouper Access `804554016`
29-20150406102238792096	2015-04-06	10:22:39.574096	Start Get Grouper Subject `804554016`
29-20150406102238792096	2015-04-06	10:22:39.787096	End Get Grouper Subject `804554016`
29-20150406102238792096	2015-04-06	10:22:39.788096	Start Get Grouper Merchant Access `urn:mace:ucla.edu:ppid:person:8C66C9945EA34200891D83AC9A08DB72`
29-20150406102238792096	2015-04-06	10:22:39.796096	End Get Grouper Merchant Access `urn:mace:ucla.edu:ppid:person:8C66C9945EA34200891D83AC9A08DB72`
29-20150406102238792096	2015-04-06	10:22:39.797096	Start Set Access Plans Start|BruinCard_Test_Merchant
29-20150406102238792096	2015-04-06	10:22:39.802096	End Set Access Plans Start|BruinCard_Test_Merchant
29-20150406102238792096	2015-04-06	10:22:39.803096	End Set Grouper Access `804554016`
29-20150406102238792096	2015-04-06	10:22:39.803096	End Login `804554016`
29-20150406102238792096	2015-04-06	10:22:39.887096	AUDIT - Find Door Access Plan Start|type=door|query=vr-dlam+4v|user_id=444444444
29-20150406102238792096	2015-04-06	10:22:39.960096	AUDIT - Find Door Access Plan End
29-20150406102238792096	2015-04-06	10:22:39.961096	Grouper API Start
29-20150406102238792096	2015-04-06	10:22:39.963096	Grouper API End
29-20150406102238792096	2015-04-06	10:22:39.964096	Generate Results Start
29-20150406102238792096	2015-04-06	10:22:39.966096	Generate Results End
29-20150406102238792096	2015-04-06	10:22:39.967096	AUDIT - Find Door Access Plan Results|results=3
29-20150406102238792096	2015-04-06	10:22:40.040096	AUDIT - Find Door Access Plan Results End
29-20150406102238792096	2015-04-06	10:22:40.042096	End App
53-20150406102654112096	2015-04-06	10:26:55.137096	Start Login `804554016`
53-20150406102654112096	2015-04-06	10:26:55.139096	Start Set Grouper Access `804554016`
53-20150406102654112096	2015-04-06	10:26:55.146096	Start Get Grouper Subject `804554016`
53-20150406102654112096	2015-04-06	10:26:55.372096	End Get Grouper Subject `804554016`
53-20150406102654112096	2015-04-06	10:26:55.374096	Start Get Grouper Merchant Access `urn:mace:ucla.edu:ppid:person:8C66C9945EA34200891D83AC9A08DB72`
53-20150406102654112096	2015-04-06	10:26:55.383096	End Get Grouper Merchant Access `urn:mace:ucla.edu:ppid:person:8C66C9945EA34200891D83AC9A08DB72`
53-20150406102654112096	2015-04-06	10:26:55.385096	Start Set Access Plans Start|BruinCard_Test_Merchant
53-20150406102654112096	2015-04-06	10:26:55.389096	End Set Access Plans Start|BruinCard_Test_Merchant
53-20150406102654112096	2015-04-06	10:26:55.390096	End Set Grouper Access `804554016`
53-20150406102654112096	2015-04-06	10:26:55.393096	End Login `804554016`
53-20150406102654112096	2015-04-06	10:26:55.485096	AUDIT - Find Door Access Plan Start|type=door|query=vr-dlam+4vz|user_id=444444444
53-20150406102654112096	2015-04-06	10:26:55.562096	AUDIT - Find Door Access Plan End
53-20150406102654112096	2015-04-06	10:26:55.563096	Grouper API Start
53-20150406102654112096	2015-04-06	10:26:55.568096	Grouper API End
53-20150406102654112096	2015-04-06	10:26:55.569096	Generate Results Start
53-20150406102654112096	2015-04-06	10:26:55.573096	Generate Results End
53-20150406102654112096	2015-04-06	10:26:55.574096	AUDIT - Find Door Access Plan Results|results=1
53-20150406102654112096	2015-04-06	10:26:55.658096	AUDIT - Find Door Access Plan Results End
53-20150406102654112096	2015-04-06	10:26:55.658096	End App
42-20150406154423442320	2015-04-06	15:44:26.120588	Start Login `804554016`
42-20150406154423442320	2015-04-06	15:44:26.142590	Start Set Grouper Access `804554016`
42-20150406154423442320	2015-04-06	15:44:26.143590	Start Get Grouper Subject `804554016`
42-20150406154423442320	2015-04-06	15:44:29.439920	End Get Grouper Subject `804554016`
42-20150406154423442320	2015-04-06	15:44:29.441920	Start Get Grouper Merchant Access `urn:mace:ucla.edu:ppid:person:8C66C9945EA34200891D83AC9A08DB72`
42-20150406154423442320	2015-04-06	15:44:29.446921	Start Load DCs
42-20150406154423442320	2015-04-06	15:44:30.285004	End Load DCs
42-20150406154423442320	2015-04-06	15:44:30.292005	End Get Grouper Merchant Access `urn:mace:ucla.edu:ppid:person:8C66C9945EA34200891D83AC9A08DB72`
42-20150406154423442320	2015-04-06	15:44:30.294005	Start Set Access Plans Start|BruinCard_Test_Merchant
42-20150406154423442320	2015-04-06	15:44:30.618038	End Set Access Plans Start|BruinCard_Test_Merchant
42-20150406154423442320	2015-04-06	15:44:30.620038	End Set Grouper Access `804554016`
42-20150406154423442320	2015-04-06	15:44:30.622038	End Login `804554016`
42-20150406154423442320	2015-04-06	15:44:33.714347	Start App
42-20150406154423442320	2015-04-06	15:44:33.717348	Start Get Allow Door Access `ucla:bruincard:AG:BruinCard_Test_Merchant:BC_Test_apAG`
42-20150406154423442320	2015-04-06	15:44:33.722348	End Get Allow Door Access `ucla:bruincard:AG:BruinCard_Test_Merchant:BC_Test_apAG`
42-20150406154423442320	2015-04-06	15:44:33.724348	Start Get Pending Card Holders
42-20150406154423442320	2015-04-06	15:44:37.407717	End Get Pending Card Holders
42-20150406154423442320	2015-04-06	15:44:37.407717	Start Get Access Plan Members `ucla:bruincard:AG:BruinCard_Test_Merchant:BC_Test_apAG`
42-20150406154423442320	2015-04-06	15:44:37.759752	End Get Access Plan Members `ucla:bruincard:AG:BruinCard_Test_Merchant:BC_Test_apAG`
42-20150406154423442320	2015-04-06	15:44:37.762752	End App
66-20150406154504595435	2015-04-06	15:45:05.615537	Start Login `804554016`
66-20150406154504595435	2015-04-06	15:45:05.616537	Start Set Grouper Access `804554016`
66-20150406154504595435	2015-04-06	15:45:05.616537	Start Get Grouper Subject `804554016`
66-20150406154504595435	2015-04-06	15:45:05.858561	End Get Grouper Subject `804554016`
66-20150406154504595435	2015-04-06	15:45:05.859561	Start Get Grouper Merchant Access `urn:mace:ucla.edu:ppid:person:8C66C9945EA34200891D83AC9A08DB72`
66-20150406154504595435	2015-04-06	15:45:05.863562	End Get Grouper Merchant Access `urn:mace:ucla.edu:ppid:person:8C66C9945EA34200891D83AC9A08DB72`
66-20150406154504595435	2015-04-06	15:45:05.863562	Start Set Access Plans Start|BruinCard_Test_Merchant
66-20150406154504595435	2015-04-06	15:45:05.865562	End Set Access Plans Start|BruinCard_Test_Merchant
66-20150406154504595435	2015-04-06	15:45:05.865562	End Set Grouper Access `804554016`
66-20150406154504595435	2015-04-06	15:45:05.866562	End Login `804554016`
66-20150406154504595435	2015-04-06	15:45:05.948570	Start App
66-20150406154504595435	2015-04-06	15:45:05.950571	AUDIT-Delete Door Access Plan Start|group_name=ucla%3Abruincard%3AAG%3ABruinCard_Test_Merchant%3ABC_Test_apAG|identifier=804554016
66-20150406154504595435	2015-04-06	15:45:06.038579	AUDIT-Delete Door Access Plan End|group_name=ucla%3Abruincard%3AAG%3ABruinCard_Test_Merchant%3ABC_Test_apAG|identifier=804554016
66-20150406154504595435	2015-04-06	15:45:06.038579	Start Grouper Delete Membership `804554016` - `ucla:bruincard:AG:BruinCard_Test_Merchant:BC_Test_apAG`
66-20150406154504595435	2015-04-06	15:45:21.914167	End Grouper Delete Membership `804554016` - `ucla:bruincard:AG:BruinCard_Test_Merchant:BC_Test_apAG`
66-20150406154504595435	2015-04-06	15:45:21.915167	Start Add To Pending Lookup `804554016` - `ucla:bruincard:AG:BruinCard_Test_Merchant:BC_Test_apAG` - `D`
66-20150406154504595435	2015-04-06	15:45:22.196195	End Add To Pending  Lookup `804554016` - `ucla:bruincard:AG:BruinCard_Test_Merchant:BC_Test_apAG` - `D`
66-20150406154504595435	2015-04-06	15:45:22.198195	Start Add To Pending `804554016` - `ucla:bruincard:AG:BruinCard_Test_Merchant:BC_Test_apAG` - `D`
66-20150406154504595435	2015-04-06	15:45:22.370212	End Add To Pending `804554016` - `ucla:bruincard:AG:BruinCard_Test_Merchant:BC_Test_apAG` - `D`
66-20150406154504595435	2015-04-06	15:45:22.370212	AUDIT-Delete Door Access Plan Success Start
66-20150406154504595435	2015-04-06	15:45:22.453221	AUDIT-Delete Door Access Plan Success End
66-20150406154504595435	2015-04-06	15:45:22.454221	End App
80-20150406154809448919	2015-04-06	15:48:10.625036	Start Login `804554016`
80-20150406154809448919	2015-04-06	15:48:10.626036	Start Set Grouper Access `804554016`
80-20150406154809448919	2015-04-06	15:48:10.626036	Start Get Grouper Subject `804554016`
80-20150406154809448919	2015-04-06	15:48:10.875061	End Get Grouper Subject `804554016`
80-20150406154809448919	2015-04-06	15:48:10.876061	Start Get Grouper Merchant Access `urn:mace:ucla.edu:ppid:person:8C66C9945EA34200891D83AC9A08DB72`
80-20150406154809448919	2015-04-06	15:48:10.881062	End Get Grouper Merchant Access `urn:mace:ucla.edu:ppid:person:8C66C9945EA34200891D83AC9A08DB72`
80-20150406154809448919	2015-04-06	15:48:10.882062	Start Set Access Plans Start|BruinCard_Test_Merchant
80-20150406154809448919	2015-04-06	15:48:10.884062	End Set Access Plans Start|BruinCard_Test_Merchant
80-20150406154809448919	2015-04-06	15:48:10.885062	End Set Grouper Access `804554016`
80-20150406154809448919	2015-04-06	15:48:10.885062	End Login `804554016`
80-20150406154809448919	2015-04-06	15:48:10.984072	Start App
80-20150406154809448919	2015-04-06	15:48:10.986072	Start Get Allow Door Access `ucla:bruincard:AG:BruinCard_Test_Merchant:BC_Test_apAG`
80-20150406154809448919	2015-04-06	15:48:10.990073	End Get Allow Door Access `ucla:bruincard:AG:BruinCard_Test_Merchant:BC_Test_apAG`
80-20150406154809448919	2015-04-06	15:48:10.991073	Start Get Pending Card Holders
80-20150406154809448919	2015-04-06	15:48:11.286102	End Get Pending Card Holders
80-20150406154809448919	2015-04-06	15:48:11.286102	Start Get Pending Card Holder Access Plan `804554016`
80-20150406154809448919	2015-04-06	15:48:11.764150	End Get Pending Card Holder Access Plan `804554016`
80-20150406154809448919	2015-04-06	15:48:11.766150	Start Get Access Plan Members `ucla:bruincard:AG:BruinCard_Test_Merchant:BC_Test_apAG`
80-20150406154809448919	2015-04-06	15:48:11.902164	End Get Access Plan Members `ucla:bruincard:AG:BruinCard_Test_Merchant:BC_Test_apAG`
80-20150406154809448919	2015-04-06	15:48:11.903164	End App
20-20150406154816714645	2015-04-06	15:48:17.219696	Start Login `804554016`
20-20150406154816714645	2015-04-06	15:48:17.221696	Start Set Grouper Access `804554016`
20-20150406154816714645	2015-04-06	15:48:17.221696	Start Get Grouper Subject `804554016`
20-20150406154816714645	2015-04-06	15:48:17.280702	End Get Grouper Subject `804554016`
20-20150406154816714645	2015-04-06	15:48:17.281702	Start Get Grouper Merchant Access `urn:mace:ucla.edu:ppid:person:8C66C9945EA34200891D83AC9A08DB72`
20-20150406154816714645	2015-04-06	15:48:17.284702	End Get Grouper Merchant Access `urn:mace:ucla.edu:ppid:person:8C66C9945EA34200891D83AC9A08DB72`
20-20150406154816714645	2015-04-06	15:48:17.285702	Start Set Access Plans Start|BruinCard_Test_Merchant
20-20150406154816714645	2015-04-06	15:48:17.287702	End Set Access Plans Start|BruinCard_Test_Merchant
20-20150406154816714645	2015-04-06	15:48:17.287702	End Set Grouper Access `804554016`
20-20150406154816714645	2015-04-06	15:48:17.288702	End Login `804554016`
20-20150406154816714645	2015-04-06	15:48:17.370711	Start App
20-20150406154816714645	2015-04-06	15:48:17.371711	AUDIT - Find BruinCard Holder Start|type=no-access|uid=804554016|user_id=804554016
20-20150406154816714645	2015-04-06	15:48:17.464720	AUDIT - Find BruinCard Holder End
20-20150406154816714645	2015-04-06	15:48:17.465720	Call Search API Start
20-20150406154816714645	2015-04-06	15:48:17.926766	Call Search API End
20-20150406154816714645	2015-04-06	15:48:17.926766	Generate Results Start
20-20150406154816714645	2015-04-06	15:48:17.928766	Generate Results End
20-20150406154816714645	2015-04-06	15:48:17.928766	AUDIT - Find BruinCard Holder Results|results=1
20-20150406154816714645	2015-04-06	15:48:18.003774	AUDIT - Find BruinCard Holder Results End
20-20150406154816714645	2015-04-06	15:48:18.004774	End App
60-20150406154822263200	2015-04-06	15:48:23.073281	Start Login `804554016`
60-20150406154822263200	2015-04-06	15:48:23.074281	Start Set Grouper Access `804554016`
60-20150406154822263200	2015-04-06	15:48:23.074281	Start Get Grouper Subject `804554016`
60-20150406154822263200	2015-04-06	15:48:23.455319	End Get Grouper Subject `804554016`
60-20150406154822263200	2015-04-06	15:48:23.456319	Start Get Grouper Merchant Access `urn:mace:ucla.edu:ppid:person:8C66C9945EA34200891D83AC9A08DB72`
60-20150406154822263200	2015-04-06	15:48:23.466320	End Get Grouper Merchant Access `urn:mace:ucla.edu:ppid:person:8C66C9945EA34200891D83AC9A08DB72`
60-20150406154822263200	2015-04-06	15:48:23.467320	Start Set Access Plans Start|BruinCard_Test_Merchant
60-20150406154822263200	2015-04-06	15:48:23.472321	End Set Access Plans Start|BruinCard_Test_Merchant
60-20150406154822263200	2015-04-06	15:48:23.474321	End Set Grouper Access `804554016`
60-20150406154822263200	2015-04-06	15:48:23.475321	End Login `804554016`
60-20150406154822263200	2015-04-06	15:48:23.588332	Start App
60-20150406154822263200	2015-04-06	15:48:23.591333	AUDIT - Find BruinCard Holder Start|type=no-access|uid=804554016|user_id=804554016
60-20150406154822263200	2015-04-06	15:48:23.665340	AUDIT - Find BruinCard Holder End
60-20150406154822263200	2015-04-06	15:48:23.668340	Call Search API Start
60-20150406154822263200	2015-04-06	15:48:24.070381	Call Search API End
60-20150406154822263200	2015-04-06	15:48:24.071381	Generate Results Start
60-20150406154822263200	2015-04-06	15:48:24.073381	Generate Results End
60-20150406154822263200	2015-04-06	15:48:24.073381	AUDIT - Find BruinCard Holder Results|results=1
60-20150406154822263200	2015-04-06	15:48:24.146388	AUDIT - Find BruinCard Holder Results End
60-20150406154822263200	2015-04-06	15:48:24.146388	End App
72-20150406154904323405	2015-04-06	15:49:05.110484	Start Login `804554016`
72-20150406154904323405	2015-04-06	15:49:05.111484	Start Set Grouper Access `804554016`
72-20150406154904323405	2015-04-06	15:49:05.111484	Start Get Grouper Subject `804554016`
72-20150406154904323405	2015-04-06	15:49:05.354509	End Get Grouper Subject `804554016`
72-20150406154904323405	2015-04-06	15:49:05.354509	Start Get Grouper Merchant Access `urn:mace:ucla.edu:ppid:person:8C66C9945EA34200891D83AC9A08DB72`
72-20150406154904323405	2015-04-06	15:49:05.358509	End Get Grouper Merchant Access `urn:mace:ucla.edu:ppid:person:8C66C9945EA34200891D83AC9A08DB72`
72-20150406154904323405	2015-04-06	15:49:05.359509	Start Set Access Plans Start|BruinCard_Test_Merchant
72-20150406154904323405	2015-04-06	15:49:05.360509	End Set Access Plans Start|BruinCard_Test_Merchant
72-20150406154904323405	2015-04-06	15:49:05.361509	End Set Grouper Access `804554016`
72-20150406154904323405	2015-04-06	15:49:05.361509	End Login `804554016`
72-20150406154904323405	2015-04-06	15:49:05.447518	Start App
72-20150406154904323405	2015-04-06	15:49:05.448518	AUDIT-Add Door Access Plan Start|group_name=ucla%3Abruincard%3AAG%3ABruinCard_Test_Merchant%3ABC_Test_apAG|identifier=804554016
72-20150406154904323405	2015-04-06	15:49:05.521525	AUDIT-Add Door Access Plan End
72-20150406154904323405	2015-04-06	15:49:05.522525	Start Grouper Add Membership `804554016` - `ucla:bruincard:AG:BruinCard_Test_Merchant:BC_Test_apAG`
72-20150406154904323405	2015-04-06	15:49:08.924866	End Grouper Add Membership `804554016` - `ucla:bruincard:AG:BruinCard_Test_Merchant:BC_Test_apAG`
72-20150406154904323405	2015-04-06	15:49:08.925866	Start Add To Pending Lookup `804554016` - `ucla:bruincard:AG:BruinCard_Test_Merchant:BC_Test_apAG` - `A`
72-20150406154904323405	2015-04-06	15:49:09.169890	End Add To Pending  Lookup `804554016` - `ucla:bruincard:AG:BruinCard_Test_Merchant:BC_Test_apAG` - `A`
72-20150406154904323405	2015-04-06	15:49:09.170890	Start Add To Pending `804554016` - `ucla:bruincard:AG:BruinCard_Test_Merchant:BC_Test_apAG` - `A`
72-20150406154904323405	2015-04-06	15:49:09.328906	End Add To Pending `804554016` - `ucla:bruincard:AG:BruinCard_Test_Merchant:BC_Test_apAG` - `A`
72-20150406154904323405	2015-04-06	15:49:09.329906	AUDIT-Add Door Access Plan Success Start
72-20150406154904323405	2015-04-06	15:49:09.417915	AUDIT-Add Door Access Plan Success End
72-20150406154904323405	2015-04-06	15:49:09.418915	End App
31-20150406163618838350	2015-04-06	16:36:27.455350	Start Login `804554016`
31-20150406163618838350	2015-04-06	16:36:27.459350	Start Set Grouper Access `804554016`
31-20150406163618838350	2015-04-06	16:36:27.461350	Start Get Grouper Subject `804554016`
31-20150406163618838350	2015-04-06	16:36:27.813350	End Get Grouper Subject `804554016`
31-20150406163618838350	2015-04-06	16:36:27.815350	Start Get Grouper Merchant Access `urn:mace:ucla.edu:ppid:person:8C66C9945EA34200891D83AC9A08DB72`
31-20150406163618838350	2015-04-06	16:36:27.820350	Start Load DCs
31-20150406163618838350	2015-04-06	16:36:28.185350	End Load DCs
31-20150406163618838350	2015-04-06	16:36:28.193350	End Get Grouper Merchant Access `urn:mace:ucla.edu:ppid:person:8C66C9945EA34200891D83AC9A08DB72`
31-20150406163618838350	2015-04-06	16:36:28.196350	Start Set Access Plans Start|BruinCard_Test_Merchant
31-20150406163618838350	2015-04-06	16:36:28.541350	End Set Access Plans Start|BruinCard_Test_Merchant
31-20150406163618838350	2015-04-06	16:36:28.544350	End Set Grouper Access `804554016`
31-20150406163618838350	2015-04-06	16:36:28.545350	End Login `804554016`
31-20150406163618838350	2015-04-06	16:36:28.649350	Start App
31-20150406163618838350	2015-04-06	16:36:28.650350	AUDIT - Find BruinCard Holder Start|type=card|name=de+arco|user_id=804554016
31-20150406163618838350	2015-04-06	16:36:28.722350	AUDIT - Find BruinCard Holder End
31-20150406163618838350	2015-04-06	16:36:28.723350	Call Search API Start
31-20150406163618838350	2015-04-06	16:36:31.872350	Call Search API End
31-20150406163618838350	2015-04-06	16:36:31.873350	Generate Results Start
31-20150406163618838350	2015-04-06	16:36:31.875350	Generate Results End
31-20150406163618838350	2015-04-06	16:36:31.875350	AUDIT - Find BruinCard Holder Results|results=1
31-20150406163618838350	2015-04-06	16:36:31.957350	AUDIT - Find BruinCard Holder Results End
31-20150406163618838350	2015-04-06	16:36:31.960350	End App
21-20150406163632045350	2015-04-06	16:36:32.533350	Start Login `804554016`
21-20150406163632045350	2015-04-06	16:36:32.536350	Start Set Grouper Access `804554016`
21-20150406163632045350	2015-04-06	16:36:32.537350	Start Get Grouper Subject `804554016`
21-20150406163632045350	2015-04-06	16:36:32.604350	End Get Grouper Subject `804554016`
21-20150406163632045350	2015-04-06	16:36:32.605350	Start Get Grouper Merchant Access `urn:mace:ucla.edu:ppid:person:8C66C9945EA34200891D83AC9A08DB72`
21-20150406163632045350	2015-04-06	16:36:32.614350	End Get Grouper Merchant Access `urn:mace:ucla.edu:ppid:person:8C66C9945EA34200891D83AC9A08DB72`
21-20150406163632045350	2015-04-06	16:36:32.615350	Start Set Access Plans Start|BruinCard_Test_Merchant
21-20150406163632045350	2015-04-06	16:36:32.620350	End Set Access Plans Start|BruinCard_Test_Merchant
21-20150406163632045350	2015-04-06	16:36:32.622350	End Set Grouper Access `804554016`
21-20150406163632045350	2015-04-06	16:36:32.631350	End Login `804554016`
21-20150406163632045350	2015-04-06	16:36:32.713350	Start App
21-20150406163632045350	2015-04-06	16:36:32.715350	Call Search API Start
21-20150406163632045350	2015-04-06	16:36:33.115350	Call Search API End
21-20150406163632045350	2015-04-06	16:36:33.117350	Start Get Pending
21-20150406163632045350	2015-04-06	16:36:35.983350	End Get Pending
21-20150406163632045350	2015-04-06	16:36:35.985350	Start Get Card Holder Status
21-20150406163632045350	2015-04-06	16:36:36.587350	End Get Card Holder Status
21-20150406163632045350	2015-04-06	16:36:36.616350	Start Get Card Holder Access Plans
21-20150406163632045350	2015-04-06	16:36:39.787350	End Get Card Holder Access Plans
21-20150406163632045350	2015-04-06	16:36:39.788350	Start Get Card Holder Allowed Access Plans
21-20150406163632045350	2015-04-06	16:36:39.790350	End Get Card Holder Allowed Access Plans
21-20150406163632045350	2015-04-06	16:36:39.806350	End App
76-20150406163710623350	2015-04-06	16:37:28.027350	Start Login `804554016`
76-20150406163710623350	2015-04-06	16:37:28.030350	Start Set Grouper Access `804554016`
76-20150406163710623350	2015-04-06	16:37:28.032350	Start Get Grouper Subject `804554016`
76-20150406163710623350	2015-04-06	16:37:28.275350	End Get Grouper Subject `804554016`
76-20150406163710623350	2015-04-06	16:37:28.276350	Start Get Grouper Merchant Access `urn:mace:ucla.edu:ppid:person:8C66C9945EA34200891D83AC9A08DB72`
76-20150406163710623350	2015-04-06	16:37:28.286350	End Get Grouper Merchant Access `urn:mace:ucla.edu:ppid:person:8C66C9945EA34200891D83AC9A08DB72`
76-20150406163710623350	2015-04-06	16:37:28.287350	Start Set Access Plans Start|BruinCard_Test_Merchant
76-20150406163710623350	2015-04-06	16:37:28.291350	End Set Access Plans Start|BruinCard_Test_Merchant
76-20150406163710623350	2015-04-06	16:37:28.292350	End Set Grouper Access `804554016`
76-20150406163710623350	2015-04-06	16:37:28.293350	End Login `804554016`
76-20150406163710623350	2015-04-06	16:37:28.371350	Start App
76-20150406163710623350	2015-04-06	16:37:28.373350	Call Search API Start
76-20150406163710623350	2015-04-06	16:37:28.721350	Call Search API End
76-20150406163710623350	2015-04-06	16:37:28.722350	Start Get Pending
76-20150406163710623350	2015-04-06	16:37:29.034350	End Get Pending
76-20150406163710623350	2015-04-06	16:37:29.036350	Start Get Card Holder Status
76-20150406163710623350	2015-04-06	16:37:29.484350	End Get Card Holder Status
76-20150406163710623350	2015-04-06	16:37:29.486350	Start Get Card Holder Access Plans
76-20150406163710623350	2015-04-06	16:37:30.931350	End Get Card Holder Access Plans
76-20150406163710623350	2015-04-06	16:37:30.932350	Start Get Card Holder Allowed Access Plans
76-20150406163710623350	2015-04-06	16:37:30.936350	End Get Card Holder Allowed Access Plans
76-20150406163710623350	2015-04-06	16:37:30.963350	End App
20-20150406164024084350	2015-04-06	16:40:24.877350	Start Login `804554016`
20-20150406164024084350	2015-04-06	16:40:24.880350	Start Set Grouper Access `804554016`
20-20150406164024084350	2015-04-06	16:40:24.882350	Start Get Grouper Subject `804554016`
20-20150406164024084350	2015-04-06	16:40:25.126350	End Get Grouper Subject `804554016`
20-20150406164024084350	2015-04-06	16:40:25.128350	Start Get Grouper Merchant Access `urn:mace:ucla.edu:ppid:person:8C66C9945EA34200891D83AC9A08DB72`
20-20150406164024084350	2015-04-06	16:40:25.137350	End Get Grouper Merchant Access `urn:mace:ucla.edu:ppid:person:8C66C9945EA34200891D83AC9A08DB72`
20-20150406164024084350	2015-04-06	16:40:25.139350	Start Set Access Plans Start|BruinCard_Test_Merchant
20-20150406164024084350	2015-04-06	16:40:25.145350	End Set Access Plans Start|BruinCard_Test_Merchant
20-20150406164024084350	2015-04-06	16:40:25.146350	End Set Grouper Access `804554016`
20-20150406164024084350	2015-04-06	16:40:25.148350	End Login `804554016`
20-20150406164024084350	2015-04-06	16:40:25.233350	Start App
20-20150406164024084350	2015-04-06	16:40:25.234350	End App
29-20150406170629388350	2015-04-06	17:06:30.591350	Start Login `804554016`
29-20150406170629388350	2015-04-06	17:06:30.592350	Start Set Grouper Access `804554016`
29-20150406170629388350	2015-04-06	17:06:30.592350	Start Get Grouper Subject `804554016`
29-20150406170629388350	2015-04-06	17:06:32.327350	End Get Grouper Subject `804554016`
29-20150406170629388350	2015-04-06	17:06:32.328350	Start Get Grouper Merchant Access `urn:mace:ucla.edu:ppid:person:8C66C9945EA34200891D83AC9A08DB72`
29-20150406170629388350	2015-04-06	17:06:32.329350	Start Load DCs
29-20150406170629388350	2015-04-06	17:06:32.651350	End Load DCs
29-20150406170629388350	2015-04-06	17:06:32.655350	End Get Grouper Merchant Access `urn:mace:ucla.edu:ppid:person:8C66C9945EA34200891D83AC9A08DB72`
29-20150406170629388350	2015-04-06	17:06:32.656350	Start Set Access Plans Start|BruinCard_Test_Merchant
29-20150406170629388350	2015-04-06	17:06:32.968350	End Set Access Plans Start|BruinCard_Test_Merchant
29-20150406170629388350	2015-04-06	17:06:32.968350	End Set Grouper Access `804554016`
29-20150406170629388350	2015-04-06	17:06:32.969350	End Login `804554016`
18-20150406173522510180	2015-04-06	17:35:23.397269	Start Login `804554016`
18-20150406173522510180	2015-04-06	17:35:23.398269	Start Set Grouper Access `804554016`
18-20150406173522510180	2015-04-06	17:35:23.398269	Start Get Grouper Subject `804554016`
18-20150406173522510180	2015-04-06	17:35:23.690298	End Get Grouper Subject `804554016`
18-20150406173522510180	2015-04-06	17:35:23.692298	Start Get Grouper Merchant Access `urn:mace:ucla.edu:ppid:person:8C66C9945EA34200891D83AC9A08DB72`
18-20150406173522510180	2015-04-06	17:35:23.711300	End Get Grouper Merchant Access `urn:mace:ucla.edu:ppid:person:8C66C9945EA34200891D83AC9A08DB72`
18-20150406173522510180	2015-04-06	17:35:23.713301	Start Set Access Plans Start|BruinCard_Test_Merchant
18-20150406173522510180	2015-04-06	17:35:23.739303	End Set Access Plans Start|BruinCard_Test_Merchant
18-20150406173522510180	2015-04-06	17:35:23.741303	End Set Grouper Access `804554016`
18-20150406173522510180	2015-04-06	17:35:23.742303	End Login `804554016`
18-20150406173522510180	2015-04-06	17:35:23.835313	Start App
18-20150406173522510180	2015-04-06	17:35:23.836313	AUDIT-Add Door Access Plan Start|
18-20150406173522510180	2015-04-06	17:35:23.936323	AUDIT-Add Door Access Plan End
18-20150406173522510180	2015-04-06	17:35:23.938323	AUDIT-Add Door Access Plan Failed Start|errors=2
18-20150406173522510180	2015-04-06	17:35:24.018331	AUDIT-Add Door Access Plan Failed End
18-20150406173522510180	2015-04-06	17:35:24.019331	End App
71-20150406174848889810	2015-04-06	17:49:02.436165	Start Login `804554016`
71-20150406174848889810	2015-04-06	17:49:02.437165	Start Set Grouper Access `804554016`
71-20150406174848889810	2015-04-06	17:49:02.438165	Start Get Grouper Subject `804554016`
71-20150406174848889810	2015-04-06	17:49:02.720193	End Get Grouper Subject `804554016`
71-20150406174848889810	2015-04-06	17:49:02.722193	Start Get Grouper Merchant Access `urn:mace:ucla.edu:ppid:person:8C66C9945EA34200891D83AC9A08DB72`
71-20150406174848889810	2015-04-06	17:49:02.724193	Start Load DCs
71-20150406174848889810	2015-04-06	17:49:03.047226	End Load DCs
71-20150406174848889810	2015-04-06	17:49:03.050226	End Get Grouper Merchant Access `urn:mace:ucla.edu:ppid:person:8C66C9945EA34200891D83AC9A08DB72`
71-20150406174848889810	2015-04-06	17:49:03.051226	Start Set Access Plans Start|BruinCard_Test_Merchant
71-20150406174848889810	2015-04-06	17:49:03.396261	End Set Access Plans Start|BruinCard_Test_Merchant
71-20150406174848889810	2015-04-06	17:49:03.397261	End Set Grouper Access `804554016`
71-20150406174848889810	2015-04-06	17:49:03.397261	End Login `804554016`
71-20150406174848889810	2015-04-06	17:49:03.498271	Start App
71-20150406174848889810	2015-04-06	17:49:03.498271	AUDIT-Add Door Access Plan Start|group_name=ucla%3Abruincard%3AAG%3ABruinCard_Test_Merchant%3ABC_Test_apAG|identifier=804554016
71-20150406174848889810	2015-04-06	17:49:03.572278	AUDIT-Add Door Access Plan End
71-20150406174848889810	2015-04-06	17:49:03.573278	Start Grouper Add Membership `804554016` - `ucla:bruincard:AG:BruinCard_Test_Merchant:BC_Test_apAG`
71-20150406174848889810	2015-04-06	17:49:03.808302	End Grouper Add Membership `804554016` - `ucla:bruincard:AG:BruinCard_Test_Merchant:BC_Test_apAG`
71-20150406174848889810	2015-04-06	17:49:03.810302	Start Add To Pending Lookup `804554016` - `ucla:bruincard:AG:BruinCard_Test_Merchant:BC_Test_apAG` - `A`
71-20150406174848889810	2015-04-06	17:49:04.141335	End Add To Pending  Lookup `804554016` - `ucla:bruincard:AG:BruinCard_Test_Merchant:BC_Test_apAG` - `A`
71-20150406174848889810	2015-04-06	17:49:04.142335	Start Add To Pending `804554016` - `ucla:bruincard:AG:BruinCard_Test_Merchant:BC_Test_apAG` - `A`
71-20150406174848889810	2015-04-06	17:49:04.248346	End Add To Pending `804554016` - `ucla:bruincard:AG:BruinCard_Test_Merchant:BC_Test_apAG` - `A`
71-20150406174848889810	2015-04-06	17:49:04.250346	AUDIT-Add Door Access Plan Success Start
71-20150406174848889810	2015-04-06	17:49:04.327354	AUDIT-Add Door Access Plan Success End
71-20150406174848889810	2015-04-06	17:49:04.328354	End App
31-20150406175446013519	2015-04-06	17:54:47.079626	Start Login `804554016`
31-20150406175446013519	2015-04-06	17:54:47.082626	Start Set Grouper Access `804554016`
31-20150406175446013519	2015-04-06	17:54:47.083626	Start Get Grouper Subject `804554016`
31-20150406175446013519	2015-04-06	17:54:52.323150	End Get Grouper Subject `804554016`
31-20150406175446013519	2015-04-06	17:54:52.324150	Start Get Grouper Merchant Access `urn:mace:ucla.edu:ppid:person:8C66C9945EA34200891D83AC9A08DB72`
31-20150406175446013519	2015-04-06	17:54:52.333151	End Get Grouper Merchant Access `urn:mace:ucla.edu:ppid:person:8C66C9945EA34200891D83AC9A08DB72`
31-20150406175446013519	2015-04-06	17:54:52.334151	Start Set Access Plans Start|BruinCard_Test_Merchant
31-20150406175446013519	2015-04-06	17:54:52.341152	End Set Access Plans Start|BruinCard_Test_Merchant
31-20150406175446013519	2015-04-06	17:54:52.343152	End Set Grouper Access `804554016`
31-20150406175446013519	2015-04-06	17:54:52.345152	End Login `804554016`
31-20150406175446013519	2015-04-06	17:54:52.441162	Start App
31-20150406175446013519	2015-04-06	17:54:52.442162	AUDIT-Add Door Access Plan Start|group_name=ucla%3Abruincard%3AAG%3ABruinCard_Test_Merchant%3ABC_Test_apAG|identifier=804554016
31-20150406175446013519	2015-04-06	17:54:52.524170	AUDIT-Add Door Access Plan End
31-20150406175446013519	2015-04-06	17:54:52.524170	Start Grouper Add Membership `804554016` - `ucla:bruincard:AG:BruinCard_Test_Merchant:BC_Test_apAG`
31-20150406175446013519	2015-04-06	17:54:52.753193	End Grouper Add Membership `804554016` - `ucla:bruincard:AG:BruinCard_Test_Merchant:BC_Test_apAG`
31-20150406175446013519	2015-04-06	17:54:52.755193	Start Add To Pending Lookup `804554016` - `ucla:bruincard:AG:BruinCard_Test_Merchant:BC_Test_apAG` - `A`
31-20150406175446013519	2015-04-06	17:54:53.077225	End Add To Pending  Lookup `804554016` - `ucla:bruincard:AG:BruinCard_Test_Merchant:BC_Test_apAG` - `A`
31-20150406175446013519	2015-04-06	17:54:53.078225	Start Add To Pending `804554016` - `ucla:bruincard:AG:BruinCard_Test_Merchant:BC_Test_apAG` - `A`
31-20150406175446013519	2015-04-06	17:54:53.174235	End Add To Pending `804554016` - `ucla:bruincard:AG:BruinCard_Test_Merchant:BC_Test_apAG` - `A`
31-20150406175446013519	2015-04-06	17:54:53.175235	AUDIT-Add Door Access Plan Success Start
31-20150406175446013519	2015-04-06	17:54:53.261244	AUDIT-Add Door Access Plan Success End
31-20150406175446013519	2015-04-06	17:54:53.263244	End App
44-20150406180434465358	2015-04-06	18:04:35.557467	Start Login `804554016`
44-20150406180434465358	2015-04-06	18:04:35.560468	Start Set Grouper Access `804554016`
44-20150406180434465358	2015-04-06	18:04:35.561468	Start Get Grouper Subject `804554016`
44-20150406180434465358	2015-04-06	18:04:35.854497	End Get Grouper Subject `804554016`
44-20150406180434465358	2015-04-06	18:04:35.855497	Start Get Grouper Merchant Access `urn:mace:ucla.edu:ppid:person:8C66C9945EA34200891D83AC9A08DB72`
44-20150406180434465358	2015-04-06	18:04:35.865498	End Get Grouper Merchant Access `urn:mace:ucla.edu:ppid:person:8C66C9945EA34200891D83AC9A08DB72`
44-20150406180434465358	2015-04-06	18:04:35.866498	Start Set Access Plans Start|BruinCard_Test_Merchant
44-20150406180434465358	2015-04-06	18:04:35.871499	End Set Access Plans Start|BruinCard_Test_Merchant
44-20150406180434465358	2015-04-06	18:04:35.872499	End Set Grouper Access `804554016`
44-20150406180434465358	2015-04-06	18:04:35.873499	End Login `804554016`
44-20150406180434465358	2015-04-06	18:04:35.963508	Start App
44-20150406180434465358	2015-04-06	18:04:35.964508	AUDIT-Delete Door Access Plan Start|
44-20150406180434465358	2015-04-06	18:04:36.047516	AUDIT-Delete Door Access Plan End|
44-20150406180434465358	2015-04-06	18:04:36.048517	AUDIT-Delete Door Access Plan Failed Start|errors=2
44-20150406180434465358	2015-04-06	18:04:36.123524	AUDIT-Delete Door Access Plan Failed End
44-20150406180434465358	2015-04-06	18:04:36.124524	End App
56-20150406180455396451	2015-04-06	18:05:02.495161	Start Login `804554016`
56-20150406180455396451	2015-04-06	18:05:02.497161	Start Set Grouper Access `804554016`
56-20150406180455396451	2015-04-06	18:05:02.497161	Start Get Grouper Subject `804554016`
56-20150406180455396451	2015-04-06	18:05:02.562168	End Get Grouper Subject `804554016`
56-20150406180455396451	2015-04-06	18:05:02.563168	Start Get Grouper Merchant Access `urn:mace:ucla.edu:ppid:person:8C66C9945EA34200891D83AC9A08DB72`
56-20150406180455396451	2015-04-06	18:05:02.566168	End Get Grouper Merchant Access `urn:mace:ucla.edu:ppid:person:8C66C9945EA34200891D83AC9A08DB72`
56-20150406180455396451	2015-04-06	18:05:02.566168	Start Set Access Plans Start|BruinCard_Test_Merchant
56-20150406180455396451	2015-04-06	18:05:02.568168	End Set Access Plans Start|BruinCard_Test_Merchant
56-20150406180455396451	2015-04-06	18:05:02.568168	End Set Grouper Access `804554016`
56-20150406180455396451	2015-04-06	18:05:02.569168	End Login `804554016`
56-20150406180455396451	2015-04-06	18:05:02.655177	Start App
56-20150406180455396451	2015-04-06	18:05:02.657177	AUDIT-Delete Door Access Plan Start|group_name=ucla%3Abruincard%3AAG%3ABruinCard_Test_Merchant%3ABC_Test_apAG|identifier=804554016
56-20150406180455396451	2015-04-06	18:05:02.747186	AUDIT-Delete Door Access Plan End|group_name=ucla%3Abruincard%3AAG%3ABruinCard_Test_Merchant%3ABC_Test_apAG|identifier=804554016
56-20150406180455396451	2015-04-06	18:05:02.749186	Start Grouper Delete Membership `804554016` - `ucla:bruincard:AG:BruinCard_Test_Merchant:BC_Test_apAG`
56-20150406180455396451	2015-04-06	18:05:12.598171	End Grouper Delete Membership `804554016` - `ucla:bruincard:AG:BruinCard_Test_Merchant:BC_Test_apAG`
56-20150406180455396451	2015-04-06	18:05:12.600171	Start Add To Pending Lookup `804554016` - `ucla:bruincard:AG:BruinCard_Test_Merchant:BC_Test_apAG` - `D`
56-20150406180455396451	2015-04-06	18:06:26.204531	End Add To Pending  Lookup `804554016` - `ucla:bruincard:AG:BruinCard_Test_Merchant:BC_Test_apAG` - `D`
56-20150406180455396451	2015-04-06	18:06:26.206531	Start Add To Pending `804554016` - `ucla:bruincard:AG:BruinCard_Test_Merchant:BC_Test_apAG` - `D`
56-20150406180455396451	2015-04-06	18:06:26.310542	End Add To Pending `804554016` - `ucla:bruincard:AG:BruinCard_Test_Merchant:BC_Test_apAG` - `D`
56-20150406180455396451	2015-04-06	18:06:26.312542	AUDIT-Delete Door Access Plan Success Start
56-20150406180455396451	2015-04-06	18:06:26.396550	AUDIT-Delete Door Access Plan Success End
56-20150406180455396451	2015-04-06	18:06:26.397550	End App
