45-20150407114404601216	2015-04-07	11:44:09.086664	Start Login `804554016`
45-20150407114404601216	2015-04-07	11:44:09.093665	Start Set Grouper Access `804554016`
45-20150407114404601216	2015-04-07	11:44:09.095665	Start Get Grouper Subject `804554016`
45-20150407114404601216	2015-04-07	11:44:11.601916	End Get Grouper Subject `804554016`
45-20150407114404601216	2015-04-07	11:44:11.602916	Start Get Grouper Merchant Access `urn:mace:ucla.edu:ppid:person:8C66C9945EA34200891D83AC9A08DB72`
45-20150407114404601216	2015-04-07	11:44:11.616917	Start Load DCs
45-20150407114404601216	2015-04-07	11:44:15.096265	End Load DCs
45-20150407114404601216	2015-04-07	11:44:15.108266	End Get Grouper Merchant Access `urn:mace:ucla.edu:ppid:person:8C66C9945EA34200891D83AC9A08DB72`
45-20150407114404601216	2015-04-07	11:44:15.110266	Start Set Access Plans Start|BruinCard_Test_Merchant
45-20150407114404601216	2015-04-07	11:44:15.472303	End Set Access Plans Start|BruinCard_Test_Merchant
45-20150407114404601216	2015-04-07	11:44:15.473303	End Set Grouper Access `804554016`
45-20150407114404601216	2015-04-07	11:44:15.474303	End Login `804554016`
45-20150407114404601216	2015-04-07	11:44:16.306386	Start App
45-20150407114404601216	2015-04-07	11:44:16.306386	AUDIT-Add Door Access Plan Start|
45-20150407114404601216	2015-04-07	11:44:16.383394	AUDIT-Add Door Access Plan End
45-20150407114404601216	2015-04-07	11:44:16.385394	AUDIT-Add Door Access Plan Failed Start|errors=2
45-20150407114404601216	2015-04-07	11:44:16.475403	AUDIT-Add Door Access Plan Failed End
45-20150407114404601216	2015-04-07	11:44:16.476403	End App
21-20150407114429864742	2015-04-07	11:44:30.861841	Start Login `804554016`
21-20150407114429864742	2015-04-07	11:44:30.863842	Start Set Grouper Access `804554016`
21-20150407114429864742	2015-04-07	11:44:30.864842	Start Get Grouper Subject `804554016`
21-20150407114429864742	2015-04-07	11:44:30.926848	End Get Grouper Subject `804554016`
21-20150407114429864742	2015-04-07	11:44:30.928848	Start Get Grouper Merchant Access `urn:mace:ucla.edu:ppid:person:8C66C9945EA34200891D83AC9A08DB72`
21-20150407114429864742	2015-04-07	11:44:30.939849	End Get Grouper Merchant Access `urn:mace:ucla.edu:ppid:person:8C66C9945EA34200891D83AC9A08DB72`
21-20150407114429864742	2015-04-07	11:44:30.942850	Start Set Access Plans Start|BruinCard_Test_Merchant
21-20150407114429864742	2015-04-07	11:44:30.946850	End Set Access Plans Start|BruinCard_Test_Merchant
21-20150407114429864742	2015-04-07	11:44:30.947850	End Set Grouper Access `804554016`
21-20150407114429864742	2015-04-07	11:44:30.948850	End Login `804554016`
21-20150407114429864742	2015-04-07	11:44:31.025858	Start App
21-20150407114429864742	2015-04-07	11:44:31.026858	AUDIT-Add Door Access Plan Start|
21-20150407114429864742	2015-04-07	11:44:31.119867	AUDIT-Add Door Access Plan End
21-20150407114429864742	2015-04-07	11:44:31.119867	AUDIT-Add Door Access Plan Failed Start|errors=2
21-20150407114429864742	2015-04-07	11:44:31.189874	AUDIT-Add Door Access Plan Failed End
21-20150407114429864742	2015-04-07	11:44:31.191874	End App
90-20150407114624994254	2015-04-07	11:46:26.270381	Start Login `804554016`
90-20150407114624994254	2015-04-07	11:46:26.273381	Start Set Grouper Access `804554016`
90-20150407114624994254	2015-04-07	11:46:26.274382	Start Get Grouper Subject `804554016`
90-20150407114624994254	2015-04-07	11:46:26.547409	End Get Grouper Subject `804554016`
90-20150407114624994254	2015-04-07	11:46:26.549409	Start Get Grouper Merchant Access `urn:mace:ucla.edu:ppid:person:8C66C9945EA34200891D83AC9A08DB72`
90-20150407114624994254	2015-04-07	11:46:26.554410	End Get Grouper Merchant Access `urn:mace:ucla.edu:ppid:person:8C66C9945EA34200891D83AC9A08DB72`
90-20150407114624994254	2015-04-07	11:46:26.554410	Start Set Access Plans Start|BruinCard_Test_Merchant
90-20150407114624994254	2015-04-07	11:46:26.557410	End Set Access Plans Start|BruinCard_Test_Merchant
90-20150407114624994254	2015-04-07	11:46:26.557410	End Set Grouper Access `804554016`
90-20150407114624994254	2015-04-07	11:46:26.558410	End Login `804554016`
90-20150407114624994254	2015-04-07	11:46:26.681422	Start App
90-20150407114624994254	2015-04-07	11:46:26.682422	AUDIT-Add Door Access Plan Start|group_name=ucla%3Abruincard%3AAG%3ABruinCard_Test_Merchant%3ABC_Test_apAG|identifier=804554016
90-20150407114624994254	2015-04-07	11:46:26.758430	AUDIT-Add Door Access Plan End
90-20150407114624994254	2015-04-07	11:46:26.759430	Start Grouper Add Membership `804554016` - `ucla:bruincard:AG:BruinCard_Test_Merchant:BC_Test_apAG`
90-20150407114624994254	2015-04-07	11:46:28.432597	End Grouper Add Membership `804554016` - `ucla:bruincard:AG:BruinCard_Test_Merchant:BC_Test_apAG`
90-20150407114624994254	2015-04-07	11:46:28.433597	Start Add To Pending Lookup `804554016` - `ucla:bruincard:AG:BruinCard_Test_Merchant:BC_Test_apAG` - `A`
90-20150407114624994254	2015-04-07	11:46:28.771631	End Add To Pending  Lookup `804554016` - `ucla:bruincard:AG:BruinCard_Test_Merchant:BC_Test_apAG` - `A`
90-20150407114624994254	2015-04-07	11:46:28.772631	Start Add To Pending `804554016` - `ucla:bruincard:AG:BruinCard_Test_Merchant:BC_Test_apAG` - `A`
90-20150407114624994254	2015-04-07	11:46:28.896644	End Add To Pending `804554016` - `ucla:bruincard:AG:BruinCard_Test_Merchant:BC_Test_apAG` - `A`
90-20150407114624994254	2015-04-07	11:46:28.897644	AUDIT-Add Door Access Plan Success Start
90-20150407114624994254	2015-04-07	11:46:28.969651	AUDIT-Add Door Access Plan Success End
90-20150407114624994254	2015-04-07	11:46:28.970651	End App
19-20150407114808007554	2015-04-07	11:48:08.685622	Start Login `804554016`
19-20150407114808007554	2015-04-07	11:48:08.687622	Start Set Grouper Access `804554016`
19-20150407114808007554	2015-04-07	11:48:08.688622	Start Get Grouper Subject `804554016`
19-20150407114808007554	2015-04-07	11:48:13.939147	End Get Grouper Subject `804554016`
19-20150407114808007554	2015-04-07	11:48:13.941147	Start Get Grouper Merchant Access `urn:mace:ucla.edu:ppid:person:8C66C9945EA34200891D83AC9A08DB72`
19-20150407114808007554	2015-04-07	11:48:13.954148	End Get Grouper Merchant Access `urn:mace:ucla.edu:ppid:person:8C66C9945EA34200891D83AC9A08DB72`
19-20150407114808007554	2015-04-07	11:48:13.954148	Start Set Access Plans Start|BruinCard_Test_Merchant
19-20150407114808007554	2015-04-07	11:48:13.957149	End Set Access Plans Start|BruinCard_Test_Merchant
19-20150407114808007554	2015-04-07	11:48:13.958149	End Set Grouper Access `804554016`
19-20150407114808007554	2015-04-07	11:48:13.958149	End Login `804554016`
19-20150407114808007554	2015-04-07	11:48:14.052158	Start App
19-20150407114808007554	2015-04-07	11:48:14.052158	AUDIT-Add Door Access Plan Start|group_name=ucla%3Abruincard%3AAG%3ABruinCard_Test_Merchant%3ABC_Test_apAG|identifier=804554016a
19-20150407114808007554	2015-04-07	11:48:14.140167	AUDIT-Add Door Access Plan End
19-20150407114808007554	2015-04-07	11:48:14.141167	Start Grouper Add Membership `804554016a` - `ucla:bruincard:AG:BruinCard_Test_Merchant:BC_Test_apAG`
19-20150407114808007554	2015-04-07	11:48:14.367190	End Grouper Add Membership `804554016a` - `ucla:bruincard:AG:BruinCard_Test_Merchant:BC_Test_apAG`
19-20150407114808007554	2015-04-07	11:48:14.369190	Start Add To Pending Lookup `804554016a` - `ucla:bruincard:AG:BruinCard_Test_Merchant:BC_Test_apAG` - `A`
19-20150407114808007554	2015-04-07	11:48:14.600213	End Add To Pending  Lookup `804554016a` - `ucla:bruincard:AG:BruinCard_Test_Merchant:BC_Test_apAG` - `A`
19-20150407114808007554	2015-04-07	11:48:14.601213	Start Add To Pending `804554016a` - `ucla:bruincard:AG:BruinCard_Test_Merchant:BC_Test_apAG` - `A`
19-20150407114808007554	2015-04-07	11:48:14.778231	End Add To Pending `804554016a` - `ucla:bruincard:AG:BruinCard_Test_Merchant:BC_Test_apAG` - `A`
19-20150407114808007554	2015-04-07	11:48:14.778231	AUDIT-Add Door Access Plan Success Start
19-20150407114808007554	2015-04-07	11:48:14.867240	AUDIT-Add Door Access Plan Success End
19-20150407114808007554	2015-04-07	11:48:14.868240	End App
83-20150407115354560206	2015-04-07	11:53:55.488298	Start Login `804554016`
83-20150407115354560206	2015-04-07	11:53:55.490299	Start Set Grouper Access `804554016`
83-20150407115354560206	2015-04-07	11:53:55.490299	Start Get Grouper Subject `804554016`
83-20150407115354560206	2015-04-07	11:54:00.731823	End Get Grouper Subject `804554016`
83-20150407115354560206	2015-04-07	11:54:00.733823	Start Get Grouper Merchant Access `urn:mace:ucla.edu:ppid:person:8C66C9945EA34200891D83AC9A08DB72`
83-20150407115354560206	2015-04-07	11:54:00.740824	End Get Grouper Merchant Access `urn:mace:ucla.edu:ppid:person:8C66C9945EA34200891D83AC9A08DB72`
83-20150407115354560206	2015-04-07	11:54:00.741824	Start Set Access Plans Start|BruinCard_Test_Merchant
83-20150407115354560206	2015-04-07	11:54:00.746824	End Set Access Plans Start|BruinCard_Test_Merchant
83-20150407115354560206	2015-04-07	11:54:00.747824	End Set Grouper Access `804554016`
83-20150407115354560206	2015-04-07	11:54:00.749825	End Login `804554016`
83-20150407115354560206	2015-04-07	11:54:00.823832	Start App
83-20150407115354560206	2015-04-07	11:54:00.823832	AUDIT-Add Door Access Plan Start|group_name=ucla%3Abruincard%3AAG%3ABruinCard_Test_Merchant%3ABC_Test_apAG|identifier=804554016a
83-20150407115354560206	2015-04-07	11:54:00.906840	AUDIT-Add Door Access Plan End
83-20150407115354560206	2015-04-07	11:54:00.908840	Start Grouper Add Membership `804554016a` - `ucla:bruincard:AG:BruinCard_Test_Merchant:BC_Test_apAG`
83-20150407115354560206	2015-04-07	11:54:01.146864	End Grouper Add Membership `804554016a` - `ucla:bruincard:AG:BruinCard_Test_Merchant:BC_Test_apAG`
83-20150407115354560206	2015-04-07	11:54:01.147864	Start Add To Pending Lookup `804554016a` - `ucla:bruincard:AG:BruinCard_Test_Merchant:BC_Test_apAG` - `A`
83-20150407115354560206	2015-04-07	11:54:01.541904	End Add To Pending  Lookup `804554016a` - `ucla:bruincard:AG:BruinCard_Test_Merchant:BC_Test_apAG` - `A`
83-20150407115354560206	2015-04-07	11:54:01.543904	Start Add To Pending `804554016a` - `ucla:bruincard:AG:BruinCard_Test_Merchant:BC_Test_apAG` - `A`
83-20150407115354560206	2015-04-07	11:54:01.622912	End Add To Pending `804554016a` - `ucla:bruincard:AG:BruinCard_Test_Merchant:BC_Test_apAG` - `A`
83-20150407115354560206	2015-04-07	11:54:01.623912	AUDIT-Add Door Access Plan Success Start
83-20150407115354560206	2015-04-07	11:54:01.711921	AUDIT-Add Door Access Plan Success End
83-20150407115354560206	2015-04-07	11:54:01.713921	End App
20-20150407115432191968	2015-04-07	11:54:35.016251	Start Login `804554016`
20-20150407115432191968	2015-04-07	11:54:35.018251	Start Set Grouper Access `804554016`
20-20150407115432191968	2015-04-07	11:54:35.022251	Start Get Grouper Subject `804554016`
20-20150407115432191968	2015-04-07	11:54:35.244274	End Get Grouper Subject `804554016`
20-20150407115432191968	2015-04-07	11:54:35.245274	Start Get Grouper Merchant Access `urn:mace:ucla.edu:ppid:person:8C66C9945EA34200891D83AC9A08DB72`
20-20150407115432191968	2015-04-07	11:54:35.251274	End Get Grouper Merchant Access `urn:mace:ucla.edu:ppid:person:8C66C9945EA34200891D83AC9A08DB72`
20-20150407115432191968	2015-04-07	11:54:35.253275	Start Set Access Plans Start|BruinCard_Test_Merchant
20-20150407115432191968	2015-04-07	11:54:35.256275	End Set Access Plans Start|BruinCard_Test_Merchant
20-20150407115432191968	2015-04-07	11:54:35.257275	End Set Grouper Access `804554016`
20-20150407115432191968	2015-04-07	11:54:35.258275	End Login `804554016`
20-20150407115432191968	2015-04-07	11:54:35.448294	Start App
20-20150407115432191968	2015-04-07	11:54:35.448294	AUDIT-Add Door Access Plan Start|group_name=ucla%3Abruincard%3AAG%3ABruinCard_Test_Merchant%3ABC_Test_apAG|identifier=804554016a
20-20150407115432191968	2015-04-07	11:54:35.582307	AUDIT-Add Door Access Plan End
20-20150407115432191968	2015-04-07	11:54:35.583308	Start Grouper Add Membership `804554016a` - `ucla:bruincard:AG:BruinCard_Test_Merchant:BC_Test_apAG`
20-20150407115432191968	2015-04-07	11:54:35.787328	End Grouper Add Membership `804554016a` - `ucla:bruincard:AG:BruinCard_Test_Merchant:BC_Test_apAG`
20-20150407115432191968	2015-04-07	11:54:35.788328	Start Add To Pending Lookup `804554016a` - `ucla:bruincard:AG:BruinCard_Test_Merchant:BC_Test_apAG` - `A`
20-20150407115432191968	2015-04-07	11:54:36.197369	End Add To Pending  Lookup `804554016a` - `ucla:bruincard:AG:BruinCard_Test_Merchant:BC_Test_apAG` - `A`
20-20150407115432191968	2015-04-07	11:54:36.198369	Start Add To Pending `804554016a` - `ucla:bruincard:AG:BruinCard_Test_Merchant:BC_Test_apAG` - `A`
20-20150407115432191968	2015-04-07	11:54:36.241373	End Add To Pending `804554016a` - `ucla:bruincard:AG:BruinCard_Test_Merchant:BC_Test_apAG` - `A`
20-20150407115432191968	2015-04-07	11:54:36.242373	AUDIT-Add Door Access Plan Success Start
20-20150407115432191968	2015-04-07	11:54:36.337383	AUDIT-Add Door Access Plan Success End
20-20150407115432191968	2015-04-07	11:54:36.338383	End App
70-20150407120314245169	2015-04-07	12:03:31.427887	Start Login `804554016`
70-20150407120314245169	2015-04-07	12:03:31.430887	Start Set Grouper Access `804554016`
70-20150407120314245169	2015-04-07	12:03:31.431887	Start Get Grouper Subject `804554016`
70-20150407120314245169	2015-04-07	12:03:31.683912	End Get Grouper Subject `804554016`
70-20150407120314245169	2015-04-07	12:03:31.685912	Start Get Grouper Merchant Access `urn:mace:ucla.edu:ppid:person:8C66C9945EA34200891D83AC9A08DB72`
70-20150407120314245169	2015-04-07	12:03:31.692913	End Get Grouper Merchant Access `urn:mace:ucla.edu:ppid:person:8C66C9945EA34200891D83AC9A08DB72`
70-20150407120314245169	2015-04-07	12:03:31.694913	Start Set Access Plans Start|BruinCard_Test_Merchant
70-20150407120314245169	2015-04-07	12:03:31.696914	End Set Access Plans Start|BruinCard_Test_Merchant
70-20150407120314245169	2015-04-07	12:03:31.697914	End Set Grouper Access `804554016`
70-20150407120314245169	2015-04-07	12:03:31.698914	End Login `804554016`
70-20150407120314245169	2015-04-07	12:03:31.774921	Start App
70-20150407120314245169	2015-04-07	12:03:31.775921	AUDIT-Delete Door Access Plan Start|
70-20150407120314245169	2015-04-07	12:03:31.866931	AUDIT-Delete Door Access Plan End|
70-20150407120314245169	2015-04-07	12:03:31.867931	AUDIT-Delete Door Access Plan Failed Start|errors=2
70-20150407120314245169	2015-04-07	12:03:31.968941	AUDIT-Delete Door Access Plan Failed End
70-20150407120314245169	2015-04-07	12:03:31.969941	End App
31-20150407120437503494	2015-04-07	12:04:40.649808	Start Login `804554016`
31-20150407120437503494	2015-04-07	12:04:40.651808	Start Set Grouper Access `804554016`
31-20150407120437503494	2015-04-07	12:04:40.652808	Start Get Grouper Subject `804554016`
31-20150407120437503494	2015-04-07	12:04:40.868830	End Get Grouper Subject `804554016`
31-20150407120437503494	2015-04-07	12:04:40.869830	Start Get Grouper Merchant Access `urn:mace:ucla.edu:ppid:person:8C66C9945EA34200891D83AC9A08DB72`
31-20150407120437503494	2015-04-07	12:04:40.877831	End Get Grouper Merchant Access `urn:mace:ucla.edu:ppid:person:8C66C9945EA34200891D83AC9A08DB72`
31-20150407120437503494	2015-04-07	12:04:40.878831	Start Set Access Plans Start|BruinCard_Test_Merchant
31-20150407120437503494	2015-04-07	12:04:40.882831	End Set Access Plans Start|BruinCard_Test_Merchant
31-20150407120437503494	2015-04-07	12:04:40.888832	End Set Grouper Access `804554016`
31-20150407120437503494	2015-04-07	12:04:40.889832	End Login `804554016`
31-20150407120437503494	2015-04-07	12:04:40.982841	Start App
31-20150407120437503494	2015-04-07	12:04:40.983842	AUDIT-Delete Door Access Plan Start|group_name=ucla%3Abruincard%3AAG%3ABruinCard_Test_Merchant%3ABC_Test_apAG|identifier=804554016
31-20150407120437503494	2015-04-07	12:04:41.072850	AUDIT-Delete Door Access Plan End|group_name=ucla%3Abruincard%3AAG%3ABruinCard_Test_Merchant%3ABC_Test_apAG|identifier=804554016
31-20150407120437503494	2015-04-07	12:04:41.072850	Start Grouper Delete Membership `804554016` - `ucla:bruincard:AG:BruinCard_Test_Merchant:BC_Test_apAG`
31-20150407120437503494	2015-04-07	12:04:48.634607	End Grouper Delete Membership `804554016` - `ucla:bruincard:AG:BruinCard_Test_Merchant:BC_Test_apAG`
31-20150407120437503494	2015-04-07	12:04:48.635607	Start Add To Pending Lookup `804554016` - `ucla:bruincard:AG:BruinCard_Test_Merchant:BC_Test_apAG` - `D`
31-20150407120437503494	2015-04-07	12:04:49.052648	End Add To Pending  Lookup `804554016` - `ucla:bruincard:AG:BruinCard_Test_Merchant:BC_Test_apAG` - `D`
31-20150407120437503494	2015-04-07	12:04:49.054649	Start Add To Pending `804554016` - `ucla:bruincard:AG:BruinCard_Test_Merchant:BC_Test_apAG` - `D`
31-20150407120437503494	2015-04-07	12:04:49.169660	End Add To Pending `804554016` - `ucla:bruincard:AG:BruinCard_Test_Merchant:BC_Test_apAG` - `D`
31-20150407120437503494	2015-04-07	12:04:49.170660	AUDIT-Delete Door Access Plan Success Start
31-20150407120437503494	2015-04-07	12:04:49.245668	AUDIT-Delete Door Access Plan Success End
31-20150407120437503494	2015-04-07	12:04:49.246668	End App
49-20150407120508140557	2015-04-07	12:05:08.879631	Start Login `804554016`
49-20150407120508140557	2015-04-07	12:05:08.880631	Start Set Grouper Access `804554016`
49-20150407120508140557	2015-04-07	12:05:08.880631	Start Get Grouper Subject `804554016`
49-20150407120508140557	2015-04-07	12:05:08.937637	End Get Grouper Subject `804554016`
49-20150407120508140557	2015-04-07	12:05:08.938637	Start Get Grouper Merchant Access `urn:mace:ucla.edu:ppid:person:8C66C9945EA34200891D83AC9A08DB72`
49-20150407120508140557	2015-04-07	12:05:08.949638	End Get Grouper Merchant Access `urn:mace:ucla.edu:ppid:person:8C66C9945EA34200891D83AC9A08DB72`
49-20150407120508140557	2015-04-07	12:05:08.951638	Start Set Access Plans Start|BruinCard_Test_Merchant
49-20150407120508140557	2015-04-07	12:05:08.957639	End Set Access Plans Start|BruinCard_Test_Merchant
49-20150407120508140557	2015-04-07	12:05:08.959639	End Set Grouper Access `804554016`
49-20150407120508140557	2015-04-07	12:05:08.960639	End Login `804554016`
49-20150407120508140557	2015-04-07	12:05:09.065649	Start App
49-20150407120508140557	2015-04-07	12:05:09.065649	AUDIT-Add Door Access Plan Start|group_name=ucla%3Abruincard%3AAG%3ABruinCard_Test_Merchant%3ABC_Test_apAG|identifier=804554016
49-20150407120508140557	2015-04-07	12:05:09.140657	AUDIT-Add Door Access Plan End
49-20150407120508140557	2015-04-07	12:05:09.142657	Start Grouper Add Membership `804554016` - `ucla:bruincard:AG:BruinCard_Test_Merchant:BC_Test_apAG`
49-20150407120508140557	2015-04-07	12:05:16.111354	End Grouper Add Membership `804554016` - `ucla:bruincard:AG:BruinCard_Test_Merchant:BC_Test_apAG`
49-20150407120508140557	2015-04-07	12:05:16.112354	Start Add To Pending Lookup `804554016` - `ucla:bruincard:AG:BruinCard_Test_Merchant:BC_Test_apAG` - `A`
49-20150407120508140557	2015-04-07	12:05:16.354378	End Add To Pending  Lookup `804554016` - `ucla:bruincard:AG:BruinCard_Test_Merchant:BC_Test_apAG` - `A`
49-20150407120508140557	2015-04-07	12:05:16.356378	Start Add To Pending `804554016` - `ucla:bruincard:AG:BruinCard_Test_Merchant:BC_Test_apAG` - `A`
49-20150407120508140557	2015-04-07	12:05:16.460389	End Add To Pending `804554016` - `ucla:bruincard:AG:BruinCard_Test_Merchant:BC_Test_apAG` - `A`
49-20150407120508140557	2015-04-07	12:05:16.461389	AUDIT-Add Door Access Plan Success Start
49-20150407120508140557	2015-04-07	12:05:16.592402	AUDIT-Add Door Access Plan Success End
49-20150407120508140557	2015-04-07	12:05:16.593402	End App
40-20150407120524832226	2015-04-07	12:05:25.501293	Start Login `804554016`
40-20150407120524832226	2015-04-07	12:05:25.504293	Start Set Grouper Access `804554016`
40-20150407120524832226	2015-04-07	12:05:25.505293	Start Get Grouper Subject `804554016`
40-20150407120524832226	2015-04-07	12:05:25.721315	End Get Grouper Subject `804554016`
40-20150407120524832226	2015-04-07	12:05:25.722315	Start Get Grouper Merchant Access `urn:mace:ucla.edu:ppid:person:8C66C9945EA34200891D83AC9A08DB72`
40-20150407120524832226	2015-04-07	12:05:25.729316	End Get Grouper Merchant Access `urn:mace:ucla.edu:ppid:person:8C66C9945EA34200891D83AC9A08DB72`
40-20150407120524832226	2015-04-07	12:05:25.729316	Start Set Access Plans Start|BruinCard_Test_Merchant
40-20150407120524832226	2015-04-07	12:05:25.732316	End Set Access Plans Start|BruinCard_Test_Merchant
40-20150407120524832226	2015-04-07	12:05:25.733316	End Set Grouper Access `804554016`
40-20150407120524832226	2015-04-07	12:05:25.733316	End Login `804554016`
40-20150407120524832226	2015-04-07	12:05:25.805323	Start App
40-20150407120524832226	2015-04-07	12:05:25.805323	AUDIT-Delete Door Access Plan Start|group_name=ucla%3Abruincard%3AAG%3ABruinCard_Test_Merchant%3ABC_Test_apAG|identifier=804554016
40-20150407120524832226	2015-04-07	12:05:25.877330	AUDIT-Delete Door Access Plan End|group_name=ucla%3Abruincard%3AAG%3ABruinCard_Test_Merchant%3ABC_Test_apAG|identifier=804554016
40-20150407120524832226	2015-04-07	12:05:25.879331	Start Grouper Delete Membership `804554016` - `ucla:bruincard:AG:BruinCard_Test_Merchant:BC_Test_apAG`
40-20150407120524832226	2015-04-07	12:05:27.415484	End Grouper Delete Membership `804554016` - `ucla:bruincard:AG:BruinCard_Test_Merchant:BC_Test_apAG`
40-20150407120524832226	2015-04-07	12:05:27.415484	Start Add To Pending Lookup `804554016` - `ucla:bruincard:AG:BruinCard_Test_Merchant:BC_Test_apAG` - `D`
40-20150407120524832226	2015-04-07	12:05:27.649508	End Add To Pending  Lookup `804554016` - `ucla:bruincard:AG:BruinCard_Test_Merchant:BC_Test_apAG` - `D`
40-20150407120524832226	2015-04-07	12:05:27.650508	Start Add To Pending `804554016` - `ucla:bruincard:AG:BruinCard_Test_Merchant:BC_Test_apAG` - `D`
40-20150407120524832226	2015-04-07	12:05:27.875530	End Add To Pending `804554016` - `ucla:bruincard:AG:BruinCard_Test_Merchant:BC_Test_apAG` - `D`
40-20150407120524832226	2015-04-07	12:05:27.876530	AUDIT-Delete Door Access Plan Success Start
40-20150407120524832226	2015-04-07	12:05:28.060549	AUDIT-Delete Door Access Plan Success End
40-20150407120524832226	2015-04-07	12:05:28.061549	End App
14-20150407120636549397	2015-04-07	12:06:38.250567	Start Login `804554016`
14-20150407120636549397	2015-04-07	12:06:38.253567	Start Set Grouper Access `804554016`
14-20150407120636549397	2015-04-07	12:06:38.254567	Start Get Grouper Subject `804554016`
14-20150407120636549397	2015-04-07	12:06:38.480590	End Get Grouper Subject `804554016`
14-20150407120636549397	2015-04-07	12:06:38.482590	Start Get Grouper Merchant Access `urn:mace:ucla.edu:ppid:person:8C66C9945EA34200891D83AC9A08DB72`
14-20150407120636549397	2015-04-07	12:06:38.491591	End Get Grouper Merchant Access `urn:mace:ucla.edu:ppid:person:8C66C9945EA34200891D83AC9A08DB72`
14-20150407120636549397	2015-04-07	12:06:38.494591	Start Set Access Plans Start|BruinCard_Test_Merchant
14-20150407120636549397	2015-04-07	12:06:38.499592	End Set Access Plans Start|BruinCard_Test_Merchant
14-20150407120636549397	2015-04-07	12:06:38.500592	End Set Grouper Access `804554016`
14-20150407120636549397	2015-04-07	12:06:38.502592	End Login `804554016`
88-20150407120644073149	2015-04-07	12:06:47.119454	Start Login `804554016`
88-20150407120644073149	2015-04-07	12:06:47.121454	Start Set Grouper Access `804554016`
88-20150407120644073149	2015-04-07	12:06:47.122454	Start Get Grouper Subject `804554016`
88-20150407120644073149	2015-04-07	12:06:47.178460	End Get Grouper Subject `804554016`
88-20150407120644073149	2015-04-07	12:06:47.179460	Start Get Grouper Merchant Access `urn:mace:ucla.edu:ppid:person:8C66C9945EA34200891D83AC9A08DB72`
88-20150407120644073149	2015-04-07	12:06:47.184460	End Get Grouper Merchant Access `urn:mace:ucla.edu:ppid:person:8C66C9945EA34200891D83AC9A08DB72`
88-20150407120644073149	2015-04-07	12:06:47.185460	Start Set Access Plans Start|BruinCard_Test_Merchant
88-20150407120644073149	2015-04-07	12:06:47.188461	End Set Access Plans Start|BruinCard_Test_Merchant
88-20150407120644073149	2015-04-07	12:06:47.189461	End Set Grouper Access `804554016`
88-20150407120644073149	2015-04-07	12:06:47.190461	End Login `804554016`
27-20150407120836486389	2015-04-07	12:08:37.326473	Start Login `804554016`
27-20150407120836486389	2015-04-07	12:08:37.328474	Start Set Grouper Access `804554016`
27-20150407120836486389	2015-04-07	12:08:37.330474	Start Get Grouper Subject `804554016`
27-20150407120836486389	2015-04-07	12:08:42.559997	End Get Grouper Subject `804554016`
27-20150407120836486389	2015-04-07	12:08:42.561997	Start Get Grouper Merchant Access `urn:mace:ucla.edu:ppid:person:8C66C9945EA34200891D83AC9A08DB72`
27-20150407120836486389	2015-04-07	12:08:42.568998	End Get Grouper Merchant Access `urn:mace:ucla.edu:ppid:person:8C66C9945EA34200891D83AC9A08DB72`
27-20150407120836486389	2015-04-07	12:08:42.569998	Start Set Access Plans Start|BruinCard_Test_Merchant
27-20150407120836486389	2015-04-07	12:08:42.571998	End Set Access Plans Start|BruinCard_Test_Merchant
27-20150407120836486389	2015-04-07	12:08:42.572998	End Set Grouper Access `804554016`
27-20150407120836486389	2015-04-07	12:08:42.573998	End Login `804554016`
27-20150407120836486389	2015-04-07	12:08:42.668008	Start App
27-20150407120836486389	2015-04-07	12:08:42.670008	Start Get Card Holder Info - 804554016
27-20150407120836486389	2015-04-07	12:08:43.067047	End Get Card Holder Info - 804554016
27-20150407120836486389	2015-04-07	12:08:43.068048	End App
70-20150407121320938832	2015-04-07	12:13:31.090847	Start Login `804554016`
70-20150407121320938832	2015-04-07	12:13:31.092847	Start Set Grouper Access `804554016`
70-20150407121320938832	2015-04-07	12:13:31.094847	Start Get Grouper Subject `804554016`
70-20150407121320938832	2015-04-07	12:13:31.328871	End Get Grouper Subject `804554016`
70-20150407121320938832	2015-04-07	12:13:31.329871	Start Get Grouper Merchant Access `urn:mace:ucla.edu:ppid:person:8C66C9945EA34200891D83AC9A08DB72`
70-20150407121320938832	2015-04-07	12:13:31.338872	End Get Grouper Merchant Access `urn:mace:ucla.edu:ppid:person:8C66C9945EA34200891D83AC9A08DB72`
70-20150407121320938832	2015-04-07	12:13:31.340872	Start Set Access Plans Start|BruinCard_Test_Merchant
70-20150407121320938832	2015-04-07	12:13:31.344872	End Set Access Plans Start|BruinCard_Test_Merchant
70-20150407121320938832	2015-04-07	12:13:31.346873	End Set Grouper Access `804554016`
70-20150407121320938832	2015-04-07	12:13:31.347873	End Login `804554016`
70-20150407121320938832	2015-04-07	12:13:31.462884	Start App
70-20150407121320938832	2015-04-07	12:13:31.463884	End App
34-20150407121410314769	2015-04-07	12:14:11.696907	Start Login `804554016`
34-20150407121410314769	2015-04-07	12:14:11.697907	Start Set Grouper Access `804554016`
34-20150407121410314769	2015-04-07	12:14:11.698907	Start Get Grouper Subject `804554016`
34-20150407121410314769	2015-04-07	12:14:11.922930	End Get Grouper Subject `804554016`
34-20150407121410314769	2015-04-07	12:14:11.923930	Start Get Grouper Merchant Access `urn:mace:ucla.edu:ppid:person:8C66C9945EA34200891D83AC9A08DB72`
34-20150407121410314769	2015-04-07	12:14:11.932931	End Get Grouper Merchant Access `urn:mace:ucla.edu:ppid:person:8C66C9945EA34200891D83AC9A08DB72`
34-20150407121410314769	2015-04-07	12:14:11.933931	Start Set Access Plans Start|BruinCard_Test_Merchant
34-20150407121410314769	2015-04-07	12:14:11.938931	End Set Access Plans Start|BruinCard_Test_Merchant
34-20150407121410314769	2015-04-07	12:14:11.940932	End Set Grouper Access `804554016`
34-20150407121410314769	2015-04-07	12:14:11.941932	End Login `804554016`
34-20150407121410314769	2015-04-07	12:14:12.022940	Start App
34-20150407121410314769	2015-04-07	12:14:12.023940	End App
28-20150407121418408578	2015-04-07	12:14:19.172655	Start Login `804554016`
28-20150407121418408578	2015-04-07	12:14:19.175655	Start Set Grouper Access `804554016`
28-20150407121418408578	2015-04-07	12:14:19.176655	Start Get Grouper Subject `804554016`
28-20150407121418408578	2015-04-07	12:14:19.239661	End Get Grouper Subject `804554016`
28-20150407121418408578	2015-04-07	12:14:19.240661	Start Get Grouper Merchant Access `urn:mace:ucla.edu:ppid:person:8C66C9945EA34200891D83AC9A08DB72`
28-20150407121418408578	2015-04-07	12:14:19.246662	Start Load DCs
28-20150407121418408578	2015-04-07	12:14:19.606698	End Load DCs
28-20150407121418408578	2015-04-07	12:14:19.614699	End Get Grouper Merchant Access `urn:mace:ucla.edu:ppid:person:8C66C9945EA34200891D83AC9A08DB72`
28-20150407121418408578	2015-04-07	12:14:19.616699	Start Set Access Plans Start|BruinCard_Test_Merchant
28-20150407121418408578	2015-04-07	12:14:19.921730	End Set Access Plans Start|BruinCard_Test_Merchant
28-20150407121418408578	2015-04-07	12:14:19.923730	End Set Grouper Access `804554016`
28-20150407121418408578	2015-04-07	12:14:19.924730	End Login `804554016`
60-20150407121425548292	2015-04-07	12:14:26.251362	Start Login `804554016`
60-20150407121425548292	2015-04-07	12:14:26.254363	Start Set Grouper Access `804554016`
60-20150407121425548292	2015-04-07	12:14:26.255363	Start Get Grouper Subject `804554016`
60-20150407121425548292	2015-04-07	12:14:26.306368	End Get Grouper Subject `804554016`
60-20150407121425548292	2015-04-07	12:14:26.307368	Start Get Grouper Merchant Access `urn:mace:ucla.edu:ppid:person:8C66C9945EA34200891D83AC9A08DB72`
60-20150407121425548292	2015-04-07	12:14:26.312369	End Get Grouper Merchant Access `urn:mace:ucla.edu:ppid:person:8C66C9945EA34200891D83AC9A08DB72`
60-20150407121425548292	2015-04-07	12:14:26.313369	Start Set Access Plans Start|BruinCard_Test_Merchant
60-20150407121425548292	2015-04-07	12:14:26.316369	End Set Access Plans Start|BruinCard_Test_Merchant
60-20150407121425548292	2015-04-07	12:14:26.317369	End Set Grouper Access `804554016`
60-20150407121425548292	2015-04-07	12:14:26.317369	End Login `804554016`
60-20150407121425548292	2015-04-07	12:14:26.419379	Start App
60-20150407121425548292	2015-04-07	12:14:26.421379	AUDIT - Find BruinCard Holder Start|type=card|name=de+arco|user_id=804554016
60-20150407121425548292	2015-04-07	12:14:26.538391	AUDIT - Find BruinCard Holder End
60-20150407121425548292	2015-04-07	12:14:26.539391	Call Search API Start
60-20150407121425548292	2015-04-07	12:14:29.804718	Call Search API End
60-20150407121425548292	2015-04-07	12:14:29.805718	Generate Results Start
60-20150407121425548292	2015-04-07	12:14:29.807718	Generate Results End
60-20150407121425548292	2015-04-07	12:14:29.807718	AUDIT - Find BruinCard Holder Results|results=1
60-20150407121425548292	2015-04-07	12:14:29.899727	AUDIT - Find BruinCard Holder Results End
60-20150407121425548292	2015-04-07	12:14:29.900727	End App
99-20150407121429981735	2015-04-07	12:14:30.478785	Start Login `804554016`
99-20150407121429981735	2015-04-07	12:14:30.481785	Start Set Grouper Access `804554016`
99-20150407121429981735	2015-04-07	12:14:30.482786	Start Get Grouper Subject `804554016`
99-20150407121429981735	2015-04-07	12:14:30.543792	End Get Grouper Subject `804554016`
99-20150407121429981735	2015-04-07	12:14:30.544792	Start Get Grouper Merchant Access `urn:mace:ucla.edu:ppid:person:8C66C9945EA34200891D83AC9A08DB72`
99-20150407121429981735	2015-04-07	12:14:30.551792	End Get Grouper Merchant Access `urn:mace:ucla.edu:ppid:person:8C66C9945EA34200891D83AC9A08DB72`
99-20150407121429981735	2015-04-07	12:14:30.553793	Start Set Access Plans Start|BruinCard_Test_Merchant
99-20150407121429981735	2015-04-07	12:14:30.557793	End Set Access Plans Start|BruinCard_Test_Merchant
99-20150407121429981735	2015-04-07	12:14:30.559793	End Set Grouper Access `804554016`
99-20150407121429981735	2015-04-07	12:14:30.560793	End Login `804554016`
99-20150407121429981735	2015-04-07	12:14:33.573095	Start App
99-20150407121429981735	2015-04-07	12:14:33.576095	Call Search API Start
99-20150407121429981735	2015-04-07	12:14:33.995137	Call Search API End
99-20150407121429981735	2015-04-07	12:14:33.995137	Start Get Pending
99-20150407121429981735	2015-04-07	12:14:34.327170	End Get Pending
99-20150407121429981735	2015-04-07	12:14:34.328170	Start Get Card Holder Status
99-20150407121429981735	2015-04-07	12:14:34.700207	End Get Card Holder Status
99-20150407121429981735	2015-04-07	12:14:34.702207	Start Get Card Holder Access Plans
99-20150407121429981735	2015-04-07	12:14:48.763613	End Get Card Holder Access Plans
99-20150407121429981735	2015-04-07	12:14:48.764614	Start Get Card Holder Allowed Access Plans
99-20150407121429981735	2015-04-07	12:14:48.766614	End Get Card Holder Allowed Access Plans
99-20150407121429981735	2015-04-07	12:14:48.786616	End App
26-20150407121605375274	2015-04-07	12:16:07.977534	Start Login `804554016`
26-20150407121605375274	2015-04-07	12:16:07.980534	Start Set Grouper Access `804554016`
26-20150407121605375274	2015-04-07	12:16:07.981534	Start Get Grouper Subject `804554016`
26-20150407121605375274	2015-04-07	12:16:08.223559	End Get Grouper Subject `804554016`
26-20150407121605375274	2015-04-07	12:16:08.225559	Start Get Grouper Merchant Access `urn:mace:ucla.edu:ppid:person:8C66C9945EA34200891D83AC9A08DB72`
26-20150407121605375274	2015-04-07	12:16:08.233560	End Get Grouper Merchant Access `urn:mace:ucla.edu:ppid:person:8C66C9945EA34200891D83AC9A08DB72`
26-20150407121605375274	2015-04-07	12:16:08.234560	Start Set Access Plans Start|BruinCard_Test_Merchant
26-20150407121605375274	2015-04-07	12:16:08.239560	End Set Access Plans Start|BruinCard_Test_Merchant
26-20150407121605375274	2015-04-07	12:16:08.240560	End Set Grouper Access `804554016`
26-20150407121605375274	2015-04-07	12:16:08.241560	End Login `804554016`
26-20150407121605375274	2015-04-07	12:16:08.335570	Start App
26-20150407121605375274	2015-04-07	12:16:08.337570	AUDIT - Find BruinCard Holder Start|type=card|name=de+arco|user_id=804554016
26-20150407121605375274	2015-04-07	12:16:08.431579	AUDIT - Find BruinCard Holder End
26-20150407121605375274	2015-04-07	12:16:08.432580	Call Search API Start
26-20150407121605375274	2015-04-07	12:16:11.245861	Call Search API End
26-20150407121605375274	2015-04-07	12:16:11.245861	Generate Results Start
26-20150407121605375274	2015-04-07	12:16:11.246861	Generate Results End
26-20150407121605375274	2015-04-07	12:16:11.247861	AUDIT - Find BruinCard Holder Results|results=1
26-20150407121605375274	2015-04-07	12:16:11.323869	AUDIT - Find BruinCard Holder Results End
26-20150407121605375274	2015-04-07	12:16:11.324869	End App
24-20150407121641035840	2015-04-07	12:16:41.753911	Start Login `804554016`
24-20150407121641035840	2015-04-07	12:16:41.755912	Start Set Grouper Access `804554016`
24-20150407121641035840	2015-04-07	12:16:41.756912	Start Get Grouper Subject `804554016`
24-20150407121641035840	2015-04-07	12:16:41.983934	End Get Grouper Subject `804554016`
24-20150407121641035840	2015-04-07	12:16:41.985935	Start Get Grouper Merchant Access `urn:mace:ucla.edu:ppid:person:8C66C9945EA34200891D83AC9A08DB72`
24-20150407121641035840	2015-04-07	12:16:41.993935	End Get Grouper Merchant Access `urn:mace:ucla.edu:ppid:person:8C66C9945EA34200891D83AC9A08DB72`
24-20150407121641035840	2015-04-07	12:16:41.994935	Start Set Access Plans Start|BruinCard_Test_Merchant
24-20150407121641035840	2015-04-07	12:16:41.999936	End Set Access Plans Start|BruinCard_Test_Merchant
24-20150407121641035840	2015-04-07	12:16:42.001936	End Set Grouper Access `804554016`
24-20150407121641035840	2015-04-07	12:16:42.001936	End Login `804554016`
26-20150407121644710207	2015-04-07	12:16:45.127249	Start Login `804554016`
26-20150407121644710207	2015-04-07	12:16:45.128249	Start Set Grouper Access `804554016`
26-20150407121644710207	2015-04-07	12:16:45.128249	Start Get Grouper Subject `804554016`
26-20150407121644710207	2015-04-07	12:16:45.180254	End Get Grouper Subject `804554016`
26-20150407121644710207	2015-04-07	12:16:45.181254	Start Get Grouper Merchant Access `urn:mace:ucla.edu:ppid:person:8C66C9945EA34200891D83AC9A08DB72`
26-20150407121644710207	2015-04-07	12:16:45.184254	End Get Grouper Merchant Access `urn:mace:ucla.edu:ppid:person:8C66C9945EA34200891D83AC9A08DB72`
26-20150407121644710207	2015-04-07	12:16:45.184254	Start Set Access Plans Start|BruinCard_Test_Merchant
26-20150407121644710207	2015-04-07	12:16:45.186255	End Set Access Plans Start|BruinCard_Test_Merchant
26-20150407121644710207	2015-04-07	12:16:45.186255	End Set Grouper Access `804554016`
26-20150407121644710207	2015-04-07	12:16:45.187255	End Login `804554016`
26-20150407121644710207	2015-04-07	12:16:45.266263	Start App
26-20150407121644710207	2015-04-07	12:16:45.267263	AUDIT - Find BruinCard Holder Start|type=card|uid=804554016|user_id=804554016
26-20150407121644710207	2015-04-07	12:16:45.338270	AUDIT - Find BruinCard Holder End
26-20150407121644710207	2015-04-07	12:16:45.339270	Call Search API Start
26-20150407121644710207	2015-04-07	12:16:45.700306	Call Search API End
26-20150407121644710207	2015-04-07	12:16:45.700306	Generate Results Start
26-20150407121644710207	2015-04-07	12:16:45.702306	Generate Results End
26-20150407121644710207	2015-04-07	12:16:45.702306	AUDIT - Find BruinCard Holder Results|results=1
26-20150407121644710207	2015-04-07	12:16:45.792315	AUDIT - Find BruinCard Holder Results End
26-20150407121644710207	2015-04-07	12:16:45.793315	End App
65-20150407121645845320	2015-04-07	12:16:46.260362	Start Login `804554016`
65-20150407121645845320	2015-04-07	12:16:46.261362	Start Set Grouper Access `804554016`
65-20150407121645845320	2015-04-07	12:16:46.261362	Start Get Grouper Subject `804554016`
65-20150407121645845320	2015-04-07	12:16:46.312367	End Get Grouper Subject `804554016`
65-20150407121645845320	2015-04-07	12:16:46.314367	Start Get Grouper Merchant Access `urn:mace:ucla.edu:ppid:person:8C66C9945EA34200891D83AC9A08DB72`
65-20150407121645845320	2015-04-07	12:16:46.322368	End Get Grouper Merchant Access `urn:mace:ucla.edu:ppid:person:8C66C9945EA34200891D83AC9A08DB72`
65-20150407121645845320	2015-04-07	12:16:46.323368	Start Set Access Plans Start|BruinCard_Test_Merchant
65-20150407121645845320	2015-04-07	12:16:46.331369	End Set Access Plans Start|BruinCard_Test_Merchant
65-20150407121645845320	2015-04-07	12:16:46.333369	End Set Grouper Access `804554016`
65-20150407121645845320	2015-04-07	12:16:46.335369	End Login `804554016`
65-20150407121645845320	2015-04-07	12:16:46.427379	Start App
65-20150407121645845320	2015-04-07	12:16:46.431379	Call Search API Start
65-20150407121645845320	2015-04-07	12:16:46.838420	Call Search API End
65-20150407121645845320	2015-04-07	12:16:46.839420	Start Get Pending
65-20150407121645845320	2015-04-07	12:16:47.134449	End Get Pending
65-20150407121645845320	2015-04-07	12:16:47.135449	Start Get Card Holder Status
65-20150407121645845320	2015-04-07	12:16:47.529489	End Get Card Holder Status
65-20150407121645845320	2015-04-07	12:16:47.531489	Start Get Card Holder Access Plans
65-20150407121645845320	2015-04-07	12:16:48.823618	End Get Card Holder Access Plans
65-20150407121645845320	2015-04-07	12:16:48.823618	Start Get Card Holder Allowed Access Plans
65-20150407121645845320	2015-04-07	12:16:48.825618	End Get Card Holder Allowed Access Plans
65-20150407121645845320	2015-04-07	12:16:48.840620	End App
72-20150407121650130749	2015-04-07	12:16:50.642800	Start Login `804554016`
72-20150407121650130749	2015-04-07	12:16:50.649801	Start Set Grouper Access `804554016`
72-20150407121650130749	2015-04-07	12:16:50.650801	Start Get Grouper Subject `804554016`
72-20150407121650130749	2015-04-07	12:16:50.708807	End Get Grouper Subject `804554016`
72-20150407121650130749	2015-04-07	12:16:50.709807	Start Get Grouper Merchant Access `urn:mace:ucla.edu:ppid:person:8C66C9945EA34200891D83AC9A08DB72`
72-20150407121650130749	2015-04-07	12:16:50.717808	End Get Grouper Merchant Access `urn:mace:ucla.edu:ppid:person:8C66C9945EA34200891D83AC9A08DB72`
72-20150407121650130749	2015-04-07	12:16:50.718808	Start Set Access Plans Start|BruinCard_Test_Merchant
72-20150407121650130749	2015-04-07	12:16:50.723808	End Set Access Plans Start|BruinCard_Test_Merchant
72-20150407121650130749	2015-04-07	12:16:50.724808	End Set Grouper Access `804554016`
72-20150407121650130749	2015-04-07	12:16:50.725808	End Login `804554016`
72-20150407121650130749	2015-04-07	12:16:50.802816	Start App
72-20150407121650130749	2015-04-07	12:16:50.803816	AUDIT - Find BruinCard Holder Start|type=card|uid=804554016|user_id=804554016
72-20150407121650130749	2015-04-07	12:16:50.877824	AUDIT - Find BruinCard Holder End
72-20150407121650130749	2015-04-07	12:16:50.882824	Call Search API Start
72-20150407121650130749	2015-04-07	12:16:51.273863	Call Search API End
72-20150407121650130749	2015-04-07	12:16:51.275863	Generate Results Start
72-20150407121650130749	2015-04-07	12:16:51.280864	Generate Results End
72-20150407121650130749	2015-04-07	12:16:51.282864	AUDIT - Find BruinCard Holder Results|results=1
72-20150407121650130749	2015-04-07	12:16:51.386875	AUDIT - Find BruinCard Holder Results End
72-20150407121650130749	2015-04-07	12:16:51.388875	End App
70-20150407121738223558	2015-04-07	12:17:38.985634	Start Login `804554016`
70-20150407121738223558	2015-04-07	12:17:38.987634	Start Set Grouper Access `804554016`
70-20150407121738223558	2015-04-07	12:17:38.988634	Start Get Grouper Subject `804554016`
70-20150407121738223558	2015-04-07	12:17:39.206656	End Get Grouper Subject `804554016`
70-20150407121738223558	2015-04-07	12:17:39.208656	Start Get Grouper Merchant Access `urn:mace:ucla.edu:ppid:person:8C66C9945EA34200891D83AC9A08DB72`
70-20150407121738223558	2015-04-07	12:17:39.215657	End Get Grouper Merchant Access `urn:mace:ucla.edu:ppid:person:8C66C9945EA34200891D83AC9A08DB72`
70-20150407121738223558	2015-04-07	12:17:39.217657	Start Set Access Plans Start|BruinCard_Test_Merchant
70-20150407121738223558	2015-04-07	12:17:39.221658	End Set Access Plans Start|BruinCard_Test_Merchant
70-20150407121738223558	2015-04-07	12:17:39.222658	End Set Grouper Access `804554016`
70-20150407121738223558	2015-04-07	12:17:39.223658	End Login `804554016`
70-20150407121738223558	2015-04-07	12:17:39.308666	AUDIT - Find Door Access Plan Start|type=door|query=vr-dlam+4v|user_id=444444444
70-20150407121738223558	2015-04-07	12:17:39.402676	AUDIT - Find Door Access Plan End
70-20150407121738223558	2015-04-07	12:17:39.403676	Grouper API Start
70-20150407121738223558	2015-04-07	12:17:39.407676	Grouper API End
70-20150407121738223558	2015-04-07	12:17:39.408676	Generate Results Start
70-20150407121738223558	2015-04-07	12:17:39.412677	Generate Results End
70-20150407121738223558	2015-04-07	12:17:39.413677	AUDIT - Find Door Access Plan Results|results=3
70-20150407121738223558	2015-04-07	12:17:39.487684	AUDIT - Find Door Access Plan Results End
70-20150407121738223558	2015-04-07	12:17:39.488684	End App
