15-20150327100402361813	2015-03-27	10:05:03.192222	Start Login `280161818`
15-20150327100402361813	2015-03-27	10:05:03.192821	Start Set Grouper Access `280161818`
15-20150327100402361813	2015-03-27	10:05:03.192898	Start Get Grouper Subject `280161818`
15-20150327100402361813	2015-03-27	10:05:03.405329	End Get Grouper Subject `280161818`
15-20150327100402361813	2015-03-27	10:05:03.405512	Start Get Grouper Merchant Access `urn:mace:ucla.edu:ppid:person:AE3D5DBCE3E146488526F11A29A01341`
15-20150327100402361813	2015-03-27	10:05:03.407960	End Get Grouper Merchant Access `urn:mace:ucla.edu:ppid:person:AE3D5DBCE3E146488526F11A29A01341`
15-20150327100402361813	2015-03-27	10:05:03.408140	Start Set Access Plans Start|BruinCard_Test_Merchant,HHSDoorMerchant
15-20150327100402361813	2015-03-27	10:05:03.409041	End Set Access Plans Start|BruinCard_Test_Merchant,HHSDoorMerchant
15-20150327100402361813	2015-03-27	10:05:03.409255	End Set Grouper Access `280161818`
15-20150327100402361813	2015-03-27	10:05:03.409326	End Login `280161818`
60-20150327100407317478	2015-03-27	10:05:03.839473	Start Login `280161818`
60-20150327100407317478	2015-03-27	10:05:03.839969	Start Set Grouper Access `280161818`
60-20150327100407317478	2015-03-27	10:05:03.840043	Start Get Grouper Subject `280161818`
60-20150327100407317478	2015-03-27	10:05:03.850990	End Get Grouper Subject `280161818`
60-20150327100407317478	2015-03-27	10:05:03.851137	Start Get Grouper Merchant Access `urn:mace:ucla.edu:ppid:person:AE3D5DBCE3E146488526F11A29A01341`
60-20150327100407317478	2015-03-27	10:05:03.853550	End Get Grouper Merchant Access `urn:mace:ucla.edu:ppid:person:AE3D5DBCE3E146488526F11A29A01341`
60-20150327100407317478	2015-03-27	10:05:03.853727	Start Set Access Plans Start|BruinCard_Test_Merchant,HHSDoorMerchant
60-20150327100407317478	2015-03-27	10:05:03.854590	End Set Access Plans Start|BruinCard_Test_Merchant,HHSDoorMerchant
60-20150327100407317478	2015-03-27	10:05:03.854788	End Set Grouper Access `280161818`
60-20150327100407317478	2015-03-27	10:05:03.854864	End Login `280161818`
16-20150327120513886941	2015-03-27	12:05:17.695092	Start Login `280161818`
16-20150327120513886941	2015-03-27	12:05:17.695550	Start Set Grouper Access `280161818`
16-20150327120513886941	2015-03-27	12:05:17.695634	Start Get Grouper Subject `280161818`
16-20150327120513886941	2015-03-27	12:05:17.875047	End Get Grouper Subject `280161818`
16-20150327120513886941	2015-03-27	12:05:17.875217	Start Get Grouper Merchant Access `urn:mace:ucla.edu:ppid:person:AE3D5DBCE3E146488526F11A29A01341`
16-20150327120513886941	2015-03-27	12:05:17.875720	Start Load DCs
16-20150327120513886941	2015-03-27	12:05:18.476888	End Load DCs
16-20150327120513886941	2015-03-27	12:05:18.478704	End Get Grouper Merchant Access `urn:mace:ucla.edu:ppid:person:AE3D5DBCE3E146488526F11A29A01341`
16-20150327120513886941	2015-03-27	12:05:18.478878	Start Set Access Plans Start|BruinCard_Test_Merchant,HHSDoorMerchant
16-20150327120513886941	2015-03-27	12:05:18.609240	End Set Access Plans Start|BruinCard_Test_Merchant,HHSDoorMerchant
16-20150327120513886941	2015-03-27	12:05:18.609585	End Set Grouper Access `280161818`
16-20150327120513886941	2015-03-27	12:05:18.609674	End Login `280161818`
17-20150327120524111701	2015-03-27	12:05:24.352746	Start Login `280161818`
17-20150327120524111701	2015-03-27	12:05:24.353186	Start Set Grouper Access `280161818`
17-20150327120524111701	2015-03-27	12:05:24.353259	Start Get Grouper Subject `280161818`
17-20150327120524111701	2015-03-27	12:05:24.362913	End Get Grouper Subject `280161818`
17-20150327120524111701	2015-03-27	12:05:24.363018	Start Get Grouper Merchant Access `urn:mace:ucla.edu:ppid:person:AE3D5DBCE3E146488526F11A29A01341`
17-20150327120524111701	2015-03-27	12:05:24.365253	End Get Grouper Merchant Access `urn:mace:ucla.edu:ppid:person:AE3D5DBCE3E146488526F11A29A01341`
17-20150327120524111701	2015-03-27	12:05:24.365411	Start Set Access Plans Start|BruinCard_Test_Merchant,HHSDoorMerchant
17-20150327120524111701	2015-03-27	12:05:24.366309	End Set Access Plans Start|BruinCard_Test_Merchant,HHSDoorMerchant
17-20150327120524111701	2015-03-27	12:05:24.366562	End Set Grouper Access `280161818`
17-20150327120524111701	2015-03-27	12:05:24.366638	End Login `280161818`
17-20150327120524111701	2015-03-27	12:05:24.373816	Start App
17-20150327120524111701	2015-03-27	12:05:24.374029	Start Get Allow Door Access `ucla:bruincard:AG:BruinCard_Test_Merchant:vr-dlam-1v-adm-office-24x7`
17-20150327120524111701	2015-03-27	12:05:24.374858	End Get Allow Door Access `ucla:bruincard:AG:BruinCard_Test_Merchant:vr-dlam-1v-adm-office-24x7`
17-20150327120524111701	2015-03-27	12:05:24.374934	Start Get Pending Card Holders
17-20150327120524111701	2015-03-27	12:05:24.611783	End Get Pending Card Holders
17-20150327120524111701	2015-03-27	12:05:24.611941	Start Get Access Plan Members `ucla:bruincard:AG:BruinCard_Test_Merchant:vr-dlam-1v-adm-office-24x7`
17-20150327120524111701	2015-03-27	12:05:24.655459	End Get Access Plan Members `ucla:bruincard:AG:BruinCard_Test_Merchant:vr-dlam-1v-adm-office-24x7`
17-20150327120524111701	2015-03-27	12:05:24.655650	End App
66-20150327120541279367	2015-03-27	12:05:41.653984	Start Login `280161818`
66-20150327120541279367	2015-03-27	12:05:41.654480	Start Set Grouper Access `280161818`
66-20150327120541279367	2015-03-27	12:05:41.654564	Start Get Grouper Subject `280161818`
66-20150327120541279367	2015-03-27	12:05:41.670618	End Get Grouper Subject `280161818`
66-20150327120541279367	2015-03-27	12:05:41.670721	Start Get Grouper Merchant Access `urn:mace:ucla.edu:ppid:person:AE3D5DBCE3E146488526F11A29A01341`
66-20150327120541279367	2015-03-27	12:05:41.673246	End Get Grouper Merchant Access `urn:mace:ucla.edu:ppid:person:AE3D5DBCE3E146488526F11A29A01341`
66-20150327120541279367	2015-03-27	12:05:41.673390	Start Set Access Plans Start|BruinCard_Test_Merchant,HHSDoorMerchant
66-20150327120541279367	2015-03-27	12:05:41.674318	End Set Access Plans Start|BruinCard_Test_Merchant,HHSDoorMerchant
66-20150327120541279367	2015-03-27	12:05:41.674532	End Set Grouper Access `280161818`
66-20150327120541279367	2015-03-27	12:05:41.674601	End Login `280161818`
66-20150327120541279367	2015-03-27	12:05:41.682634	Start App
66-20150327120541279367	2015-03-27	12:05:41.682737	AUDIT-Delete Door Access Plan Start|group_name=ucla%3Abruincard%3AAG%3ABruinCard_Test_Merchant%3Avr-dlam-1v-adm-office-24x7|identifier=804554016
66-20150327120541279367	2015-03-27	12:05:41.690522	AUDIT-Delete Door Access Plan End|group_name=ucla%3Abruincard%3AAG%3ABruinCard_Test_Merchant%3Avr-dlam-1v-adm-office-24x7|identifier=804554016
66-20150327120541279367	2015-03-27	12:05:41.690632	Start Grouper Delete Membership `804554016` - `ucla:bruincard:AG:BruinCard_Test_Merchant:vr-dlam-1v-adm-office-24x7`
66-20150327120541279367	2015-03-27	12:05:47.833612	End Grouper Delete Membership `804554016` - `ucla:bruincard:AG:BruinCard_Test_Merchant:vr-dlam-1v-adm-office-24x7`
66-20150327120541279367	2015-03-27	12:05:47.833790	Start Add To Pending Lookup `804554016` - `ucla:bruincard:AG:BruinCard_Test_Merchant:vr-dlam-1v-adm-office-24x7` - `D`
66-20150327120541279367	2015-03-27	12:05:48.089431	End Add To Pending  Lookup `804554016` - `ucla:bruincard:AG:BruinCard_Test_Merchant:vr-dlam-1v-adm-office-24x7` - `D`
66-20150327120541279367	2015-03-27	12:05:48.089588	Start Add To Pending `804554016` - `ucla:bruincard:AG:BruinCard_Test_Merchant:vr-dlam-1v-adm-office-24x7` - `D`
66-20150327120541279367	2015-03-27	12:05:48.248270	End Add To Pending `804554016` - `ucla:bruincard:AG:BruinCard_Test_Merchant:vr-dlam-1v-adm-office-24x7` - `D`
66-20150327120541279367	2015-03-27	12:05:48.248557	AUDIT-Delete Door Access Plan Success Start
66-20150327120541279367	2015-03-27	12:05:48.255303	AUDIT-Delete Door Access Plan Success End
66-20150327120541279367	2015-03-27	12:05:48.255384	End App
58-20150327120752465441	2015-03-27	12:09:41.616063	Start Login `280161818`
58-20150327120752465441	2015-03-27	12:09:41.616599	Start Set Grouper Access `280161818`
58-20150327120752465441	2015-03-27	12:09:41.616676	Start Get Grouper Subject `280161818`
58-20150327120752465441	2015-03-27	12:09:41.794789	End Get Grouper Subject `280161818`
58-20150327120752465441	2015-03-27	12:09:41.794998	Start Get Grouper Merchant Access `urn:mace:ucla.edu:ppid:person:AE3D5DBCE3E146488526F11A29A01341`
58-20150327120752465441	2015-03-27	12:09:41.797262	End Get Grouper Merchant Access `urn:mace:ucla.edu:ppid:person:AE3D5DBCE3E146488526F11A29A01341`
58-20150327120752465441	2015-03-27	12:09:41.797417	Start Set Access Plans Start|BruinCard_Test_Merchant,HHSDoorMerchant
58-20150327120752465441	2015-03-27	12:09:41.798342	End Set Access Plans Start|BruinCard_Test_Merchant,HHSDoorMerchant
58-20150327120752465441	2015-03-27	12:09:41.798566	End Set Grouper Access `280161818`
58-20150327120752465441	2015-03-27	12:09:41.798639	End Login `280161818`
58-20150327120752465441	2015-03-27	12:09:41.810631	Start App
58-20150327120752465441	2015-03-27	12:09:41.810895	AUDIT - Find BruinCard Holder Start|type=no-access|name=de+arco|user_id=280161818
58-20150327120752465441	2015-03-27	12:09:41.818669	AUDIT - Find BruinCard Holder End
58-20150327120752465441	2015-03-27	12:09:41.818859	Call Search API Start
58-20150327120752465441	2015-03-27	12:09:44.453386	Call Search API End
58-20150327120752465441	2015-03-27	12:09:44.453636	Generate Results Start
58-20150327120752465441	2015-03-27	12:09:44.454067	Generate Results End
58-20150327120752465441	2015-03-27	12:09:44.454158	AUDIT - Find BruinCard Holder Results|results=1
58-20150327120752465441	2015-03-27	12:09:44.463751	AUDIT - Find BruinCard Holder Results End
58-20150327120752465441	2015-03-27	12:09:44.463859	End App
97-20150327121054578290	2015-03-27	12:10:55.646520	Start Login `280161818`
97-20150327121054578290	2015-03-27	12:10:55.647015	Start Set Grouper Access `280161818`
97-20150327121054578290	2015-03-27	12:10:55.647097	Start Get Grouper Subject `280161818`
97-20150327121054578290	2015-03-27	12:10:55.824502	End Get Grouper Subject `280161818`
97-20150327121054578290	2015-03-27	12:10:55.824678	Start Get Grouper Merchant Access `urn:mace:ucla.edu:ppid:person:AE3D5DBCE3E146488526F11A29A01341`
97-20150327121054578290	2015-03-27	12:10:55.826846	End Get Grouper Merchant Access `urn:mace:ucla.edu:ppid:person:AE3D5DBCE3E146488526F11A29A01341`
97-20150327121054578290	2015-03-27	12:10:55.826998	Start Set Access Plans Start|BruinCard_Test_Merchant,HHSDoorMerchant
97-20150327121054578290	2015-03-27	12:10:55.827836	End Set Access Plans Start|BruinCard_Test_Merchant,HHSDoorMerchant
97-20150327121054578290	2015-03-27	12:10:55.828048	End Set Grouper Access `280161818`
97-20150327121054578290	2015-03-27	12:10:55.828117	End Login `280161818`
97-20150327121054578290	2015-03-27	12:10:55.839739	Start App
97-20150327121054578290	2015-03-27	12:10:55.839848	AUDIT-Add Door Access Plan Start|group_name=ucla%3Abruincard%3AAG%3ABruinCard_Test_Merchant%3Avr-dlam-1v-adm-office-24x7|identifier=804554016
97-20150327121054578290	2015-03-27	12:10:55.848382	AUDIT-Add Door Access Plan End
97-20150327121054578290	2015-03-27	12:10:55.848490	Start Grouper Add Membership `804554016` - `ucla:bruincard:AG:BruinCard_Test_Merchant:vr-dlam-1v-adm-office-24x7`
97-20150327121054578290	2015-03-27	12:11:04.938712	End Grouper Add Membership `804554016` - `ucla:bruincard:AG:BruinCard_Test_Merchant:vr-dlam-1v-adm-office-24x7`
97-20150327121054578290	2015-03-27	12:11:04.938921	Start Add To Pending Lookup `804554016` - `ucla:bruincard:AG:BruinCard_Test_Merchant:vr-dlam-1v-adm-office-24x7` - `A`
97-20150327121054578290	2015-03-27	12:11:05.187855	End Add To Pending  Lookup `804554016` - `ucla:bruincard:AG:BruinCard_Test_Merchant:vr-dlam-1v-adm-office-24x7` - `A`
97-20150327121054578290	2015-03-27	12:11:05.187996	Start Add To Pending `804554016` - `ucla:bruincard:AG:BruinCard_Test_Merchant:vr-dlam-1v-adm-office-24x7` - `A`
97-20150327121054578290	2015-03-27	12:11:05.232227	End Add To Pending `804554016` - `ucla:bruincard:AG:BruinCard_Test_Merchant:vr-dlam-1v-adm-office-24x7` - `A`
97-20150327121054578290	2015-03-27	12:11:05.232508	AUDIT-Add Door Access Plan Success Start
97-20150327121054578290	2015-03-27	12:11:05.241966	AUDIT-Add Door Access Plan Success End
97-20150327121054578290	2015-03-27	12:11:05.242077	End App
