2015-02-17 17:12:56 Error: [MissingControllerException] Controller class Controller could not be found.
Exception Attributes: array (
  'class' => 'Controller',
  'plugin' => NULL,
)
Request URL: /app/
Stack Trace:
#0 /var/www/bcdoors.it.ucla.edu/app/app/webroot/index.php(110): Dispatcher->dispatch(Object(CakeRequest), Object(CakeResponse))
#1 {main}
2015-02-17 17:14:33 Error: [MissingControllerException] Controller class Controller could not be found.
Exception Attributes: array (
  'class' => 'Controller',
  'plugin' => NULL,
)
Request URL: /app/
Stack Trace:
#0 /var/www/bcdoors.it.ucla.edu/app/app/webroot/index.php(110): Dispatcher->dispatch(Object(CakeRequest), Object(CakeResponse))
#1 {main}
2015-02-17 17:14:58 Error: [MissingControllerException] Controller class Controller could not be found.
Exception Attributes: array (
  'class' => 'Controller',
  'plugin' => NULL,
)
Request URL: /app/
Stack Trace:
#0 /var/www/bcdoors.it.ucla.edu/app/app/webroot/index.php(110): Dispatcher->dispatch(Object(CakeRequest), Object(CakeResponse))
#1 {main}
2015-02-17 17:15:16 Error: [MissingControllerException] Controller class Controller could not be found.
Exception Attributes: array (
  'class' => 'Controller',
  'plugin' => NULL,
)
Request URL: /app/
Stack Trace:
#0 /var/www/bcdoors.it.ucla.edu/app/app/webroot/index.php(110): Dispatcher->dispatch(Object(CakeRequest), Object(CakeResponse))
#1 {main}
2015-02-17 17:15:42 Error: [MissingControllerException] Controller class Controller could not be found.
Exception Attributes: array (
  'class' => 'Controller',
  'plugin' => NULL,
)
Request URL: /app/
Stack Trace:
#0 /var/www/bcdoors.it.ucla.edu/app/app/webroot/index.php(110): Dispatcher->dispatch(Object(CakeRequest), Object(CakeResponse))
#1 {main}
2015-02-17 17:15:46 Error: [MissingControllerException] Controller class Controller could not be found.
Exception Attributes: array (
  'class' => 'Controller',
  'plugin' => NULL,
)
Request URL: /app/
Stack Trace:
#0 /var/www/bcdoors.it.ucla.edu/app/app/webroot/index.php(110): Dispatcher->dispatch(Object(CakeRequest), Object(CakeResponse))
#1 {main}
2015-02-17 17:16:06 Error: [MissingControllerException] Controller class Controller could not be found.
Exception Attributes: array (
  'class' => 'Controller',
  'plugin' => NULL,
)
Request URL: /app/
Stack Trace:
#0 /var/www/bcdoors.it.ucla.edu/app/app/webroot/index.php(110): Dispatcher->dispatch(Object(CakeRequest), Object(CakeResponse))
#1 {main}
2015-02-17 17:16:31 Error: [MissingControllerException] Controller class Controller could not be found.
Exception Attributes: array (
  'class' => 'Controller',
  'plugin' => NULL,
)
Request URL: /app/
Stack Trace:
#0 /var/www/bcdoors.it.ucla.edu/app/app/webroot/index.php(110): Dispatcher->dispatch(Object(CakeRequest), Object(CakeResponse))
#1 {main}
2015-02-17 17:17:18 Error: [MissingControllerException] Controller class Controller could not be found.
Exception Attributes: array (
  'class' => 'Controller',
  'plugin' => NULL,
)
Request URL: /app/
Stack Trace:
#0 /var/www/bcdoors.it.ucla.edu/app/app/webroot/index.php(110): Dispatcher->dispatch(Object(CakeRequest), Object(CakeResponse))
#1 {main}
2015-02-17 17:22:51 Error: [MissingControllerException] Controller class Controller could not be found.
Exception Attributes: array (
  'class' => 'Controller',
  'plugin' => NULL,
)
Request URL: /app/
Stack Trace:
#0 /var/www/bcdoors.it.ucla.edu/app/app/webroot/index.php(110): Dispatcher->dispatch(Object(CakeRequest), Object(CakeResponse))
#1 {main}
2015-02-17 17:33:17 Error: [MissingControllerException] Controller class Controller could not be found.
Exception Attributes: array (
  'class' => 'Controller',
  'plugin' => NULL,
)
Request URL: /app/
Stack Trace:
#0 /var/www/bcdoors.it.ucla.edu/app/app/webroot/index.php(110): Dispatcher->dispatch(Object(CakeRequest), Object(CakeResponse))
#1 {main}
2015-02-17 17:33:20 Error: [MissingControllerException] Controller class Controller could not be found.
Exception Attributes: array (
  'class' => 'Controller',
  'plugin' => NULL,
)
Request URL: /app/
Stack Trace:
#0 /var/www/bcdoors.it.ucla.edu/app/app/webroot/index.php(110): Dispatcher->dispatch(Object(CakeRequest), Object(CakeResponse))
#1 {main}
2015-02-17 18:44:04 Error: [MissingControllerException] Controller class Uperws.it.ucla.eduController could not be found.
Exception Attributes: array (
  'class' => 'Uperws.it.ucla.eduController',
  'plugin' => NULL,
)
Request URL: /app/uperws.it.ucla.edu/grouper-ws/servicesRest/xml/v2_1_5/subjects?wsLiteObjectType=WsRestGetSubjectsLiteRequest&searchString=804554016&subjectAttributeNames=uclauniversityid%2Cuclalogonid%2Cedupersonprincipalname
Stack Trace:
#0 /var/www/bcdoors.it.ucla.edu/app/app/webroot/index.php(110): Dispatcher->dispatch(Object(CakeRequest), Object(CakeResponse))
#1 {main}
2015-02-18 09:41:59 Error: [MissingActionException] Action SystemController::cache() could not be found.
Exception Attributes: array (
  'controller' => 'SystemController',
  'action' => 'cache',
)
Request URL: /app/systems/cache
Stack Trace:
#0 /var/www/bcdoors.it.ucla.edu/app/lib/Cake/Routing/Dispatcher.php(191): Controller->invokeAction(Object(CakeRequest))
#1 /var/www/bcdoors.it.ucla.edu/app/lib/Cake/Routing/Dispatcher.php(165): Dispatcher->_invoke(Object(SystemsController), Object(CakeRequest))
#2 /var/www/bcdoors.it.ucla.edu/app/app/webroot/index.php(110): Dispatcher->dispatch(Object(CakeRequest), Object(CakeResponse))
#3 {main}
2015-02-19 14:14:18 Error: [MissingActionException] Action GeneralController::sessions() could not be found.
Exception Attributes: array (
  'controller' => 'GeneralController',
  'action' => 'sessions',
)
Request URL: /app/general/sessions
Stack Trace:
#0 /var/www/bcdoors.it.ucla.edu/app/lib/Cake/Routing/Dispatcher.php(191): Controller->invokeAction(Object(CakeRequest))
#1 /var/www/bcdoors.it.ucla.edu/app/lib/Cake/Routing/Dispatcher.php(165): Dispatcher->_invoke(Object(GeneralController), Object(CakeRequest))
#2 /var/www/bcdoors.it.ucla.edu/app/app/webroot/index.php(110): Dispatcher->dispatch(Object(CakeRequest), Object(CakeResponse))
#3 {main}
2015-02-24 12:41:11 Error: [MissingActionException] Action AppController::general() could not be found.
Exception Attributes: array (
  'controller' => 'AppController',
  'action' => 'general',
)
Request URL: /app/app/general/headers
Stack Trace:
#0 /var/www/bcdoors.it.ucla.edu/app/lib/Cake/Routing/Dispatcher.php(191): Controller->invokeAction(Object(CakeRequest))
#1 /var/www/bcdoors.it.ucla.edu/app/lib/Cake/Routing/Dispatcher.php(165): Dispatcher->_invoke(Object(AppController), Object(CakeRequest))
#2 /var/www/bcdoors.it.ucla.edu/app/app/webroot/index.php(110): Dispatcher->dispatch(Object(CakeRequest), Object(CakeResponse))
#3 {main}
2015-02-24 12:41:34 Error: [MissingActionException] Action AppController::general() could not be found.
Exception Attributes: array (
  'controller' => 'AppController',
  'action' => 'general',
)
Request URL: /app/app/general/headers
Stack Trace:
#0 /var/www/bcdoors.it.ucla.edu/app/lib/Cake/Routing/Dispatcher.php(191): Controller->invokeAction(Object(CakeRequest))
#1 /var/www/bcdoors.it.ucla.edu/app/lib/Cake/Routing/Dispatcher.php(165): Dispatcher->_invoke(Object(AppController), Object(CakeRequest))
#2 /var/www/bcdoors.it.ucla.edu/app/app/webroot/index.php(110): Dispatcher->dispatch(Object(CakeRequest), Object(CakeResponse))
#3 {main}
2015-02-24 15:39:56 Error: [MissingActionException] Action AppController::webroot() could not be found.
Exception Attributes: array (
  'controller' => 'AppController',
  'action' => 'webroot',
)
Request URL: /app/app/webroot/general/headers
Stack Trace:
#0 /var/www/bcdoors.it.ucla.edu/app/lib/Cake/Routing/Dispatcher.php(191): Controller->invokeAction(Object(CakeRequest))
#1 /var/www/bcdoors.it.ucla.edu/app/lib/Cake/Routing/Dispatcher.php(165): Dispatcher->_invoke(Object(AppController), Object(CakeRequest))
#2 /var/www/bcdoors.it.ucla.edu/app/app/webroot/index.php(110): Dispatcher->dispatch(Object(CakeRequest), Object(CakeResponse))
#3 {main}
2015-02-24 15:49:53 Error: [MissingActionException] Action AppController::webroot() could not be found.
Exception Attributes: array (
  'controller' => 'AppController',
  'action' => 'webroot',
)
Request URL: /app/app/webroot/general/headers
Stack Trace:
#0 /var/www/bcdoors.it.ucla.edu/app/lib/Cake/Routing/Dispatcher.php(191): Controller->invokeAction(Object(CakeRequest))
#1 /var/www/bcdoors.it.ucla.edu/app/lib/Cake/Routing/Dispatcher.php(165): Dispatcher->_invoke(Object(AppController), Object(CakeRequest))
#2 /var/www/bcdoors.it.ucla.edu/app/app/webroot/index.php(110): Dispatcher->dispatch(Object(CakeRequest), Object(CakeResponse))
#3 {main}
2015-02-24 15:50:49 Error: [MissingActionException] Action AppController::webroot() could not be found.
Exception Attributes: array (
  'controller' => 'AppController',
  'action' => 'webroot',
)
Request URL: /app/app/webroot/general/headers
Stack Trace:
#0 /var/www/bcdoors.it.ucla.edu/app/lib/Cake/Routing/Dispatcher.php(191): Controller->invokeAction(Object(CakeRequest))
#1 /var/www/bcdoors.it.ucla.edu/app/lib/Cake/Routing/Dispatcher.php(165): Dispatcher->_invoke(Object(AppController), Object(CakeRequest))
#2 /var/www/bcdoors.it.ucla.edu/app/app/webroot/index.php(110): Dispatcher->dispatch(Object(CakeRequest), Object(CakeResponse))
#3 {main}
2015-02-24 15:51:22 Error: [MissingActionException] Action AppController::webroot() could not be found.
Exception Attributes: array (
  'controller' => 'AppController',
  'action' => 'webroot',
)
Request URL: /app/app/webroot/general/headers
Stack Trace:
#0 /var/www/bcdoors.it.ucla.edu/app/lib/Cake/Routing/Dispatcher.php(191): Controller->invokeAction(Object(CakeRequest))
#1 /var/www/bcdoors.it.ucla.edu/app/lib/Cake/Routing/Dispatcher.php(165): Dispatcher->_invoke(Object(AppController), Object(CakeRequest))
#2 /var/www/bcdoors.it.ucla.edu/app/app/webroot/index.php(110): Dispatcher->dispatch(Object(CakeRequest), Object(CakeResponse))
#3 {main}
2015-02-24 15:52:25 Error: [MissingActionException] Action AppController::webroot() could not be found.
Exception Attributes: array (
  'controller' => 'AppController',
  'action' => 'webroot',
)
Request URL: /app/app/webroot/general/headers
Stack Trace:
#0 /var/www/bcdoors.it.ucla.edu/app/lib/Cake/Routing/Dispatcher.php(191): Controller->invokeAction(Object(CakeRequest))
#1 /var/www/bcdoors.it.ucla.edu/app/lib/Cake/Routing/Dispatcher.php(165): Dispatcher->_invoke(Object(AppController), Object(CakeRequest))
#2 /var/www/bcdoors.it.ucla.edu/app/app/webroot/index.php(110): Dispatcher->dispatch(Object(CakeRequest), Object(CakeResponse))
#3 {main}
2015-02-24 15:53:23 Error: [MissingActionException] Action AppController::webroot() could not be found.
Exception Attributes: array (
  'controller' => 'AppController',
  'action' => 'webroot',
)
Request URL: /app/app/webroot/general/headers
Stack Trace:
#0 /var/www/bcdoors.it.ucla.edu/app/lib/Cake/Routing/Dispatcher.php(191): Controller->invokeAction(Object(CakeRequest))
#1 /var/www/bcdoors.it.ucla.edu/app/lib/Cake/Routing/Dispatcher.php(165): Dispatcher->_invoke(Object(AppController), Object(CakeRequest))
#2 /var/www/bcdoors.it.ucla.edu/app/app/webroot/index.php(110): Dispatcher->dispatch(Object(CakeRequest), Object(CakeResponse))
#3 {main}
2015-02-24 16:00:27 Error: [MissingControllerException] Controller class Headers.phpController could not be found.
Exception Attributes: array (
  'class' => 'Headers.phpController',
  'plugin' => NULL,
)
Request URL: /app/headers.php
Stack Trace:
#0 /var/www/bcdoors.it.ucla.edu/app/app/webroot/index.php(110): Dispatcher->dispatch(Object(CakeRequest), Object(CakeResponse))
#1 {main}
2015-02-24 16:12:56 Error: [MissingControllerException] Controller class WebrootController could not be found.
Exception Attributes: array (
  'class' => 'WebrootController',
  'plugin' => NULL,
)
Request URL: /app/webroot/files/emails-20150127.txt
Stack Trace:
#0 /var/www/bcdoors.it.ucla.edu/app/app/webroot/index.php(110): Dispatcher->dispatch(Object(CakeRequest), Object(CakeResponse))
#1 {main}
2015-02-24 16:31:26 Error: [MissingActionException] Action AppController::webroot() could not be found.
Exception Attributes: array (
  'controller' => 'AppController',
  'action' => 'webroot',
)
Request URL: /app/app/webroot/general/headers
Stack Trace:
#0 /var/www/bcdoors.it.ucla.edu/app/lib/Cake/Routing/Dispatcher.php(191): Controller->invokeAction(Object(CakeRequest))
#1 /var/www/bcdoors.it.ucla.edu/app/lib/Cake/Routing/Dispatcher.php(165): Dispatcher->_invoke(Object(AppController), Object(CakeRequest))
#2 /var/www/bcdoors.it.ucla.edu/app/app/webroot/index.php(110): Dispatcher->dispatch(Object(CakeRequest), Object(CakeResponse))
#3 {main}
2015-02-24 17:21:15 Error: [MissingControllerException] Controller class RestController could not be found.
Exception Attributes: array (
  'class' => 'RestController',
  'plugin' => NULL,
)
Request URL: /app/rest/xml/photos/status
Stack Trace:
#0 /var/www/bcdoors.it.ucla.edu/app/app/webroot/index.php(110): Dispatcher->dispatch(Object(CakeRequest), Object(CakeResponse))
#1 {main}
2015-03-02 15:14:50 Error: [MissingControllerException] Controller class GrestController could not be found.
Exception Attributes: array (
  'class' => 'GrestController',
  'plugin' => NULL,
)
Request URL: /app/grest/xml/photos/status
Stack Trace:
#0 /var/www/bcdoors.it.ucla.edu/app/app/webroot/index.php(110): Dispatcher->dispatch(Object(CakeRequest), Object(CakeResponse))
#1 {main}
2015-03-06 16:16:30 Error: [MissingControllerException] Controller class CfsController could not be found.
Exception Attributes: array (
  'class' => 'CfsController',
  'plugin' => NULL,
)
Request URL: /cfs//cfs/xml/card_holder/info?CardHolder-uid=804554016&debug=1
Stack Trace:
#0 /var/www/bcdoors.it.ucla.edu/cfs/app/webroot/index.php(110): Dispatcher->dispatch(Object(CakeRequest), Object(CakeResponse))
#1 {main}
2015-03-06 16:21:17 Error: [MissingControllerException] Controller class CfsController could not be found.
Exception Attributes: array (
  'class' => 'CfsController',
  'plugin' => NULL,
)
Request URL: /cfs//cfs/xml/deposits/add?Deposit-uid=303739052&Deposit-amount=50.00&Deposit-order_id=1422313001&Deposit-stored_value_account=EasyPay&debug=1
Stack Trace:
#0 /var/www/bcdoors.it.ucla.edu/cfs/app/webroot/index.php(110): Dispatcher->dispatch(Object(CakeRequest), Object(CakeResponse))
#1 {main}
2015-03-12 15:58:04 Error: [MissingActionException] Action DepositsController::status() could not be found.
Exception Attributes: array (
  'controller' => 'DepositsController',
  'action' => 'status',
)
Request URL: /cfs/deposits/status/info?CardHolder-uid=303726686&debug=1
Stack Trace:
#0 /var/www/bcdoors.it.ucla.edu/cfs/lib/Cake/Routing/Dispatcher.php(191): Controller->invokeAction(Object(CakeRequest))
#1 /var/www/bcdoors.it.ucla.edu/cfs/lib/Cake/Routing/Dispatcher.php(165): Dispatcher->_invoke(Object(DepositsController), Object(CakeRequest))
#2 /var/www/bcdoors.it.ucla.edu/cfs/app/webroot/index.php(110): Dispatcher->dispatch(Object(CakeRequest), Object(CakeResponse))
#3 {main}
2016-09-27 09:21:05 Error: [MissingControllerException] Controller class XmlController could not be found.
Exception Attributes: array (
  'class' => 'XmlController',
  'plugin' => NULL,
)
Request URL: /cfs/xml
Stack Trace:
#0 /var/www/bcdoors.it.ucla.edu/cfs/app/webroot/index.php(110): Dispatcher->dispatch(Object(CakeRequest), Object(CakeResponse))
#1 {main}
2016-09-27 13:46:30 Error: [MissingControllerException] Controller class XmlController could not be found.
Exception Attributes: array (
  'class' => 'XmlController',
  'plugin' => NULL,
)
Request URL: /cfs/xml
Stack Trace:
#0 /var/www/bcdoors.it.ucla.edu/cfs/app/webroot/index.php(110): Dispatcher->dispatch(Object(CakeRequest), Object(CakeResponse))
#1 {main}
2016-09-27 13:46:33 Error: [MissingControllerException] Controller class XmlController could not be found.
Exception Attributes: array (
  'class' => 'XmlController',
  'plugin' => NULL,
)
Request URL: /cfs/xml
Stack Trace:
#0 /var/www/bcdoors.it.ucla.edu/cfs/app/webroot/index.php(110): Dispatcher->dispatch(Object(CakeRequest), Object(CakeResponse))
#1 {main}
2016-09-27 13:47:01 Error: [MissingControllerException] Controller class XmlController could not be found.
Exception Attributes: array (
  'class' => 'XmlController',
  'plugin' => NULL,
)
Request URL: /cfs/xml
Stack Trace:
#0 /var/www/bcdoors.it.ucla.edu/cfs/app/webroot/index.php(110): Dispatcher->dispatch(Object(CakeRequest), Object(CakeResponse))
#1 {main}
2016-09-27 14:00:59 Error: [MissingControllerException] Controller class XmlController could not be found.
Exception Attributes: array (
  'class' => 'XmlController',
  'plugin' => NULL,
)
Request URL: /cfs/xml
Stack Trace:
#0 /var/www/bcdoors.it.ucla.edu/cfs/app/webroot/index.php(110): Dispatcher->dispatch(Object(CakeRequest), Object(CakeResponse))
#1 {main}
2016-09-27 14:01:14 Error: [MissingControllerException] Controller class XmlController could not be found.
Exception Attributes: array (
  'class' => 'XmlController',
  'plugin' => NULL,
)
Request URL: /cfs/xml
Stack Trace:
#0 /var/www/bcdoors.it.ucla.edu/cfs/app/webroot/index.php(110): Dispatcher->dispatch(Object(CakeRequest), Object(CakeResponse))
#1 {main}
2016-09-27 14:01:48 Error: [MissingControllerException] Controller class XmlController could not be found.
Exception Attributes: array (
  'class' => 'XmlController',
  'plugin' => NULL,
)
Request URL: /cfs/xml
Stack Trace:
#0 /var/www/bcdoors.it.ucla.edu/cfs/app/webroot/index.php(110): Dispatcher->dispatch(Object(CakeRequest), Object(CakeResponse))
#1 {main}
2017-04-27 15:03:36 Error: [MissingControllerException] Controller class XmlController could not be found.
Exception Attributes: array (
  'class' => 'XmlController',
  'plugin' => NULL,
)
Request URL: /cfs/xml
Stack Trace:
#0 /var/www/bcdoors.it.ucla.edu/cfs/app/webroot/index.php(110): Dispatcher->dispatch(Object(CakeRequest), Object(CakeResponse))
#1 {main}
2017-04-27 15:04:12 Error: [MissingControllerException] Controller class XmlController could not be found.
Exception Attributes: array (
  'class' => 'XmlController',
  'plugin' => NULL,
)
Request URL: /cfs/xml
Stack Trace:
#0 /var/www/bcdoors.it.ucla.edu/cfs/app/webroot/index.php(110): Dispatcher->dispatch(Object(CakeRequest), Object(CakeResponse))
#1 {main}
2019-10-24 20:43:42 Error: [MissingControllerException] Controller class XmlController could not be found.
Exception Attributes: array (
  'class' => 'XmlController',
  'plugin' => NULL,
)
Request URL: /cfs/xml
Stack Trace:
#0 /var/www/bcdoors.it.ucla.edu/cfs/app/webroot/index.php(110): Dispatcher->dispatch(Object(CakeRequest), Object(CakeResponse))
#1 {main}
2019-10-24 20:45:52 Error: [MissingControllerException] Controller class XmlController could not be found.
Exception Attributes: array (
  'class' => 'XmlController',
  'plugin' => NULL,
)
Request URL: /cfs/xml
Stack Trace:
#0 /var/www/bcdoors.it.ucla.edu/cfs/app/webroot/index.php(110): Dispatcher->dispatch(Object(CakeRequest), Object(CakeResponse))
#1 {main}
2023-03-22 13:17:59 Error: [SocketException] Connection refused
Request URL: /cfs/xml/card_holder/info
Stack Trace:
#0 /var/www/bcdoors.it.ucla.edu/cfs/lib/Cake/Network/CakeSocket.php(272): CakeSocket->connect()
#1 /var/www/bcdoors.it.ucla.edu/cfs/lib/Cake/Network/Http/HttpSocket.php(374): CakeSocket->write('GET /customer/r...')
#2 /var/www/bcdoors.it.ucla.edu/cfs/lib/Cake/Network/Http/HttpSocket.php(462): HttpSocket->request(Array)
#3 /var/www/bcdoors.it.ucla.edu/cfs/app/Controller/Component/HttpComponent.php(69): HttpSocket->get('http://localhos...', Array)
#4 /var/www/bcdoors.it.ucla.edu/cfs/app/Controller/CardHolderController.php(259): HttpComponent->get('http://localhos...', Array)
#5 [internal function]: CardHolderController->xml_info()
#6 /var/www/bcdoors.it.ucla.edu/cfs/lib/Cake/Controller/Controller.php(490): ReflectionMethod->invokeArgs(Object(CardHolderController), Array)
#7 /var/www/bcdoors.it.ucla.edu/cfs/lib/Cake/Routing/Dispatcher.php(191): Controller->invokeAction(Object(CakeRequest))
#8 /var/www/bcdoors.it.ucla.edu/cfs/lib/Cake/Routing/Dispatcher.php(165): Dispatcher->_invoke(Object(CardHolderController), Object(CakeRequest))
#9 /var/www/bcdoors.it.ucla.edu/cfs/app/webroot/index.php(110): Dispatcher->dispatch(Object(CakeRequest), Object(CakeResponse))
#10 {main}
2023-03-27 14:36:57 Error: [SocketException] Connection refused
Request URL: /cfs/xml/card_holder/info
Stack Trace:
#0 /var/www/bcdoors.it.ucla.edu/cfs/lib/Cake/Network/CakeSocket.php(272): CakeSocket->connect()
#1 /var/www/bcdoors.it.ucla.edu/cfs/lib/Cake/Network/Http/HttpSocket.php(374): CakeSocket->write('GET /customer/r...')
#2 /var/www/bcdoors.it.ucla.edu/cfs/lib/Cake/Network/Http/HttpSocket.php(462): HttpSocket->request(Array)
#3 /var/www/bcdoors.it.ucla.edu/cfs/app/Controller/Component/HttpComponent.php(69): HttpSocket->get('http://localhos...', Array)
#4 /var/www/bcdoors.it.ucla.edu/cfs/app/Controller/CardHolderController.php(259): HttpComponent->get('http://localhos...', Array)
#5 [internal function]: CardHolderController->xml_info()
#6 /var/www/bcdoors.it.ucla.edu/cfs/lib/Cake/Controller/Controller.php(490): ReflectionMethod->invokeArgs(Object(CardHolderController), Array)
#7 /var/www/bcdoors.it.ucla.edu/cfs/lib/Cake/Routing/Dispatcher.php(191): Controller->invokeAction(Object(CakeRequest))
#8 /var/www/bcdoors.it.ucla.edu/cfs/lib/Cake/Routing/Dispatcher.php(165): Dispatcher->_invoke(Object(CardHolderController), Object(CakeRequest))
#9 /var/www/bcdoors.it.ucla.edu/cfs/app/webroot/index.php(110): Dispatcher->dispatch(Object(CakeRequest), Object(CakeResponse))
#10 {main}
2023-03-27 14:40:41 Error: [SocketException] Connection refused
Request URL: /cfs/xml/card_holder/info
Stack Trace:
#0 /var/www/bcdoors.it.ucla.edu/cfs/lib/Cake/Network/CakeSocket.php(272): CakeSocket->connect()
#1 /var/www/bcdoors.it.ucla.edu/cfs/lib/Cake/Network/Http/HttpSocket.php(374): CakeSocket->write('GET /customer/r...')
#2 /var/www/bcdoors.it.ucla.edu/cfs/lib/Cake/Network/Http/HttpSocket.php(462): HttpSocket->request(Array)
#3 /var/www/bcdoors.it.ucla.edu/cfs/app/Controller/Component/HttpComponent.php(69): HttpSocket->get('http://localhos...', Array)
#4 /var/www/bcdoors.it.ucla.edu/cfs/app/Controller/CardHolderController.php(259): HttpComponent->get('http://localhos...', Array)
#5 [internal function]: CardHolderController->xml_info()
#6 /var/www/bcdoors.it.ucla.edu/cfs/lib/Cake/Controller/Controller.php(490): ReflectionMethod->invokeArgs(Object(CardHolderController), Array)
#7 /var/www/bcdoors.it.ucla.edu/cfs/lib/Cake/Routing/Dispatcher.php(191): Controller->invokeAction(Object(CakeRequest))
#8 /var/www/bcdoors.it.ucla.edu/cfs/lib/Cake/Routing/Dispatcher.php(165): Dispatcher->_invoke(Object(CardHolderController), Object(CakeRequest))
#9 /var/www/bcdoors.it.ucla.edu/cfs/app/webroot/index.php(110): Dispatcher->dispatch(Object(CakeRequest), Object(CakeResponse))
#10 {main}
2023-03-27 14:40:43 Error: [SocketException] Connection refused
Request URL: /cfs/xml/card_holder/info
Stack Trace:
#0 /var/www/bcdoors.it.ucla.edu/cfs/lib/Cake/Network/CakeSocket.php(272): CakeSocket->connect()
#1 /var/www/bcdoors.it.ucla.edu/cfs/lib/Cake/Network/Http/HttpSocket.php(374): CakeSocket->write('GET /customer/r...')
#2 /var/www/bcdoors.it.ucla.edu/cfs/lib/Cake/Network/Http/HttpSocket.php(462): HttpSocket->request(Array)
#3 /var/www/bcdoors.it.ucla.edu/cfs/app/Controller/Component/HttpComponent.php(69): HttpSocket->get('http://localhos...', Array)
#4 /var/www/bcdoors.it.ucla.edu/cfs/app/Controller/CardHolderController.php(259): HttpComponent->get('http://localhos...', Array)
#5 [internal function]: CardHolderController->xml_info()
#6 /var/www/bcdoors.it.ucla.edu/cfs/lib/Cake/Controller/Controller.php(490): ReflectionMethod->invokeArgs(Object(CardHolderController), Array)
#7 /var/www/bcdoors.it.ucla.edu/cfs/lib/Cake/Routing/Dispatcher.php(191): Controller->invokeAction(Object(CakeRequest))
#8 /var/www/bcdoors.it.ucla.edu/cfs/lib/Cake/Routing/Dispatcher.php(165): Dispatcher->_invoke(Object(CardHolderController), Object(CakeRequest))
#9 /var/www/bcdoors.it.ucla.edu/cfs/app/webroot/index.php(110): Dispatcher->dispatch(Object(CakeRequest), Object(CakeResponse))
#10 {main}
2023-03-27 14:41:20 Error: [SocketException] Connection refused
Request URL: /cfs/xml/card_holder/info
Stack Trace:
#0 /var/www/bcdoors.it.ucla.edu/cfs/lib/Cake/Network/CakeSocket.php(272): CakeSocket->connect()
#1 /var/www/bcdoors.it.ucla.edu/cfs/lib/Cake/Network/Http/HttpSocket.php(374): CakeSocket->write('GET /customer/r...')
#2 /var/www/bcdoors.it.ucla.edu/cfs/lib/Cake/Network/Http/HttpSocket.php(462): HttpSocket->request(Array)
#3 /var/www/bcdoors.it.ucla.edu/cfs/app/Controller/Component/HttpComponent.php(69): HttpSocket->get('http://localhos...', Array)
#4 /var/www/bcdoors.it.ucla.edu/cfs/app/Controller/CardHolderController.php(259): HttpComponent->get('http://localhos...', Array)
#5 [internal function]: CardHolderController->xml_info()
#6 /var/www/bcdoors.it.ucla.edu/cfs/lib/Cake/Controller/Controller.php(490): ReflectionMethod->invokeArgs(Object(CardHolderController), Array)
#7 /var/www/bcdoors.it.ucla.edu/cfs/lib/Cake/Routing/Dispatcher.php(191): Controller->invokeAction(Object(CakeRequest))
#8 /var/www/bcdoors.it.ucla.edu/cfs/lib/Cake/Routing/Dispatcher.php(165): Dispatcher->_invoke(Object(CardHolderController), Object(CakeRequest))
#9 /var/www/bcdoors.it.ucla.edu/cfs/app/webroot/index.php(110): Dispatcher->dispatch(Object(CakeRequest), Object(CakeResponse))
#10 {main}
2023-03-27 14:41:27 Error: [SocketException] Connection refused
Request URL: /cfs/xml/card_holder/info
Stack Trace:
#0 /var/www/bcdoors.it.ucla.edu/cfs/lib/Cake/Network/CakeSocket.php(272): CakeSocket->connect()
#1 /var/www/bcdoors.it.ucla.edu/cfs/lib/Cake/Network/Http/HttpSocket.php(374): CakeSocket->write('GET /customer/r...')
#2 /var/www/bcdoors.it.ucla.edu/cfs/lib/Cake/Network/Http/HttpSocket.php(462): HttpSocket->request(Array)
#3 /var/www/bcdoors.it.ucla.edu/cfs/app/Controller/Component/HttpComponent.php(69): HttpSocket->get('http://localhos...', Array)
#4 /var/www/bcdoors.it.ucla.edu/cfs/app/Controller/CardHolderController.php(259): HttpComponent->get('http://localhos...', Array)
#5 [internal function]: CardHolderController->xml_info()
#6 /var/www/bcdoors.it.ucla.edu/cfs/lib/Cake/Controller/Controller.php(490): ReflectionMethod->invokeArgs(Object(CardHolderController), Array)
#7 /var/www/bcdoors.it.ucla.edu/cfs/lib/Cake/Routing/Dispatcher.php(191): Controller->invokeAction(Object(CakeRequest))
#8 /var/www/bcdoors.it.ucla.edu/cfs/lib/Cake/Routing/Dispatcher.php(165): Dispatcher->_invoke(Object(CardHolderController), Object(CakeRequest))
#9 /var/www/bcdoors.it.ucla.edu/cfs/app/webroot/index.php(110): Dispatcher->dispatch(Object(CakeRequest), Object(CakeResponse))
#10 {main}
2024-06-11 10:23:47 Error: [MissingControllerException] Controller class XmlController could not be found.
Exception Attributes: array (
  'class' => 'XmlController',
  'plugin' => NULL,
)
Request URL: /cfs/xml?uid=700758174
Stack Trace:
#0 /var/www/bcdoors.it.ucla.edu/cfs/app/webroot/index.php(110): Dispatcher->dispatch(Object(CakeRequest), Object(CakeResponse))
#1 {main}
2024-06-11 14:49:13 Error: [MissingControllerException] Controller class XmlController could not be found.
Exception Attributes: array (
  'class' => 'XmlController',
  'plugin' => NULL,
)
Request URL: /cfs/xml
Stack Trace:
#0 /var/www/bcdoors.it.ucla.edu/cfs/app/webroot/index.php(110): Dispatcher->dispatch(Object(CakeRequest), Object(CakeResponse))
#1 {main}
