28-20150327113022719013	2015-03-27	11:30:22.742236	Start App
28-20150327113022719013	2015-03-27	11:30:22.742470	Start Get Card Holder Info - 303726686
28-20150327113022719013	2015-03-27	11:30:22.821741	End Get Card Holder Info - 303726686
28-20150327113022719013	2015-03-27	11:30:22.822153	End App
27-20150327113323151598	2015-03-27	11:33:23.179120	Start App
27-20150327113323151598	2015-03-27	11:33:23.179343	AUDIT - Deposit Status Failed Start|errors=0
27-20150327113323151598	2015-03-27	11:33:26.723965	Start Deposit Status|0=ORDER_ID+%3D+%27804553286-001%27
27-20150327113323151598	2015-03-27	11:33:30.170838	End Deposit Status|0=ORDER_ID+%3D+%27804553286-001%27
27-20150327113323151598	2015-03-27	11:33:30.171190	AUDIT - Deposit Status Success Start|cfss3rv1c3
27-20150327113323151598	2015-03-27	11:33:30.183110	AUDIT - Deposit Status Success End|cfss3rv1c3
27-20150327113323151598	2015-03-27	11:33:30.183222	End App
71-20150327113611445014	2015-03-27	11:36:11.469927	Start App
71-20150327113611445014	2015-03-27	11:36:11.470073	AUDIT - Deposit Status Start|order_id=804553286-001
71-20150327113611445014	2015-03-27	11:36:27.109791	AUDIT - Deposit Status End
71-20150327113611445014	2015-03-27	11:36:27.109964	Start Deposit Status|0=ORDER_ID+%3D+%27804553286-001%27
71-20150327113611445014	2015-03-27	11:36:27.292474	End Deposit Status|0=ORDER_ID+%3D+%27804553286-001%27
71-20150327113611445014	2015-03-27	11:36:27.292764	AUDIT - Deposit Status Success Start|cfss3rv1c3
71-20150327113611445014	2015-03-27	11:36:27.300662	AUDIT - Deposit Status Success End|cfss3rv1c3
71-20150327113611445014	2015-03-27	11:36:27.300816	End App
37-20150327113644830931	2015-03-27	11:36:44.859210	Start App
37-20150327113644830931	2015-03-27	11:36:44.859379	AUDIT - Deposit Status Start|order_id=804553286-001
37-20150327113644830931	2015-03-27	11:37:09.371799	AUDIT - Deposit Status End
37-20150327113644830931	2015-03-27	11:37:09.372089	Start Deposit Status|0=ORDER_ID+%3D+%27804553286-001%27
37-20150327113644830931	2015-03-27	11:37:09.685943	End Deposit Status|0=ORDER_ID+%3D+%27804553286-001%27
37-20150327113644830931	2015-03-27	11:37:09.686204	AUDIT - Deposit Status Success Start|cfss3rv1c3
37-20150327113644830931	2015-03-27	11:37:09.722876	AUDIT - Deposit Status Success End|cfss3rv1c3
37-20150327113644830931	2015-03-27	11:37:09.722992	End App
