49-20150325142045101677	2015-03-25	14:20:45.135681	Start App
49-20150325142045101677	2015-03-25	14:20:45.136681	AUDIT-Deposit Add Start|uid=004487276|amount=50.00|order_id=1422313454-001|stored_value_account=EasyPay
49-20150325142045101677	2015-03-25	14:20:48.765043	AUDIT-Deposit Add End
49-20150325142045101677	2015-03-25	14:20:48.766044	Start Deposit Add Find OrderId: 1422313454-001
49-20150325142045101677	2015-03-25	14:20:49.123079	End Deposit Add Find OrderId: 1422313454-001
49-20150325142045101677	2015-03-25	14:20:49.197087	End App
76-20150325142202846451	2015-03-25	14:22:02.880454	Start App
76-20150325142202846451	2015-03-25	14:22:02.881454	AUDIT-Deposit Add Start|uid=004487276|amount=50.00|order_id=1422313454-005|stored_value_account=EasyPay
76-20150325142202846451	2015-03-25	14:22:03.717538	AUDIT-Deposit Add End
76-20150325142202846451	2015-03-25	14:22:03.719538	Start Deposit Add Find OrderId: 1422313454-005
76-20150325142202846451	2015-03-25	14:22:04.028569	End Deposit Add Find OrderId: 1422313454-005
76-20150325142202846451	2015-03-25	14:22:04.030569	Start Deposit Add|ORDER_ID=1422313454-005|UCLA_ID=004487276|AMOUNT=50.00|ACCOUNT_TYPE=EasyPay|STATUS=pending|REFERENCE_NUMBER=+|REASON=+
76-20150325142202846451	2015-03-25	14:22:04.134580	End Deposit Add|ORDER_ID=1422313454-005|UCLA_ID=004487276|AMOUNT=50.00|ACCOUNT_TYPE=EasyPay|STATUS=pending|REFERENCE_NUMBER=+|REASON=+
76-20150325142202846451	2015-03-25	14:22:04.227589	End App
14-20150325143301224282	2015-03-25	14:33:01.262286	Start App
14-20150325143301224282	2015-03-25	14:33:01.263286	AUDIT-Photo Add Start|uid=999999999%7C888888888|url=999999999.jpg%7CPhoto-url%3D888888888.jpg
68-20150325143842515408	2015-03-25	14:38:42.546411	Start App
68-20150325143842515408	2015-03-25	14:38:42.547411	AUDIT-Photo Add Start|uid=999999999%7C888888888|url=999999999.jpg%7CPhoto-url%3D888888888.jpg
68-20150325143842515408	2015-03-25	14:38:44.682624	AUDIT-Photo Add End|uid=999999999%7C888888888|url=999999999.jpg%7CPhoto-url%3D888888888.jpg
68-20150325143842515408	2015-03-25	14:38:44.683625	Start Photo Add Find UCLA UID: 999999999
68-20150325143842515408	2015-03-25	14:38:45.073664	Start Photo Update Existing for Find UCLA UID: 999999999
68-20150325143842515408	2015-03-25	14:38:45.098666	End Photo Update Existing for Find UCLA UID: 999999999
68-20150325143842515408	2015-03-25	14:38:45.109667	End Photo Add Photo for UCLA UID: 
68-20150325143842515408	2015-03-25	14:38:45.110667	Start Deposit Update Existing for Find UCLA UID: 999999999
68-20150325143842515408	2015-03-25	14:38:45.189675	End Deposit Update Existing for Find UCLA UID: 999999999
68-20150325143842515408	2015-03-25	14:38:45.189675	Start Photo Add Find UCLA UID: 888888888
68-20150325143842515408	2015-03-25	14:38:45.213678	Start Photo Update Existing for Find UCLA UID: 888888888
68-20150325143842515408	2015-03-25	14:38:45.239680	End Photo Update Existing for Find UCLA UID: 888888888
68-20150325143842515408	2015-03-25	14:38:45.242680	End Photo Add Photo for UCLA UID: 
68-20150325143842515408	2015-03-25	14:38:45.242680	Start Deposit Update Existing for Find UCLA UID: 888888888
68-20150325143842515408	2015-03-25	14:38:45.291685	End Deposit Update Existing for Find UCLA UID: 888888888
68-20150325143842515408	2015-03-25	14:38:45.292685	AUDIT - Photo Add Success Start
20-20150325143928919686	2015-03-25	14:39:28.951680	Start App
20-20150325143928919686	2015-03-25	14:39:28.952680	AUDIT-Photo Add Start|uid=999999999%7C888888888|url=999999999.jpg%7CPhoto-url%3D888888888.jpg
20-20150325143928919686	2015-03-25	14:39:29.720526	AUDIT-Photo Add End|uid=999999999%7C888888888|url=999999999.jpg%7CPhoto-url%3D888888888.jpg
20-20150325143928919686	2015-03-25	14:39:29.721526	Start Photo Add Find UCLA UID: 999999999
20-20150325143928919686	2015-03-25	14:39:30.079454	Start Photo Update Existing for Find UCLA UID: 999999999
20-20150325143928919686	2015-03-25	14:39:30.102450	End Photo Update Existing for Find UCLA UID: 999999999
20-20150325143928919686	2015-03-25	14:39:30.119446	End Photo Add Photo for UCLA UID: 
20-20150325143928919686	2015-03-25	14:39:30.119446	Start Deposit Update Existing for Find UCLA UID: 999999999
20-20150325143928919686	2015-03-25	14:39:30.171436	End Deposit Update Existing for Find UCLA UID: 999999999
20-20150325143928919686	2015-03-25	14:39:30.172436	Start Photo Add Find UCLA UID: 888888888
20-20150325143928919686	2015-03-25	14:39:30.193431	Start Photo Update Existing for Find UCLA UID: 888888888
20-20150325143928919686	2015-03-25	14:39:30.219426	End Photo Update Existing for Find UCLA UID: 888888888
20-20150325143928919686	2015-03-25	14:39:30.222426	End Photo Add Photo for UCLA UID: 
20-20150325143928919686	2015-03-25	14:39:30.222426	Start Deposit Update Existing for Find UCLA UID: 888888888
20-20150325143928919686	2015-03-25	14:39:30.274415	End Deposit Update Existing for Find UCLA UID: 888888888
20-20150325143928919686	2015-03-25	14:39:30.276415	AUDIT - Photo Add Success Start
72-20150325144044420583	2015-03-25	14:40:44.460575	Start App
72-20150325144044420583	2015-03-25	14:40:44.461575	AUDIT-Photo Add Start|uid=999999999%7C888888888|url=999999999.jpg%7CPhoto-url%3D888888888.jpg
72-20150325144044420583	2015-03-25	14:40:51.680131	AUDIT-Photo Add End|uid=999999999%7C888888888|url=999999999.jpg%7CPhoto-url%3D888888888.jpg
72-20150325144044420583	2015-03-25	14:40:51.682130	Start Photo Add Find UCLA UID: 999999999
72-20150325144044420583	2015-03-25	14:40:51.997067	Start Photo Update Existing for Find UCLA UID: 999999999
72-20150325144044420583	2015-03-25	14:40:52.022062	End Photo Update Existing for Find UCLA UID: 999999999
72-20150325144044420583	2015-03-25	14:40:52.023062	End Photo Add Photo for UCLA UID: 999999999
72-20150325144044420583	2015-03-25	14:40:52.025062	Start Deposit Update Existing for Find UCLA UID: 999999999
72-20150325144044420583	2015-03-25	14:40:52.080051	End Deposit Update Existing for Find UCLA UID: 999999999
72-20150325144044420583	2015-03-25	14:40:52.081051	Start Photo Add Find UCLA UID: 888888888
72-20150325144044420583	2015-03-25	14:40:52.110045	Start Photo Update Existing for Find UCLA UID: 888888888
72-20150325144044420583	2015-03-25	14:40:52.146038	End Photo Update Existing for Find UCLA UID: 888888888
72-20150325144044420583	2015-03-25	14:40:52.149037	End Photo Add Photo for UCLA UID: 888888888
72-20150325144044420583	2015-03-25	14:40:52.156036	Start Deposit Update Existing for Find UCLA UID: 888888888
72-20150325144044420583	2015-03-25	14:40:52.214024	End Deposit Update Existing for Find UCLA UID: 888888888
72-20150325144044420583	2015-03-25	14:40:52.215024	AUDIT - Photo Add Success Start
77-20150325144254507560	2015-03-25	14:42:54.539554	Start App
77-20150325144254507560	2015-03-25	14:42:54.540554	AUDIT-Photo Add Start|uid=999999999%7C888888888|url=999999999.jpg%7CPhoto-url%3D888888888.jpg
77-20150325144254507560	2015-03-25	14:43:18.467767	AUDIT-Photo Add End|uid=999999999%7C888888888|url=999999999.jpg%7CPhoto-url%3D888888888.jpg
77-20150325144254507560	2015-03-25	14:43:18.471767	Start Photo Add Find UCLA UID: 999999999
77-20150325144254507560	2015-03-25	14:43:18.827695	Start Photo Update Existing for Find UCLA UID: 999999999
77-20150325144254507560	2015-03-25	14:43:18.855690	End Photo Update Existing for Find UCLA UID: 999999999
77-20150325144254507560	2015-03-25	14:43:18.856690	End Photo Add Photo for UCLA UID: 999999999
77-20150325144254507560	2015-03-25	14:43:18.857689	Start Deposit Update Existing for Find UCLA UID: 999999999
77-20150325144254507560	2015-03-25	14:43:18.905680	End Deposit Update Existing for Find UCLA UID: 999999999
77-20150325144254507560	2015-03-25	14:43:18.906680	Start Photo Add Find UCLA UID: 888888888
77-20150325144254507560	2015-03-25	14:43:18.934674	Start Photo Update Existing for Find UCLA UID: 888888888
77-20150325144254507560	2015-03-25	14:43:18.962668	End Photo Update Existing for Find UCLA UID: 888888888
77-20150325144254507560	2015-03-25	14:43:18.966668	End Photo Add Photo for UCLA UID: 888888888
77-20150325144254507560	2015-03-25	14:43:18.967667	Start Deposit Update Existing for Find UCLA UID: 888888888
77-20150325144254507560	2015-03-25	14:43:19.015658	End Deposit Update Existing for Find UCLA UID: 888888888
77-20150325144254507560	2015-03-25	14:43:19.016658	AUDIT - Photo Add Success Start
77-20150325144254507560	2015-03-25	14:43:19.100641	AUDIT - Photo Add Success End
77-20150325144254507560	2015-03-25	14:43:19.101641	End App
98-20150325144735208598	2015-03-25	14:47:35.243598	Start App
98-20150325144735208598	2015-03-25	14:47:35.244598	AUDIT - Deposit Add Start|uid=004487276|amount=50.00|order_id=1422313454-005|stored_value_account=EasyPay
98-20150325144735208598	2015-03-25	14:47:36.808598	AUDIT - Deposit Add End
98-20150325144735208598	2015-03-25	14:47:36.811598	Start Deposit Add Find OrderId: 1422313454-005
98-20150325144735208598	2015-03-25	14:47:37.109598	End Deposit Add Find OrderId: 1422313454-005
98-20150325144735208598	2015-03-25	14:47:37.110598	AUDIT - Find BruinCard Holder Results Start
98-20150325144735208598	2015-03-25	14:47:37.190598	AUDIT - Find BruinCard Holder Results End
98-20150325144735208598	2015-03-25	14:47:37.191598	End App
14-20150325145102331598	2015-03-25	14:51:02.363598	Start App
14-20150325145102331598	2015-03-25	14:51:02.364598	AUDIT - Deposit Add Start|uid=004487276|amount=50.00|order_id=1422313454-005|stored_value_account=EasyPay
14-20150325145102331598	2015-03-25	14:51:26.475598	AUDIT - Deposit Add End
14-20150325145102331598	2015-03-25	14:51:26.478598	Start Deposit Add Find OrderId: 1422313454-005
14-20150325145102331598	2015-03-25	14:51:26.858598	End Deposit Add Find OrderId: 1422313454-005
14-20150325145102331598	2015-03-25	14:51:26.861598	AUDIT - Find BruinCard Holder Results Start
14-20150325145102331598	2015-03-25	14:51:26.947598	AUDIT - Find BruinCard Holder Results End
14-20150325145102331598	2015-03-25	14:51:26.948598	End App
54-20150325145112153598	2015-03-25	14:51:26.951598	Start App
54-20150325145112153598	2015-03-25	14:51:26.952598	AUDIT-Photo Add Start|uid=999999999%7C888888888|url=999999999.jpg%7CPhoto-url%3D888888888.jpg
54-20150325145112153598	2015-03-25	14:51:56.528598	AUDIT-Photo Add End|uid=999999999%7C888888888|url=999999999.jpg%7CPhoto-url%3D888888888.jpg
54-20150325145112153598	2015-03-25	14:51:56.529598	Start Photo Add Find UCLA UID: 999999999
54-20150325145112153598	2015-03-25	14:51:56.879598	Start Photo Update Existing for Find UCLA UID: 999999999
54-20150325145112153598	2015-03-25	14:51:56.902598	End Photo Update Existing for Find UCLA UID: 999999999
54-20150325145112153598	2015-03-25	14:51:56.902598	End Photo Add Photo for UCLA UID: 999999999
54-20150325145112153598	2015-03-25	14:51:56.903598	Start Deposit Update Existing for Find UCLA UID: 999999999
54-20150325145112153598	2015-03-25	14:51:56.952598	End Deposit Update Existing for Find UCLA UID: 999999999
54-20150325145112153598	2015-03-25	14:51:56.953598	Start Photo Add Find UCLA UID: 888888888
54-20150325145112153598	2015-03-25	14:51:56.975598	Start Photo Update Existing for Find UCLA UID: 888888888
54-20150325145112153598	2015-03-25	14:51:56.997598	End Photo Update Existing for Find UCLA UID: 888888888
54-20150325145112153598	2015-03-25	14:51:56.997598	End Photo Add Photo for UCLA UID: 888888888
54-20150325145112153598	2015-03-25	14:51:56.998598	Start Deposit Update Existing for Find UCLA UID: 888888888
54-20150325145112153598	2015-03-25	14:51:57.048598	End Deposit Update Existing for Find UCLA UID: 888888888
54-20150325145112153598	2015-03-25	14:51:57.049598	AUDIT - Photo Add Success Start
54-20150325145112153598	2015-03-25	14:51:57.130598	AUDIT - Photo Add Success End
54-20150325145112153598	2015-03-25	14:51:57.132598	End App
44-20150325145746956598	2015-03-25	14:57:46.988598	Start App
44-20150325145746956598	2015-03-25	14:57:46.988598	AUDIT -  Photo Status Start|uid=999999999%7C303726686
44-20150325145746956598	2015-03-25	14:57:48.872598	AUDIT -  Photo Status End
44-20150325145746956598	2015-03-25	14:57:48.873598	Start Photo Find Pending Start
44-20150325145746956598	2015-03-25	14:57:49.133598	Start Photo Find Pending End
44-20150325145746956598	2015-03-25	14:57:49.135598	AUDIT - Photo Status Success Start|cfss3rv1c3
44-20150325145746956598	2015-03-25	14:57:49.220598	AUDIT - Photo Status Success End|cfss3rv1c3
44-20150325145746956598	2015-03-25	14:57:49.221598	End App
